Level: Info
Date: 2023-09-20 17:49:44 
File: D:\Projects\Github\NewInspect\NewInspect\MainWindow.xaml.cs
Line: 37
Data:MainWindow Setup

Level: Info
Date: 2023-09-20 17:49:52 
File: D:\Projects\Github\NewInspect\NewInspect\Automation\HightLight.cs
Line: 93
Data:time elapsed, flag:True, x:728, y: 580

Level: Info
Date: 2023-09-20 17:49:52 
File: D:\Projects\Github\NewInspect\NewInspect\Automation\HightLight.cs
Line: 109
Data:mouse select start: element name OneNote

Level: Info
Date: 2023-09-20 17:49:52 
File: D:\Projects\Github\NewInspect\NewInspect\Automation\Util.cs
Line: 116
Data:mouse select pathToRoot count:5, target:OneNote, GridViewItem, tile-W~Microsoft.Office.ONENOTE.EXE.15 

Level: Info
Date: 2023-09-20 17:49:52 
File: D:\Projects\Github\NewInspect\NewInspect\Automation\Util.cs
Line: 127
Data:mouse select pathToRoot pop: target:开始, Windows.UI.Core.CoreWindow, , 42,131994 

Level: Info
Date: 2023-09-20 17:49:54 
File: D:\Projects\Github\NewInspect\NewInspect\Automation\Util.cs
Line: 127
Data:mouse select pathToRoot pop: target:, , LauncherFrameXAMLWindow, 42,131994,4,1 

Level: Info
Date: 2023-09-20 17:49:54 
File: D:\Projects\Github\NewInspect\NewInspect\Automation\Util.cs
Line: 127
Data:mouse select pathToRoot pop: target:, StartMenu.PinnedListAutomationPeer, StartMenuPinnedList, 42,131994,4,6 

Level: Info
Date: 2023-09-20 17:49:54 
File: D:\Projects\Github\NewInspect\NewInspect\Automation\Util.cs
Line: 127
Data:mouse select pathToRoot pop: target:已固定, GridView, PinnedList, 42,131994,4,19 

Level: Info
Date: 2023-09-20 17:49:54 
File: D:\Projects\Github\NewInspect\NewInspect\Automation\Util.cs
Line: 127
Data:mouse select pathToRoot pop: target:OneNote, GridViewItem, tile-W~Microsoft.Office.ONENOTE.EXE.15, 42,131994,4,42 

Level: Info
Date: 2023-09-20 17:49:54 
File: D:\Projects\Github\NewInspect\NewInspect\Automation\HightLight.cs
Line: 93
Data:time elapsed, flag:False, x:741, y: 580

Level: Info
Date: 2023-09-20 17:49:54 
File: D:\Projects\Github\NewInspect\NewInspect\Automation\HightLight.cs
Line: 114
Data:mouse select end: element name OneNote

Level: Info
Date: 2023-09-20 17:49:56 
File: D:\Projects\Github\NewInspect\NewInspect\Automation\HightLight.cs
Line: 93
Data:time elapsed, flag:True, x:751, y: 582

Level: Info
Date: 2023-09-20 17:49:58 
File: D:\Projects\Github\NewInspect\NewInspect\Automation\HightLight.cs
Line: 93
Data:time elapsed, flag:True, x:751, y: 582

Level: Info
Date: 2023-09-20 17:50:00 
File: D:\Projects\Github\NewInspect\NewInspect\Automation\HightLight.cs
Line: 93
Data:time elapsed, flag:True, x:751, y: 582

Level: Info
Date: 2023-09-20 17:50:02 
File: D:\Projects\Github\NewInspect\NewInspect\Automation\HightLight.cs
Line: 93
Data:time elapsed, flag:True, x:751, y: 582

Level: Info
Date: 2023-09-20 17:50:04 
File: D:\Projects\Github\NewInspect\NewInspect\Automation\HightLight.cs
Line: 93
Data:time elapsed, flag:True, x:751, y: 582

Level: Info
Date: 2023-09-20 17:50:06 
File: D:\Projects\Github\NewInspect\NewInspect\Automation\HightLight.cs
Line: 93
Data:time elapsed, flag:True, x:751, y: 582

Level: Info
Date: 2023-09-20 17:50:08 
File: D:\Projects\Github\NewInspect\NewInspect\Automation\HightLight.cs
Line: 93
Data:time elapsed, flag:True, x:819, y: 582

Level: Info
Date: 2023-09-20 17:50:10 
File: D:\Projects\Github\NewInspect\NewInspect\Automation\HightLight.cs
Line: 93
Data:time elapsed, flag:True, x:1137, y: 611

Level: Info
Date: 2023-09-20 17:50:10 
File: D:\Projects\Github\NewInspect\NewInspect\Automation\HightLight.cs
Line: 109
Data:mouse select start: element name 

Level: Info
Date: 2023-09-20 17:50:10 
File: D:\Projects\Github\NewInspect\NewInspect\Automation\Util.cs
Line: 116
Data:mouse select pathToRoot count:2, target:, Window,  

Level: Info
Date: 2023-09-20 17:50:10 
File: D:\Projects\Github\NewInspect\NewInspect\Automation\Util.cs
Line: 127
Data:mouse select pathToRoot pop: target:MainWindow, Window, , 42,1118584 

Level: Info
Date: 2023-09-20 17:50:10 
File: D:\Projects\Github\NewInspect\NewInspect\Automation\Util.cs
Line: 127
Data:mouse select pathToRoot pop: target:, Window, , 42,790554 

Level: Info
Date: 2023-09-20 17:50:10 
File: D:\Projects\Github\NewInspect\NewInspect\Automation\HightLight.cs
Line: 114
Data:mouse select end: element name 

Level: Info
Date: 2023-09-20 17:50:12 
File: D:\Projects\Github\NewInspect\NewInspect\Automation\HightLight.cs
Line: 93
Data:time elapsed, flag:True, x:799, y: 929

Level: Info
Date: 2023-09-20 17:50:14 
File: D:\Projects\Github\NewInspect\NewInspect\Automation\HightLight.cs
Line: 93
Data:time elapsed, flag:True, x:694, y: 861

Level: Info
Date: 2023-09-20 17:50:16 
File: D:\Projects\Github\NewInspect\NewInspect\Automation\HightLight.cs
Line: 93
Data:time elapsed, flag:True, x:689, y: 556

Level: Info
Date: 2023-09-20 17:50:18 
File: D:\Projects\Github\NewInspect\NewInspect\Automation\HightLight.cs
Line: 93
Data:time elapsed, flag:True, x:-1593, y: 893

Level: Info
Date: 2023-09-20 17:50:20 
File: D:\Projects\Github\NewInspect\NewInspect\Automation\HightLight.cs
Line: 93
Data:time elapsed, flag:True, x:1471, y: 1419

Level: Info
Date: 2023-09-20 17:50:20 
File: D:\Projects\Github\NewInspect\NewInspect\Automation\HightLight.cs
Line: 109
Data:mouse select start: element name AutomationFuncLib - Microsoft Visual Studio

Level: Info
Date: 2023-09-20 17:50:20 
File: D:\Projects\Github\NewInspect\NewInspect\Automation\Util.cs
Line: 116
Data:mouse select pathToRoot count:1, target:AutomationFuncLib - Microsoft Visual Studio, Window, VisualStudioMainWindow 

Level: Info
Date: 2023-09-20 17:50:20 
File: D:\Projects\Github\NewInspect\NewInspect\Automation\Util.cs
Line: 127
Data:mouse select pathToRoot pop: target:AutomationFuncLib - Microsoft Visual Studio, Window, VisualStudioMainWindow, 42,4263372 

Level: Info
Date: 2023-09-20 17:50:20 
File: D:\Projects\Github\NewInspect\NewInspect\Automation\HightLight.cs
Line: 114
Data:mouse select end: element name AutomationFuncLib - Microsoft Visual Studio

Level: Info
Date: 2023-09-20 17:50:22 
File: D:\Projects\Github\NewInspect\NewInspect\Automation\HightLight.cs
Line: 93
Data:time elapsed, flag:True, x:1342, y: 1378

Level: Info
Date: 2023-09-20 17:50:22 
File: D:\Projects\Github\NewInspect\NewInspect\Automation\HightLight.cs
Line: 109
Data:mouse select start: element name 微信

Level: Info
Date: 2023-09-20 17:50:22 
File: D:\Projects\Github\NewInspect\NewInspect\Automation\Util.cs
Line: 116
Data:mouse select pathToRoot count:1, target:微信, WeChatMainWndForPC,  

Level: Info
Date: 2023-09-20 17:50:22 
File: D:\Projects\Github\NewInspect\NewInspect\Automation\Util.cs
Line: 127
Data:mouse select pathToRoot pop: target:微信, WeChatMainWndForPC, , 42,397470 

Level: Info
Date: 2023-09-20 17:50:22 
File: D:\Projects\Github\NewInspect\NewInspect\Automation\HightLight.cs
Line: 114
Data:mouse select end: element name 微信

Level: Info
Date: 2023-09-20 17:50:24 
File: D:\Projects\Github\NewInspect\NewInspect\Automation\HightLight.cs
Line: 93
Data:time elapsed, flag:True, x:1401, y: 843

Level: Info
Date: 2023-09-20 17:50:24 
File: D:\Projects\Github\NewInspect\NewInspect\Automation\HightLight.cs
Line: 109
Data:mouse select start: element name 

Level: Info
Date: 2023-09-20 17:50:24 
File: D:\Projects\Github\NewInspect\NewInspect\Automation\Util.cs
Line: 116
Data:mouse select pathToRoot count:4, target:, Chrome_RenderWidgetHostHWND, 14386112 

Level: Info
Date: 2023-09-20 17:50:24 
File: D:\Projects\Github\NewInspect\NewInspect\Automation\Util.cs
Line: 127
Data:mouse select pathToRoot pop: target:微信, WeChatMainWndForPC, , 42,397470 

Level: Info
Date: 2023-09-20 17:50:24 
File: D:\Projects\Github\NewInspect\NewInspect\Automation\Util.cs
Line: 127
Data:mouse select pathToRoot pop: target:CWebviewHostWnd, CWebviewControlHostWnd, , 42,135404 

Level: Info
Date: 2023-09-20 17:50:24 
File: D:\Projects\Github\NewInspect\NewInspect\Automation\Util.cs
Line: 127
Data:mouse select pathToRoot pop: target:, Chrome_WidgetWin_0, , 42,200942 

Level: Info
Date: 2023-09-20 17:50:24 
File: D:\Projects\Github\NewInspect\NewInspect\Automation\Util.cs
Line: 127
Data:mouse select pathToRoot pop: target:, Chrome_RenderWidgetHostHWND, 14386112, 42,200972,4,-92 

Level: Info
Date: 2023-09-20 17:50:24 
File: D:\Projects\Github\NewInspect\NewInspect\Automation\HightLight.cs
Line: 114
Data:mouse select end: element name 

Level: Info
Date: 2023-09-20 17:50:26 
File: D:\Projects\Github\NewInspect\NewInspect\Automation\HightLight.cs
Line: 93
Data:time elapsed, flag:True, x:1408, y: 819

Level: Info
Date: 2023-09-20 17:50:28 
File: D:\Projects\Github\NewInspect\NewInspect\Automation\HightLight.cs
Line: 93
Data:time elapsed, flag:True, x:1408, y: 819

Level: Info
Date: 2023-09-20 17:50:28 
File: D:\Projects\Github\NewInspect\NewInspect\Automation\HightLight.cs
Line: 109
Data:mouse select start: element name 六点半

Level: Info
Date: 2023-09-20 17:50:28 
File: D:\Projects\Github\NewInspect\NewInspect\Automation\Util.cs
Line: 116
Data:mouse select pathToRoot count:11, target:六点半, ,  

Level: Info
Date: 2023-09-20 17:50:28 
File: D:\Projects\Github\NewInspect\NewInspect\Automation\Util.cs
Line: 127
Data:mouse select pathToRoot pop: target:微信, WeChatMainWndForPC, , 42,397470 

Level: Info
Date: 2023-09-20 17:50:28 
File: D:\Projects\Github\NewInspect\NewInspect\Automation\Util.cs
Line: 127
Data:mouse select pathToRoot pop: target:CWebviewHostWnd, CWebviewControlHostWnd, , 42,135404 

Level: Info
Date: 2023-09-20 17:50:28 
File: D:\Projects\Github\NewInspect\NewInspect\Automation\Util.cs
Line: 127
Data:mouse select pathToRoot pop: target:, Chrome_WidgetWin_0, , 42,200942 

Level: Info
Date: 2023-09-20 17:50:28 
File: D:\Projects\Github\NewInspect\NewInspect\Automation\Util.cs
Line: 127
Data:mouse select pathToRoot pop: target:, Chrome_RenderWidgetHostHWND, 14386112, 42,200972,4,-92 

Level: Info
Date: 2023-09-20 17:50:28 
File: D:\Projects\Github\NewInspect\NewInspect\Automation\Util.cs
Line: 127
Data:mouse select pathToRoot pop: target:, , , 42,200972,4,-95 

Level: Info
Date: 2023-09-20 17:50:28 
File: D:\Projects\Github\NewInspect\NewInspect\Automation\Util.cs
Line: 127
Data:mouse select pathToRoot pop: target:, , , 42,200972,4,-96 

Level: Info
Date: 2023-09-20 17:50:28 
File: D:\Projects\Github\NewInspect\NewInspect\Automation\Util.cs
Line: 127
Data:mouse select pathToRoot pop: target:, , , 42,200972,4,-97 

Level: Info
Date: 2023-09-20 17:50:28 
File: D:\Projects\Github\NewInspect\NewInspect\Automation\Util.cs
Line: 127
Data:mouse select pathToRoot pop: target:, , , 42,200972,4,-102 

Level: Info
Date: 2023-09-20 17:50:28 
File: D:\Projects\Github\NewInspect\NewInspect\Automation\Util.cs
Line: 127
Data:mouse select pathToRoot pop: target:, , , 42,200972,4,-9297 

Level: Info
Date: 2023-09-20 17:50:28 
File: D:\Projects\Github\NewInspect\NewInspect\Automation\Util.cs
Line: 127
Data:mouse select pathToRoot pop: target:, , , 42,200972,4,-9314 

Level: Info
Date: 2023-09-20 17:50:28 
File: D:\Projects\Github\NewInspect\NewInspect\Automation\Util.cs
Line: 127
Data:mouse select pathToRoot pop: target:六点半, , , 42,200972,4,-9316 

Level: Info
Date: 2023-09-20 17:50:28 
File: D:\Projects\Github\NewInspect\NewInspect\Automation\HightLight.cs
Line: 114
Data:mouse select end: element name 六点半

Level: Info
Date: 2023-09-20 17:50:30 
File: D:\Projects\Github\NewInspect\NewInspect\Automation\HightLight.cs
Line: 93
Data:time elapsed, flag:True, x:1408, y: 819

Level: Info
Date: 2023-09-20 17:50:32 
File: D:\Projects\Github\NewInspect\NewInspect\Automation\HightLight.cs
Line: 93
Data:time elapsed, flag:True, x:1408, y: 819

Level: Info
Date: 2023-09-20 17:50:34 
File: D:\Projects\Github\NewInspect\NewInspect\Automation\HightLight.cs
Line: 93
Data:time elapsed, flag:True, x:1408, y: 819

Level: Info
Date: 2023-09-20 17:50:36 
File: D:\Projects\Github\NewInspect\NewInspect\Automation\HightLight.cs
Line: 93
Data:time elapsed, flag:True, x:1408, y: 819

Level: Info
Date: 2023-09-20 17:50:38 
File: D:\Projects\Github\NewInspect\NewInspect\Automation\HightLight.cs
Line: 93
Data:time elapsed, flag:True, x:-3086, y: 1430

Level: Info
Date: 2023-09-20 17:50:38 
File: D:\Projects\Github\NewInspect\NewInspect\Automation\HightLight.cs
Line: 109
Data:mouse select start: element name Text Editor

Level: Info
Date: 2023-09-20 17:50:38 
File: D:\Projects\Github\NewInspect\NewInspect\Automation\Util.cs
Line: 116
Data:mouse select pathToRoot count:8, target:Text Editor, WpfTextView, WpfTextView 

Level: Info
Date: 2023-09-20 17:50:38 
File: D:\Projects\Github\NewInspect\NewInspect\Automation\Util.cs
Line: 127
Data:mouse select pathToRoot pop: target:NewInspect (正在运行) - Microsoft Visual Studio(管理员), Window, VisualStudioMainWindow, 42,922152 

Level: Info
Date: 2023-09-20 17:50:38 
File: D:\Projects\Github\NewInspect\NewInspect\Automation\Util.cs
Line: 127
Data:mouse select pathToRoot pop: target:, DockRoot, , 7,46260,13920253 

Level: Info
Date: 2023-09-20 17:50:38 
File: D:\Projects\Github\NewInspect\NewInspect\Automation\Util.cs
Line: 127
Data:mouse select pathToRoot pop: target:, DocumentGroup, , 7,46260,62364611 

Level: Info
Date: 2023-09-20 17:50:38 
File: D:\Projects\Github\NewInspect\NewInspect\Automation\Util.cs
Line: 127
Data:mouse select pathToRoot pop: target:Util.cs, TabItem, , 7,46260,43040357 

Level: Info
Date: 2023-09-20 17:50:38 
File: D:\Projects\Github\NewInspect\NewInspect\Automation\Util.cs
Line: 127
Data:mouse select pathToRoot pop: target:Util.cs, ViewPresenter, D:0:0:{2BFF6007-1B65-4A99-8893-D59103165780}|NewInspect\NewInspect.csproj|D:\Projects\Github\NewInspect\newinspect\automation\util.cs||{A6C744A8-0E4A-4FC6-886A-064283054674}, 7,46260,10252986 

Level: Info
Date: 2023-09-20 17:50:38 
File: D:\Projects\Github\NewInspect\NewInspect\Automation\Util.cs
Line: 127
Data:mouse select pathToRoot pop: target:Util.cs, GenericPane, , 7,46260,29476029 

Level: Info
Date: 2023-09-20 17:50:38 
File: D:\Projects\Github\NewInspect\NewInspect\Automation\Util.cs
Line: 127
Data:mouse select pathToRoot pop: target:, , WpfTextViewHost, 7,46260,63957673 

Level: Info
Date: 2023-09-20 17:50:38 
File: D:\Projects\Github\NewInspect\NewInspect\Automation\Util.cs
Line: 127
Data:mouse select pathToRoot pop: target:Text Editor, WpfTextView, WpfTextView, 7,46260,38748148 

Level: Info
Date: 2023-09-20 17:50:38 
File: D:\Projects\Github\NewInspect\NewInspect\Automation\HightLight.cs
Line: 114
Data:mouse select end: element name Text Editor

Level: Info
Date: 2023-09-20 17:50:40 
File: D:\Projects\Github\NewInspect\NewInspect\Automation\HightLight.cs
Line: 93
Data:time elapsed, flag:True, x:-2858, y: 1090

Level: Info
Date: 2023-09-20 17:50:40 
File: D:\Projects\Github\NewInspect\NewInspect\Automation\HightLight.cs
Line: 109
Data:mouse select start: element name Projects

Level: Info
Date: 2023-09-20 17:50:40 
File: D:\Projects\Github\NewInspect\NewInspect\Automation\Util.cs
Line: 116
Data:mouse select pathToRoot count:8, target:Projects, ComboBox, ProjectsList 

Level: Info
Date: 2023-09-20 17:50:40 
File: D:\Projects\Github\NewInspect\NewInspect\Automation\Util.cs
Line: 127
Data:mouse select pathToRoot pop: target:NewInspect (正在运行) - Microsoft Visual Studio(管理员), Window, VisualStudioMainWindow, 42,922152 

Level: Info
Date: 2023-09-20 17:50:40 
File: D:\Projects\Github\NewInspect\NewInspect\Automation\Util.cs
Line: 127
Data:mouse select pathToRoot pop: target:, DockRoot, , 7,46260,13920253 

Level: Info
Date: 2023-09-20 17:50:40 
File: D:\Projects\Github\NewInspect\NewInspect\Automation\Util.cs
Line: 127
Data:mouse select pathToRoot pop: target:, DocumentGroup, , 7,46260,62364611 

Level: Info
Date: 2023-09-20 17:50:40 
File: D:\Projects\Github\NewInspect\NewInspect\Automation\Util.cs
Line: 127
Data:mouse select pathToRoot pop: target:Util.cs, TabItem, , 7,46260,43040357 

Level: Info
Date: 2023-09-20 17:50:40 
File: D:\Projects\Github\NewInspect\NewInspect\Automation\Util.cs
Line: 127
Data:mouse select pathToRoot pop: target:Util.cs, ViewPresenter, D:0:0:{2BFF6007-1B65-4A99-8893-D59103165780}|NewInspect\NewInspect.csproj|D:\Projects\Github\NewInspect\newinspect\automation\util.cs||{A6C744A8-0E4A-4FC6-886A-064283054674}, 7,46260,10252986 

Level: Info
Date: 2023-09-20 17:50:40 
File: D:\Projects\Github\NewInspect\NewInspect\Automation\Util.cs
Line: 127
Data:mouse select pathToRoot pop: target:Util.cs, GenericPane, , 7,46260,29476029 

Level: Info
Date: 2023-09-20 17:50:40 
File: D:\Projects\Github\NewInspect\NewInspect\Automation\Util.cs
Line: 127
Data:mouse select pathToRoot pop: target:, , WpfTextViewHost, 7,46260,63957673 

Level: Info
Date: 2023-09-20 17:50:40 
File: D:\Projects\Github\NewInspect\NewInspect\Automation\Util.cs
Line: 127
Data:mouse select pathToRoot pop: target:Projects, ComboBox, ProjectsList, 7,46260,42842038 

Level: Info
Date: 2023-09-20 17:50:40 
File: D:\Projects\Github\NewInspect\NewInspect\Automation\HightLight.cs
Line: 114
Data:mouse select end: element name Projects

Level: Info
Date: 2023-09-20 17:50:42 
File: D:\Projects\Github\NewInspect\NewInspect\Automation\HightLight.cs
Line: 93
Data:time elapsed, flag:True, x:-2820, y: 1744

Level: Info
Date: 2023-09-20 17:50:42 
File: D:\Projects\Github\NewInspect\NewInspect\Automation\HightLight.cs
Line: 109
Data:mouse select start: element name Text Editor

Level: Info
Date: 2023-09-20 17:50:42 
File: D:\Projects\Github\NewInspect\NewInspect\Automation\Util.cs
Line: 116
Data:mouse select pathToRoot count:8, target:Text Editor, WpfTextView, WpfTextView 

Level: Info
Date: 2023-09-20 17:50:42 
File: D:\Projects\Github\NewInspect\NewInspect\Automation\Util.cs
Line: 127
Data:mouse select pathToRoot pop: target:NewInspect (正在运行) - Microsoft Visual Studio(管理员), Window, VisualStudioMainWindow, 42,922152 

Level: Info
Date: 2023-09-20 17:50:42 
File: D:\Projects\Github\NewInspect\NewInspect\Automation\Util.cs
Line: 127
Data:mouse select pathToRoot pop: target:, DockRoot, , 7,46260,13920253 

Level: Info
Date: 2023-09-20 17:50:42 
File: D:\Projects\Github\NewInspect\NewInspect\Automation\Util.cs
Line: 127
Data:mouse select pathToRoot pop: target:, DocumentGroup, , 7,46260,62364611 

Level: Info
Date: 2023-09-20 17:50:42 
File: D:\Projects\Github\NewInspect\NewInspect\Automation\Util.cs
Line: 127
Data:mouse select pathToRoot pop: target:Util.cs, TabItem, , 7,46260,43040357 

Level: Info
Date: 2023-09-20 17:50:42 
File: D:\Projects\Github\NewInspect\NewInspect\Automation\Util.cs
Line: 127
Data:mouse select pathToRoot pop: target:Util.cs, ViewPresenter, D:0:0:{2BFF6007-1B65-4A99-8893-D59103165780}|NewInspect\NewInspect.csproj|D:\Projects\Github\NewInspect\newinspect\automation\util.cs||{A6C744A8-0E4A-4FC6-886A-064283054674}, 7,46260,10252986 

Level: Info
Date: 2023-09-20 17:50:42 
File: D:\Projects\Github\NewInspect\NewInspect\Automation\Util.cs
Line: 127
Data:mouse select pathToRoot pop: target:Util.cs, GenericPane, , 7,46260,29476029 

Level: Info
Date: 2023-09-20 17:50:42 
File: D:\Projects\Github\NewInspect\NewInspect\Automation\Util.cs
Line: 127
Data:mouse select pathToRoot pop: target:, , WpfTextViewHost, 7,46260,63957673 

Level: Info
Date: 2023-09-20 17:50:42 
File: D:\Projects\Github\NewInspect\NewInspect\Automation\Util.cs
Line: 127
Data:mouse select pathToRoot pop: target:Text Editor, WpfTextView, WpfTextView, 7,46260,38748148 

Level: Info
Date: 2023-09-20 17:50:42 
File: D:\Projects\Github\NewInspect\NewInspect\Automation\HightLight.cs
Line: 114
Data:mouse select end: element name Text Editor

Level: Info
Date: 2023-09-20 17:50:44 
File: D:\Projects\Github\NewInspect\NewInspect\Automation\HightLight.cs
Line: 93
Data:time elapsed, flag:True, x:-2824, y: 1746

Level: Info
Date: 2023-09-20 17:50:46 
File: D:\Projects\Github\NewInspect\NewInspect\Automation\HightLight.cs
Line: 93
Data:time elapsed, flag:True, x:1175, y: 898

Level: Info
Date: 2023-09-20 17:50:46 
File: D:\Projects\Github\NewInspect\NewInspect\Automation\HightLight.cs
Line: 109
Data:mouse select start: element name 

Level: Info
Date: 2023-09-20 17:50:46 
File: D:\Projects\Github\NewInspect\NewInspect\Automation\Util.cs
Line: 116
Data:mouse select pathToRoot count:4, target:, Chrome_RenderWidgetHostHWND, 14386112 

Level: Info
Date: 2023-09-20 17:50:46 
File: D:\Projects\Github\NewInspect\NewInspect\Automation\Util.cs
Line: 127
Data:mouse select pathToRoot pop: target:微信, WeChatMainWndForPC, , 42,397470 

Level: Info
Date: 2023-09-20 17:50:46 
File: D:\Projects\Github\NewInspect\NewInspect\Automation\Util.cs
Line: 127
Data:mouse select pathToRoot pop: target:CWebviewHostWnd, CWebviewControlHostWnd, , 42,135404 

Level: Info
Date: 2023-09-20 17:50:46 
File: D:\Projects\Github\NewInspect\NewInspect\Automation\Util.cs
Line: 127
Data:mouse select pathToRoot pop: target:, Chrome_WidgetWin_0, , 42,200942 

Level: Info
Date: 2023-09-20 17:50:46 
File: D:\Projects\Github\NewInspect\NewInspect\Automation\Util.cs
Line: 127
Data:mouse select pathToRoot pop: target:, Chrome_RenderWidgetHostHWND, 14386112, 42,200972,4,-92 

Level: Info
Date: 2023-09-20 17:50:46 
File: D:\Projects\Github\NewInspect\NewInspect\Automation\HightLight.cs
Line: 114
Data:mouse select end: element name 

Level: Info
Date: 2023-09-20 17:50:48 
File: D:\Projects\Github\NewInspect\NewInspect\Automation\HightLight.cs
Line: 93
Data:time elapsed, flag:True, x:86, y: 691

Level: Info
Date: 2023-09-20 17:50:48 
File: D:\Projects\Github\NewInspect\NewInspect\Automation\HightLight.cs
Line: 109
Data:mouse select start: element name 微信

Level: Info
Date: 2023-09-20 17:50:48 
File: D:\Projects\Github\NewInspect\NewInspect\Automation\Util.cs
Line: 116
Data:mouse select pathToRoot count:1, target:微信, WeChatMainWndForPC,  

Level: Info
Date: 2023-09-20 17:50:48 
File: D:\Projects\Github\NewInspect\NewInspect\Automation\Util.cs
Line: 127
Data:mouse select pathToRoot pop: target:微信, WeChatMainWndForPC, , 42,397470 

Level: Info
Date: 2023-09-20 17:50:48 
File: D:\Projects\Github\NewInspect\NewInspect\Automation\HightLight.cs
Line: 114
Data:mouse select end: element name 微信

Level: Info
Date: 2023-09-20 17:50:50 
File: D:\Projects\Github\NewInspect\NewInspect\Automation\HightLight.cs
Line: 93
Data:time elapsed, flag:True, x:-1792, y: 1484

Level: Info
Date: 2023-09-20 17:50:50 
File: D:\Projects\Github\NewInspect\NewInspect\Automation\HightLight.cs
Line: 109
Data:mouse select start: element name 

Level: Info
Date: 2023-09-20 17:50:50 
File: D:\Projects\Github\NewInspect\NewInspect\Automation\Util.cs
Line: 116
Data:mouse select pathToRoot count:4, target:, Chrome_RenderWidgetHostHWND, 14386112 

Level: Info
Date: 2023-09-20 17:50:50 
File: D:\Projects\Github\NewInspect\NewInspect\Automation\Util.cs
Line: 127
Data:mouse select pathToRoot pop: target:微信, WeChatMainWndForPC, , 42,397470 

Level: Info
Date: 2023-09-20 17:50:50 
File: D:\Projects\Github\NewInspect\NewInspect\Automation\Util.cs
Line: 127
Data:mouse select pathToRoot pop: target:CWebviewHostWnd, CWebviewControlHostWnd, , 42,135404 

Level: Info
Date: 2023-09-20 17:50:50 
File: D:\Projects\Github\NewInspect\NewInspect\Automation\Util.cs
Line: 127
Data:mouse select pathToRoot pop: target:, Chrome_WidgetWin_0, , 42,200942 

Level: Info
Date: 2023-09-20 17:50:50 
File: D:\Projects\Github\NewInspect\NewInspect\Automation\Util.cs
Line: 127
Data:mouse select pathToRoot pop: target:, Chrome_RenderWidgetHostHWND, 14386112, 42,200972,4,-92 

Level: Info
Date: 2023-09-20 17:50:50 
File: D:\Projects\Github\NewInspect\NewInspect\Automation\HightLight.cs
Line: 114
Data:mouse select end: element name 

Level: Info
Date: 2023-09-20 17:50:52 
File: D:\Projects\Github\NewInspect\NewInspect\Automation\HightLight.cs
Line: 93
Data:time elapsed, flag:True, x:-3372, y: 1832

Level: Info
Date: 2023-09-20 17:50:52 
File: D:\Projects\Github\NewInspect\NewInspect\Automation\HightLight.cs
Line: 109
Data:mouse select start: element name Text Editor

Level: Info
Date: 2023-09-20 17:50:52 
File: D:\Projects\Github\NewInspect\NewInspect\Automation\Util.cs
Line: 116
Data:mouse select pathToRoot count:8, target:Text Editor, WpfTextView, WpfTextView 

Level: Info
Date: 2023-09-20 17:50:52 
File: D:\Projects\Github\NewInspect\NewInspect\Automation\Util.cs
Line: 127
Data:mouse select pathToRoot pop: target:NewInspect (正在运行) - Microsoft Visual Studio(管理员), Window, VisualStudioMainWindow, 42,922152 

Level: Info
Date: 2023-09-20 17:50:52 
File: D:\Projects\Github\NewInspect\NewInspect\Automation\Util.cs
Line: 127
Data:mouse select pathToRoot pop: target:, DockRoot, , 7,46260,13920253 

Level: Info
Date: 2023-09-20 17:50:52 
File: D:\Projects\Github\NewInspect\NewInspect\Automation\Util.cs
Line: 127
Data:mouse select pathToRoot pop: target:, DocumentGroup, , 7,46260,62364611 

Level: Info
Date: 2023-09-20 17:50:52 
File: D:\Projects\Github\NewInspect\NewInspect\Automation\Util.cs
Line: 127
Data:mouse select pathToRoot pop: target:Util.cs, TabItem, , 7,46260,43040357 

Level: Info
Date: 2023-09-20 17:50:52 
File: D:\Projects\Github\NewInspect\NewInspect\Automation\Util.cs
Line: 127
Data:mouse select pathToRoot pop: target:Util.cs, ViewPresenter, D:0:0:{2BFF6007-1B65-4A99-8893-D59103165780}|NewInspect\NewInspect.csproj|D:\Projects\Github\NewInspect\newinspect\automation\util.cs||{A6C744A8-0E4A-4FC6-886A-064283054674}, 7,46260,10252986 

Level: Info
Date: 2023-09-20 17:50:52 
File: D:\Projects\Github\NewInspect\NewInspect\Automation\Util.cs
Line: 127
Data:mouse select pathToRoot pop: target:Util.cs, GenericPane, , 7,46260,29476029 

Level: Info
Date: 2023-09-20 17:50:52 
File: D:\Projects\Github\NewInspect\NewInspect\Automation\Util.cs
Line: 127
Data:mouse select pathToRoot pop: target:, , WpfTextViewHost, 7,46260,63957673 

Level: Info
Date: 2023-09-20 17:50:52 
File: D:\Projects\Github\NewInspect\NewInspect\Automation\Util.cs
Line: 127
Data:mouse select pathToRoot pop: target:Text Editor, WpfTextView, WpfTextView, 7,46260,38748148 

Level: Info
Date: 2023-09-20 17:50:52 
File: D:\Projects\Github\NewInspect\NewInspect\Automation\HightLight.cs
Line: 114
Data:mouse select end: element name Text Editor

Level: Info
Date: 2023-09-20 17:50:54 
File: D:\Projects\Github\NewInspect\NewInspect\Automation\HightLight.cs
Line: 93
Data:time elapsed, flag:True, x:-2456, y: 2668

Level: Info
Date: 2023-09-20 17:50:54 
File: D:\Projects\Github\NewInspect\NewInspect\Automation\HightLight.cs
Line: 109
Data:mouse select start: element name 

Level: Info
Date: 2023-09-20 17:51:06 
File: D:\Projects\Github\NewInspect\NewInspect\Automation\HightLight.cs
Line: 93
Data:time elapsed, flag:False, x:-2882, y: 612

Level: Info
Date: 2023-09-20 17:51:06 
File: D:\Projects\Github\NewInspect\NewInspect\Automation\Util.cs
Line: 116
Data:mouse select pathToRoot count:1, target:, Shell_SecondaryTrayWnd,  

Level: Info
Date: 2023-09-20 17:51:06 
File: D:\Projects\Github\NewInspect\NewInspect\Automation\Util.cs
Line: 127
Data:mouse select pathToRoot pop: target:, Shell_SecondaryTrayWnd, , 42,855214 

Level: Info
Date: 2023-09-20 17:51:06 
File: D:\Projects\Github\NewInspect\NewInspect\Automation\HightLight.cs
Line: 114
Data:mouse select end: element name 

Level: Info
Date: 2023-09-20 17:51:08 
File: D:\Projects\Github\NewInspect\NewInspect\Automation\HightLight.cs
Line: 93
Data:time elapsed, flag:True, x:-3770, y: 1800

Level: Info
Date: 2023-09-20 17:51:08 
File: D:\Projects\Github\NewInspect\NewInspect\Automation\HightLight.cs
Line: 109
Data:mouse select start: element name Glyph Margin Grid

Level: Info
Date: 2023-09-20 17:51:08 
File: D:\Projects\Github\NewInspect\NewInspect\Automation\Util.cs
Line: 116
Data:mouse select pathToRoot count:8, target:Glyph Margin Grid, GlyphMarginGrid, WpfEditorUIGlyphMarginGrid 

Level: Info
Date: 2023-09-20 17:51:08 
File: D:\Projects\Github\NewInspect\NewInspect\Automation\Util.cs
Line: 127
Data:mouse select pathToRoot pop: target:NewInspect (正在运行) - Microsoft Visual Studio(管理员), Window, VisualStudioMainWindow, 42,922152 

Level: Info
Date: 2023-09-20 17:51:08 
File: D:\Projects\Github\NewInspect\NewInspect\Automation\Util.cs
Line: 127
Data:mouse select pathToRoot pop: target:, DockRoot, , 7,46260,13920253 

Level: Info
Date: 2023-09-20 17:51:08 
File: D:\Projects\Github\NewInspect\NewInspect\Automation\Util.cs
Line: 127
Data:mouse select pathToRoot pop: target:, DocumentGroup, , 7,46260,62364611 

Level: Info
Date: 2023-09-20 17:51:08 
File: D:\Projects\Github\NewInspect\NewInspect\Automation\Util.cs
Line: 127
Data:mouse select pathToRoot pop: target:Util.cs, TabItem, , 7,46260,43040357 

Level: Info
Date: 2023-09-20 17:51:08 
File: D:\Projects\Github\NewInspect\NewInspect\Automation\Util.cs
Line: 127
Data:mouse select pathToRoot pop: target:Util.cs, ViewPresenter, D:0:0:{2BFF6007-1B65-4A99-8893-D59103165780}|NewInspect\NewInspect.csproj|D:\Projects\Github\NewInspect\newinspect\automation\util.cs||{A6C744A8-0E4A-4FC6-886A-064283054674}, 7,46260,10252986 

Level: Info
Date: 2023-09-20 17:51:08 
File: D:\Projects\Github\NewInspect\NewInspect\Automation\Util.cs
Line: 127
Data:mouse select pathToRoot pop: target:Util.cs, GenericPane, , 7,46260,29476029 

Level: Info
Date: 2023-09-20 17:51:08 
File: D:\Projects\Github\NewInspect\NewInspect\Automation\Util.cs
Line: 127
Data:mouse select pathToRoot pop: target:, , WpfTextViewHost, 7,46260,63957673 

Level: Info
Date: 2023-09-20 17:51:08 
File: D:\Projects\Github\NewInspect\NewInspect\Automation\Util.cs
Line: 127
Data:mouse select pathToRoot pop: target:Glyph Margin Grid, GlyphMarginGrid, WpfEditorUIGlyphMarginGrid, 7,46260,52141582 

Level: Info
Date: 2023-09-20 17:51:08 
File: D:\Projects\Github\NewInspect\NewInspect\Automation\HightLight.cs
Line: 114
Data:mouse select end: element name Glyph Margin Grid

Level: Info
Date: 2023-09-20 17:51:10 
File: D:\Projects\Github\NewInspect\NewInspect\Automation\HightLight.cs
Line: 93
Data:time elapsed, flag:True, x:-3636, y: 2022

Level: Info
Date: 2023-09-20 17:51:10 
File: D:\Projects\Github\NewInspect\NewInspect\Automation\HightLight.cs
Line: 109
Data:mouse select start: element name Line Number Margin

Level: Info
Date: 2023-09-20 17:51:10 
File: D:\Projects\Github\NewInspect\NewInspect\Automation\Util.cs
Line: 116
Data:mouse select pathToRoot count:9, target:Line Number Margin, WpfLineNumberMargin, WpfEditorUILineNumberMargin 

Level: Info
Date: 2023-09-20 17:51:10 
File: D:\Projects\Github\NewInspect\NewInspect\Automation\Util.cs
Line: 127
Data:mouse select pathToRoot pop: target:NewInspect (正在运行) - Microsoft Visual Studio(管理员), Window, VisualStudioMainWindow, 42,922152 

Level: Info
Date: 2023-09-20 17:51:10 
File: D:\Projects\Github\NewInspect\NewInspect\Automation\Util.cs
Line: 127
Data:mouse select pathToRoot pop: target:, DockRoot, , 7,46260,13920253 

Level: Info
Date: 2023-09-20 17:51:10 
File: D:\Projects\Github\NewInspect\NewInspect\Automation\Util.cs
Line: 127
Data:mouse select pathToRoot pop: target:, DocumentGroup, , 7,46260,62364611 

Level: Info
Date: 2023-09-20 17:51:10 
File: D:\Projects\Github\NewInspect\NewInspect\Automation\Util.cs
Line: 127
Data:mouse select pathToRoot pop: target:Util.cs, TabItem, , 7,46260,43040357 

Level: Info
Date: 2023-09-20 17:51:10 
File: D:\Projects\Github\NewInspect\NewInspect\Automation\Util.cs
Line: 127
Data:mouse select pathToRoot pop: target:Util.cs, ViewPresenter, D:0:0:{2BFF6007-1B65-4A99-8893-D59103165780}|NewInspect\NewInspect.csproj|D:\Projects\Github\NewInspect\newinspect\automation\util.cs||{A6C744A8-0E4A-4FC6-886A-064283054674}, 7,46260,10252986 

Level: Info
Date: 2023-09-20 17:51:10 
File: D:\Projects\Github\NewInspect\NewInspect\Automation\Util.cs
Line: 127
Data:mouse select pathToRoot pop: target:Util.cs, GenericPane, , 7,46260,29476029 

Level: Info
Date: 2023-09-20 17:51:10 
File: D:\Projects\Github\NewInspect\NewInspect\Automation\Util.cs
Line: 127
Data:mouse select pathToRoot pop: target:, , WpfTextViewHost, 7,46260,63957673 

Level: Info
Date: 2023-09-20 17:51:10 
File: D:\Projects\Github\NewInspect\NewInspect\Automation\Util.cs
Line: 127
Data:mouse select pathToRoot pop: target:Line Selection Margin, SelectionMargin, SelectionMargin, 7,46260,66621056 

Level: Info
Date: 2023-09-20 17:51:10 
File: D:\Projects\Github\NewInspect\NewInspect\Automation\Util.cs
Line: 127
Data:mouse select pathToRoot pop: target:Line Number Margin, WpfLineNumberMargin, WpfEditorUILineNumberMargin, 7,46260,62718595 

Level: Info
Date: 2023-09-20 17:51:10 
File: D:\Projects\Github\NewInspect\NewInspect\Automation\HightLight.cs
Line: 114
Data:mouse select end: element name Line Number Margin

Level: Info
Date: 2023-09-20 17:51:12 
File: D:\Projects\Github\NewInspect\NewInspect\Automation\HightLight.cs
Line: 93
Data:time elapsed, flag:True, x:-2282, y: 2594

Level: Info
Date: 2023-09-20 17:51:12 
File: D:\Projects\Github\NewInspect\NewInspect\Automation\HightLight.cs
Line: 109
Data:mouse select start: element name TIM - 1 个运行窗口

Level: Info
Date: 2023-09-20 17:51:12 
File: D:\Projects\Github\NewInspect\NewInspect\Automation\Util.cs
Line: 116
Data:mouse select pathToRoot count:6, target:TIM - 1 个运行窗口, Taskbar.TaskListButtonAutomationPeer, D:\SofeWare\Tim\Bin\TIM.exe 

Level: Info
Date: 2023-09-20 17:51:12 
File: D:\Projects\Github\NewInspect\NewInspect\Automation\Util.cs
Line: 127
Data:mouse select pathToRoot pop: target:, Shell_SecondaryTrayWnd, , 42,855214 

Level: Info
Date: 2023-09-20 17:51:12 
File: D:\Projects\Github\NewInspect\NewInspect\Automation\Util.cs
Line: 127
Data:mouse select pathToRoot pop: target:DesktopWindowXamlSource, Windows.UI.Composition.DesktopWindowContentBridge, , 42,4657540 

Level: Info
Date: 2023-09-20 17:51:12 
File: D:\Projects\Github\NewInspect\NewInspect\Automation\Util.cs
Line: 127
Data:mouse select pathToRoot pop: target:, Windows.UI.Input.InputSite.WindowClass, , 42,1968548 

Level: Info
Date: 2023-09-20 17:51:12 
File: D:\Projects\Github\NewInspect\NewInspect\Automation\Util.cs
Line: 127
Data:mouse select pathToRoot pop: target:, Taskbar.TaskbarFrameAutomationPeer, TaskbarFrame, 42,1968548,4,158 

Level: Info
Date: 2023-09-20 17:51:12 
File: D:\Projects\Github\NewInspect\NewInspect\Automation\Util.cs
Line: 127
Data:mouse select pathToRoot pop: target:, , TaskbarFrameRepeater, 42,1968548,4,157 

Level: Info
Date: 2023-09-20 17:51:12 
File: D:\Projects\Github\NewInspect\NewInspect\Automation\Util.cs
Line: 127
Data:mouse select pathToRoot pop: target:TIM - 1 个运行窗口, Taskbar.TaskListButtonAutomationPeer, D:\SofeWare\Tim\Bin\TIM.exe, 42,1968548,4,108 

Level: Info
Date: 2023-09-20 17:51:12 
File: D:\Projects\Github\NewInspect\NewInspect\Automation\HightLight.cs
Line: 114
Data:mouse select end: element name TIM - 1 个运行窗口

Level: Info
Date: 2023-09-20 17:51:14 
File: D:\Projects\Github\NewInspect\NewInspect\Automation\HightLight.cs
Line: 93
Data:time elapsed, flag:True, x:20, y: 656

Level: Info
Date: 2023-09-20 17:51:14 
File: D:\Projects\Github\NewInspect\NewInspect\Automation\HightLight.cs
Line: 109
Data:mouse select start: element name AutomationFuncLib - Microsoft Visual Studio

Level: Info
Date: 2023-09-20 17:51:14 
File: D:\Projects\Github\NewInspect\NewInspect\Automation\Util.cs
Line: 116
Data:mouse select pathToRoot count:1, target:AutomationFuncLib - Microsoft Visual Studio, Window, VisualStudioMainWindow 

Level: Info
Date: 2023-09-20 17:51:14 
File: D:\Projects\Github\NewInspect\NewInspect\Automation\Util.cs
Line: 127
Data:mouse select pathToRoot pop: target:AutomationFuncLib - Microsoft Visual Studio, Window, VisualStudioMainWindow, 42,4263372 

Level: Info
Date: 2023-09-20 17:51:14 
File: D:\Projects\Github\NewInspect\NewInspect\Automation\HightLight.cs
Line: 114
Data:mouse select end: element name AutomationFuncLib - Microsoft Visual Studio

Level: Info
Date: 2023-09-20 17:51:16 
File: D:\Projects\Github\NewInspect\NewInspect\Automation\HightLight.cs
Line: 93
Data:time elapsed, flag:True, x:1669, y: 722

Level: Info
Date: 2023-09-20 17:51:16 
File: D:\Projects\Github\NewInspect\NewInspect\Automation\HightLight.cs
Line: 109
Data:mouse select start: element name 

Level: Info
Date: 2023-09-20 17:51:16 
File: D:\Projects\Github\NewInspect\NewInspect\Automation\Util.cs
Line: 116
Data:mouse select pathToRoot count:4, target:, Chrome_RenderWidgetHostHWND, 14386112 

Level: Info
Date: 2023-09-20 17:51:16 
File: D:\Projects\Github\NewInspect\NewInspect\Automation\Util.cs
Line: 127
Data:mouse select pathToRoot pop: target:微信, WeChatMainWndForPC, , 42,397470 

Level: Info
Date: 2023-09-20 17:51:16 
File: D:\Projects\Github\NewInspect\NewInspect\Automation\Util.cs
Line: 127
Data:mouse select pathToRoot pop: target:CWebviewHostWnd, CWebviewControlHostWnd, , 42,135404 

Level: Info
Date: 2023-09-20 17:51:16 
File: D:\Projects\Github\NewInspect\NewInspect\Automation\Util.cs
Line: 127
Data:mouse select pathToRoot pop: target:, Chrome_WidgetWin_0, , 42,200942 

Level: Info
Date: 2023-09-20 17:51:16 
File: D:\Projects\Github\NewInspect\NewInspect\Automation\Util.cs
Line: 127
Data:mouse select pathToRoot pop: target:, Chrome_RenderWidgetHostHWND, 14386112, 42,200972,4,-92 

Level: Info
Date: 2023-09-20 17:51:16 
File: D:\Projects\Github\NewInspect\NewInspect\Automation\HightLight.cs
Line: 114
Data:mouse select end: element name 

Level: Info
Date: 2023-09-20 17:51:18 
File: D:\Projects\Github\NewInspect\NewInspect\Automation\HightLight.cs
Line: 93
Data:time elapsed, flag:True, x:1672, y: 718

Level: Info
Date: 2023-09-20 17:51:20 
File: D:\Projects\Github\NewInspect\NewInspect\Automation\HightLight.cs
Line: 93
Data:time elapsed, flag:True, x:1685, y: 746

Level: Info
Date: 2023-09-20 17:51:22 
File: D:\Projects\Github\NewInspect\NewInspect\Automation\HightLight.cs
Line: 93
Data:time elapsed, flag:True, x:1788, y: 839

Level: Info
Date: 2023-09-20 17:51:24 
File: D:\Projects\Github\NewInspect\NewInspect\Automation\HightLight.cs
Line: 93
Data:time elapsed, flag:True, x:1692, y: 705

Level: Info
Date: 2023-09-20 17:51:24 
File: D:\Projects\Github\NewInspect\NewInspect\Automation\HightLight.cs
Line: 109
Data:mouse select start: element name 六点半

Level: Info
Date: 2023-09-20 17:51:24 
File: D:\Projects\Github\NewInspect\NewInspect\Automation\Util.cs
Line: 116
Data:mouse select pathToRoot count:11, target:六点半, ,  

Level: Info
Date: 2023-09-20 17:51:24 
File: D:\Projects\Github\NewInspect\NewInspect\Automation\Util.cs
Line: 127
Data:mouse select pathToRoot pop: target:微信, WeChatMainWndForPC, , 42,397470 

Level: Info
Date: 2023-09-20 17:51:24 
File: D:\Projects\Github\NewInspect\NewInspect\Automation\Util.cs
Line: 127
Data:mouse select pathToRoot pop: target:CWebviewHostWnd, CWebviewControlHostWnd, , 42,135404 

Level: Info
Date: 2023-09-20 17:51:24 
File: D:\Projects\Github\NewInspect\NewInspect\Automation\Util.cs
Line: 127
Data:mouse select pathToRoot pop: target:, Chrome_WidgetWin_0, , 42,200942 

Level: Info
Date: 2023-09-20 17:51:24 
File: D:\Projects\Github\NewInspect\NewInspect\Automation\Util.cs
Line: 127
Data:mouse select pathToRoot pop: target:, Chrome_RenderWidgetHostHWND, 14386112, 42,200972,4,-92 

Level: Info
Date: 2023-09-20 17:51:24 
File: D:\Projects\Github\NewInspect\NewInspect\Automation\Util.cs
Line: 127
Data:mouse select pathToRoot pop: target:, , , 42,200972,4,-95 

Level: Info
Date: 2023-09-20 17:51:24 
File: D:\Projects\Github\NewInspect\NewInspect\Automation\Util.cs
Line: 127
Data:mouse select pathToRoot pop: target:, , , 42,200972,4,-96 

Level: Info
Date: 2023-09-20 17:51:24 
File: D:\Projects\Github\NewInspect\NewInspect\Automation\Util.cs
Line: 127
Data:mouse select pathToRoot pop: target:, , , 42,200972,4,-97 

Level: Info
Date: 2023-09-20 17:51:24 
File: D:\Projects\Github\NewInspect\NewInspect\Automation\Util.cs
Line: 127
Data:mouse select pathToRoot pop: target:, , , 42,200972,4,-102 

Level: Info
Date: 2023-09-20 17:51:24 
File: D:\Projects\Github\NewInspect\NewInspect\Automation\Util.cs
Line: 127
Data:mouse select pathToRoot pop: target:, , , 42,200972,4,-9297 

Level: Info
Date: 2023-09-20 17:51:24 
File: D:\Projects\Github\NewInspect\NewInspect\Automation\Util.cs
Line: 127
Data:mouse select pathToRoot pop: target:, , , 42,200972,4,-9314 

Level: Info
Date: 2023-09-20 17:51:24 
File: D:\Projects\Github\NewInspect\NewInspect\Automation\Util.cs
Line: 127
Data:mouse select pathToRoot pop: target:六点半, , , 42,200972,4,-9316 

Level: Info
Date: 2023-09-20 17:51:24 
File: D:\Projects\Github\NewInspect\NewInspect\Automation\HightLight.cs
Line: 114
Data:mouse select end: element name 六点半

Level: Info
Date: 2023-09-20 17:51:26 
File: D:\Projects\Github\NewInspect\NewInspect\Automation\HightLight.cs
Line: 93
Data:time elapsed, flag:True, x:1692, y: 705

Level: Info
Date: 2023-09-20 17:51:28 
File: D:\Projects\Github\NewInspect\NewInspect\Automation\HightLight.cs
Line: 93
Data:time elapsed, flag:True, x:1692, y: 705

Level: Info
Date: 2023-09-20 17:51:30 
File: D:\Projects\Github\NewInspect\NewInspect\Automation\HightLight.cs
Line: 93
Data:time elapsed, flag:True, x:-1651, y: 1396

Level: Info
Date: 2023-09-20 17:51:30 
File: D:\Projects\Github\NewInspect\NewInspect\Automation\HightLight.cs
Line: 109
Data:mouse select start: element name 

Level: Info
Date: 2023-09-20 17:51:30 
File: D:\Projects\Github\NewInspect\NewInspect\Automation\Util.cs
Line: 116
Data:mouse select pathToRoot count:2, target:, Window,  

Level: Info
Date: 2023-09-20 17:51:30 
File: D:\Projects\Github\NewInspect\NewInspect\Automation\Util.cs
Line: 127
Data:mouse select pathToRoot pop: target:MainWindow, Window, , 42,1118584 

Level: Info
Date: 2023-09-20 17:51:30 
File: D:\Projects\Github\NewInspect\NewInspect\Automation\Util.cs
Line: 127
Data:mouse select pathToRoot pop: target:, Window, , 42,790554 

Level: Info
Date: 2023-09-20 17:51:30 
File: D:\Projects\Github\NewInspect\NewInspect\Automation\HightLight.cs
Line: 114
Data:mouse select end: element name 

Level: Info
Date: 2023-09-20 17:51:32 
File: D:\Projects\Github\NewInspect\NewInspect\Automation\HightLight.cs
Line: 93
Data:time elapsed, flag:True, x:-1651, y: 1396

Level: Info
Date: 2023-09-20 17:51:34 
File: D:\Projects\Github\NewInspect\NewInspect\Automation\HightLight.cs
Line: 93
Data:time elapsed, flag:True, x:-1651, y: 1396

Level: Info
Date: 2023-09-20 17:51:36 
File: D:\Projects\Github\NewInspect\NewInspect\Automation\HightLight.cs
Line: 93
Data:time elapsed, flag:True, x:-1651, y: 1396

Level: Info
Date: 2023-09-20 17:51:38 
File: D:\Projects\Github\NewInspect\NewInspect\Automation\HightLight.cs
Line: 93
Data:time elapsed, flag:True, x:-1651, y: 1396

Level: Info
Date: 2023-09-20 17:51:40 
File: D:\Projects\Github\NewInspect\NewInspect\Automation\HightLight.cs
Line: 93
Data:time elapsed, flag:True, x:1867, y: 702

Level: Info
Date: 2023-09-20 17:51:40 
File: D:\Projects\Github\NewInspect\NewInspect\Automation\HightLight.cs
Line: 109
Data:mouse select start: element name 深圳本地宝

Level: Info
Date: 2023-09-20 17:51:40 
File: D:\Projects\Github\NewInspect\NewInspect\Automation\Util.cs
Line: 116
Data:mouse select pathToRoot count:11, target:深圳本地宝, ,  

Level: Info
Date: 2023-09-20 17:51:40 
File: D:\Projects\Github\NewInspect\NewInspect\Automation\Util.cs
Line: 127
Data:mouse select pathToRoot pop: target:微信, WeChatMainWndForPC, , 42,397470 

Level: Info
Date: 2023-09-20 17:51:40 
File: D:\Projects\Github\NewInspect\NewInspect\Automation\Util.cs
Line: 127
Data:mouse select pathToRoot pop: target:CWebviewHostWnd, CWebviewControlHostWnd, , 42,135404 

Level: Info
Date: 2023-09-20 17:51:40 
File: D:\Projects\Github\NewInspect\NewInspect\Automation\Util.cs
Line: 127
Data:mouse select pathToRoot pop: target:, Chrome_WidgetWin_0, , 42,200942 

Level: Info
Date: 2023-09-20 17:51:40 
File: D:\Projects\Github\NewInspect\NewInspect\Automation\Util.cs
Line: 127
Data:mouse select pathToRoot pop: target:, Chrome_RenderWidgetHostHWND, 14386112, 42,200972,4,-92 

Level: Info
Date: 2023-09-20 17:51:40 
File: D:\Projects\Github\NewInspect\NewInspect\Automation\Util.cs
Line: 127
Data:mouse select pathToRoot pop: target:, , , 42,200972,4,-95 

Level: Info
Date: 2023-09-20 17:51:40 
File: D:\Projects\Github\NewInspect\NewInspect\Automation\Util.cs
Line: 127
Data:mouse select pathToRoot pop: target:, , , 42,200972,4,-96 

Level: Info
Date: 2023-09-20 17:51:40 
File: D:\Projects\Github\NewInspect\NewInspect\Automation\Util.cs
Line: 127
Data:mouse select pathToRoot pop: target:, , , 42,200972,4,-97 

Level: Info
Date: 2023-09-20 17:51:40 
File: D:\Projects\Github\NewInspect\NewInspect\Automation\Util.cs
Line: 127
Data:mouse select pathToRoot pop: target:, , , 42,200972,4,-102 

Level: Info
Date: 2023-09-20 17:51:40 
File: D:\Projects\Github\NewInspect\NewInspect\Automation\Util.cs
Line: 127
Data:mouse select pathToRoot pop: target:, , , 42,200972,4,-9298 

Level: Info
Date: 2023-09-20 17:51:40 
File: D:\Projects\Github\NewInspect\NewInspect\Automation\Util.cs
Line: 127
Data:mouse select pathToRoot pop: target:, , , 42,200972,4,-9318 

Level: Info
Date: 2023-09-20 17:51:40 
File: D:\Projects\Github\NewInspect\NewInspect\Automation\Util.cs
Line: 127
Data:mouse select pathToRoot pop: target:深圳本地宝, , , 42,200972,4,-9320 

Level: Info
Date: 2023-09-20 17:51:40 
File: D:\Projects\Github\NewInspect\NewInspect\Automation\HightLight.cs
Line: 114
Data:mouse select end: element name 深圳本地宝

Level: Info
Date: 2023-09-20 17:51:42 
File: D:\Projects\Github\NewInspect\NewInspect\Automation\HightLight.cs
Line: 93
Data:time elapsed, flag:True, x:-1536, y: 858

Level: Info
Date: 2023-09-20 17:51:42 
File: D:\Projects\Github\NewInspect\NewInspect\Automation\HightLight.cs
Line: 109
Data:mouse select start: element name 

Level: Info
Date: 2023-09-20 17:51:42 
File: D:\Projects\Github\NewInspect\NewInspect\Automation\Util.cs
Line: 116
Data:mouse select pathToRoot count:6, target:, InfoListView, TaskInfoListView 

Level: Info
Date: 2023-09-20 17:51:42 
File: D:\Projects\Github\NewInspect\NewInspect\Automation\Util.cs
Line: 127
Data:mouse select pathToRoot pop: target:NewInspect (正在运行) - Microsoft Visual Studio(管理员), Window, VisualStudioMainWindow, 42,922152 

Level: Info
Date: 2023-09-20 17:51:42 
File: D:\Projects\Github\NewInspect\NewInspect\Automation\Util.cs
Line: 127
Data:mouse select pathToRoot pop: target:, DockRoot, , 7,46260,13920253 

Level: Info
Date: 2023-09-20 17:51:42 
File: D:\Projects\Github\NewInspect\NewInspect\Automation\Util.cs
Line: 127
Data:mouse select pathToRoot pop: target:任务, ViewPresenter, ST:0:0:{8d263989-ff4b-4a78-90c8-b2ba3fa69311}, 7,46260,14426521 

Level: Info
Date: 2023-09-20 17:51:42 
File: D:\Projects\Github\NewInspect\NewInspect\Automation\Util.cs
Line: 127
Data:mouse select pathToRoot pop: target:任务, GenericPane, , 7,46260,24778668 

Level: Info
Date: 2023-09-20 17:51:42 
File: D:\Projects\Github\NewInspect\NewInspect\Automation\Util.cs
Line: 127
Data:mouse select pathToRoot pop: target:, ParallelTasksUI, , 7,46260,35535544 

Level: Info
Date: 2023-09-20 17:51:42 
File: D:\Projects\Github\NewInspect\NewInspect\Automation\Util.cs
Line: 127
Data:mouse select pathToRoot pop: target:, InfoListView, TaskInfoListView, 7,46260,51384442 

Level: Info
Date: 2023-09-20 17:51:42 
File: D:\Projects\Github\NewInspect\NewInspect\Automation\HightLight.cs
Line: 114
Data:mouse select end: element name 

