Level: Info
Date: 2023-09-20 16:26:02 
File: D:\Projects\Github\NewInspect\NewInspect\MainWindow.xaml.cs
Line: 37
Data:MainWindow Setup

Level: Info
Date: 2023-09-20 16:26:08 
File: D:\Projects\Github\NewInspect\NewInspect\Automation\HightLight.cs
Line: 93
Data:time elapsed, flag:True, x:1445, y: 606

Level: Info
Date: 2023-09-20 16:26:08 
File: D:\Projects\Github\NewInspect\NewInspect\Automation\HightLight.cs
Line: 109
Data:mouse select start: element name i深圳

Level: Info
Date: 2023-09-20 16:26:08 
File: D:\Projects\Github\NewInspect\NewInspect\Automation\Util.cs
Line: 91
Data:mouse select pathToRoot count:11, target:i深圳, ,  

Level: Info
Date: 2023-09-20 16:26:08 
File: D:\Projects\Github\NewInspect\NewInspect\Automation\Util.cs
Line: 102
Data:mouse select pathToRoot pop: target:微信, WeChatMainWndForPC, , 42,397470 

Level: Info
Date: 2023-09-20 16:26:08 
File: D:\Projects\Github\NewInspect\NewInspect\Automation\Util.cs
Line: 102
Data:mouse select pathToRoot pop: target:CWebviewHostWnd, CWebviewControlHostWnd, , 42,135404 

Level: Info
Date: 2023-09-20 16:26:08 
File: D:\Projects\Github\NewInspect\NewInspect\Automation\Util.cs
Line: 102
Data:mouse select pathToRoot pop: target:, Chrome_WidgetWin_0, , 42,200942 

Level: Info
Date: 2023-09-20 16:26:08 
File: D:\Projects\Github\NewInspect\NewInspect\Automation\Util.cs
Line: 102
Data:mouse select pathToRoot pop: target:, Chrome_RenderWidgetHostHWND, 14386112, 42,200972,4,-92 

Level: Info
Date: 2023-09-20 16:26:08 
File: D:\Projects\Github\NewInspect\NewInspect\Automation\Util.cs
Line: 102
Data:mouse select pathToRoot pop: target:, , , 42,200972,4,-95 

Level: Info
Date: 2023-09-20 16:26:10 
File: D:\Projects\Github\NewInspect\NewInspect\Automation\HightLight.cs
Line: 93
Data:time elapsed, flag:False, x:1445, y: 606

Level: Info
Date: 2023-09-20 16:27:23 
File: D:\Projects\Github\NewInspect\NewInspect\Automation\HightLight.cs
Line: 93
Data:time elapsed, flag:False, x:1529, y: 108

Level: Info
Date: 2023-09-20 16:27:30 
File: D:\Projects\Github\NewInspect\NewInspect\Automation\HightLight.cs
Line: 93
Data:time elapsed, flag:False, x:970, y: 86

Level: Info
Date: 2023-09-20 16:30:10 
File: D:\Projects\Github\NewInspect\NewInspect\Automation\HightLight.cs
Line: 93
Data:time elapsed, flag:False, x:1563, y: 107

