Level: Info
Date: 2023-09-20 18:44:54 
File: D:\Projects\Github\NewInspect\NewInspect\MainWindow.xaml.cs
Line: 40
Data:MainWindow Setup

Level: Info
Date: 2023-09-20 18:45:04 
File: D:\Projects\Github\NewInspect\NewInspect\Automation\HightLight.cs
Line: 101
Data:time elapsed..

Level: Info
Date: 2023-09-20 18:45:04 
File: D:\Projects\Github\NewInspect\NewInspect\Automation\HightLight.cs
Line: 117
Data:mouse select start: element name 高州论坛

Level: Info
Date: 2023-09-20 18:45:06 
File: D:\Projects\Github\NewInspect\NewInspect\Automation\HightLight.cs
Line: 101
Data:time elapsed..

Level: Info
Date: 2023-09-20 18:45:07 
File: D:\Projects\Github\NewInspect\NewInspect\Automation\Util.cs
Line: 154
Data:time span 2.8504868

Level: Info
Date: 2023-09-20 18:45:07 
File: D:\Projects\Github\NewInspect\NewInspect\Automation\HightLight.cs
Line: 122
Data:mouse select end: element name 高州论坛

Level: Info
Date: 2023-09-20 18:45:08 
File: D:\Projects\Github\NewInspect\NewInspect\Automation\HightLight.cs
Line: 101
Data:time elapsed..

Level: Info
Date: 2023-09-20 18:45:10 
File: D:\Projects\Github\NewInspect\NewInspect\Automation\HightLight.cs
Line: 92
Data:mouse curor in main window

Level: Info
Date: 2023-09-20 18:45:12 
File: D:\Projects\Github\NewInspect\NewInspect\Automation\HightLight.cs
Line: 92
Data:mouse curor in main window

Level: Info
Date: 2023-09-20 18:45:14 
File: D:\Projects\Github\NewInspect\NewInspect\Automation\HightLight.cs
Line: 92
Data:mouse curor in main window

Level: Info
Date: 2023-09-20 18:45:16 
File: D:\Projects\Github\NewInspect\NewInspect\Automation\HightLight.cs
Line: 92
Data:mouse curor in main window

Level: Info
Date: 2023-09-20 18:45:18 
File: D:\Projects\Github\NewInspect\NewInspect\Automation\HightLight.cs
Line: 92
Data:mouse curor in main window

Level: Info
Date: 2023-09-20 18:45:20 
File: D:\Projects\Github\NewInspect\NewInspect\Automation\HightLight.cs
Line: 92
Data:mouse curor in main window

Level: Info
Date: 2023-09-20 18:45:22 
File: D:\Projects\Github\NewInspect\NewInspect\Automation\HightLight.cs
Line: 92
Data:mouse curor in main window

Level: Info
Date: 2023-09-20 18:45:24 
File: D:\Projects\Github\NewInspect\NewInspect\Automation\HightLight.cs
Line: 101
Data:time elapsed..

Level: Info
Date: 2023-09-20 18:45:24 
File: D:\Projects\Github\NewInspect\NewInspect\Automation\HightLight.cs
Line: 117
Data:mouse select start: element name 

Level: Info
Date: 2023-09-20 18:45:26 
File: D:\Projects\Github\NewInspect\NewInspect\Automation\HightLight.cs
Line: 101
Data:time elapsed..

Level: Info
Date: 2023-09-20 18:45:28 
File: D:\Projects\Github\NewInspect\NewInspect\Automation\HightLight.cs
Line: 101
Data:time elapsed..

Level: Info
Date: 2023-09-20 18:45:30 
File: D:\Projects\Github\NewInspect\NewInspect\Automation\HightLight.cs
Line: 101
Data:time elapsed..

Level: Info
Date: 2023-09-20 18:45:32 
File: D:\Projects\Github\NewInspect\NewInspect\Automation\HightLight.cs
Line: 101
Data:time elapsed..

Level: Info
Date: 2023-09-20 18:45:34 
File: D:\Projects\Github\NewInspect\NewInspect\Automation\HightLight.cs
Line: 101
Data:time elapsed..

Level: Info
Date: 2023-09-20 18:45:36 
File: D:\Projects\Github\NewInspect\NewInspect\Automation\HightLight.cs
Line: 101
Data:time elapsed..

Level: Info
Date: 2023-09-20 18:45:38 
File: D:\Projects\Github\NewInspect\NewInspect\Automation\HightLight.cs
Line: 101
Data:time elapsed..

Level: Info
Date: 2023-09-20 18:45:40 
File: D:\Projects\Github\NewInspect\NewInspect\Automation\HightLight.cs
Line: 101
Data:time elapsed..

Level: Info
Date: 2023-09-20 18:45:42 
File: D:\Projects\Github\NewInspect\NewInspect\Automation\HightLight.cs
Line: 101
Data:time elapsed..

Level: Info
Date: 2023-09-20 18:45:44 
File: D:\Projects\Github\NewInspect\NewInspect\Automation\HightLight.cs
Line: 101
Data:time elapsed..

Level: Info
Date: 2023-09-20 18:45:46 
File: D:\Projects\Github\NewInspect\NewInspect\Automation\HightLight.cs
Line: 101
Data:time elapsed..

Level: Info
Date: 2023-09-20 18:45:48 
File: D:\Projects\Github\NewInspect\NewInspect\Automation\HightLight.cs
Line: 101
Data:time elapsed..

Level: Info
Date: 2023-09-20 18:45:50 
File: D:\Projects\Github\NewInspect\NewInspect\Automation\HightLight.cs
Line: 101
Data:time elapsed..

Level: Info
Date: 2023-09-20 18:45:52 
File: D:\Projects\Github\NewInspect\NewInspect\Automation\HightLight.cs
Line: 101
Data:time elapsed..

Level: Info
Date: 2023-09-20 18:45:54 
File: D:\Projects\Github\NewInspect\NewInspect\Automation\HightLight.cs
Line: 101
Data:time elapsed..

Level: Info
Date: 2023-09-20 18:45:56 
File: D:\Projects\Github\NewInspect\NewInspect\Automation\HightLight.cs
Line: 101
Data:time elapsed..

Level: Info
Date: 2023-09-20 18:45:58 
File: D:\Projects\Github\NewInspect\NewInspect\Automation\HightLight.cs
Line: 101
Data:time elapsed..

Level: Info
Date: 2023-09-20 18:46:00 
File: D:\Projects\Github\NewInspect\NewInspect\Automation\HightLight.cs
Line: 101
Data:time elapsed..

Level: Info
Date: 2023-09-20 18:46:02 
File: D:\Projects\Github\NewInspect\NewInspect\Automation\HightLight.cs
Line: 101
Data:time elapsed..

Level: Info
Date: 2023-09-20 18:46:04 
File: D:\Projects\Github\NewInspect\NewInspect\Automation\HightLight.cs
Line: 101
Data:time elapsed..

Level: Info
Date: 2023-09-20 18:46:06 
File: D:\Projects\Github\NewInspect\NewInspect\Automation\HightLight.cs
Line: 101
Data:time elapsed..

Level: Info
Date: 2023-09-20 18:46:08 
File: D:\Projects\Github\NewInspect\NewInspect\Automation\HightLight.cs
Line: 101
Data:time elapsed..

Level: Info
Date: 2023-09-20 18:46:10 
File: D:\Projects\Github\NewInspect\NewInspect\Automation\HightLight.cs
Line: 101
Data:time elapsed..

Level: Info
Date: 2023-09-20 18:46:12 
File: D:\Projects\Github\NewInspect\NewInspect\Automation\HightLight.cs
Line: 101
Data:time elapsed..

Level: Info
Date: 2023-09-20 18:46:14 
File: D:\Projects\Github\NewInspect\NewInspect\Automation\HightLight.cs
Line: 101
Data:time elapsed..

Level: Info
Date: 2023-09-20 18:46:16 
File: D:\Projects\Github\NewInspect\NewInspect\Automation\HightLight.cs
Line: 101
Data:time elapsed..

Level: Info
Date: 2023-09-20 18:46:18 
File: D:\Projects\Github\NewInspect\NewInspect\Automation\HightLight.cs
Line: 101
Data:time elapsed..

Level: Info
Date: 2023-09-20 18:46:20 
File: D:\Projects\Github\NewInspect\NewInspect\Automation\HightLight.cs
Line: 101
Data:time elapsed..

Level: Info
Date: 2023-09-20 18:46:22 
File: D:\Projects\Github\NewInspect\NewInspect\Automation\HightLight.cs
Line: 101
Data:time elapsed..

Level: Info
Date: 2023-09-20 18:46:24 
File: D:\Projects\Github\NewInspect\NewInspect\Automation\HightLight.cs
Line: 101
Data:time elapsed..

Level: Error
Date: 2023-09-20 18:46:25 
File: D:\Projects\Github\NewInspect\NewInspect\Automation\HightLight.cs
Line: 130
Data:操作超时。 (异常来自 HRESULT:0x80131505)

Level: Info
Date: 2023-09-20 18:46:26 
File: D:\Projects\Github\NewInspect\NewInspect\Automation\HightLight.cs
Line: 92
Data:mouse curor in main window

Level: Info
Date: 2023-09-20 18:46:28 
File: D:\Projects\Github\NewInspect\NewInspect\Automation\HightLight.cs
Line: 92
Data:mouse curor in main window

Level: Info
Date: 2023-09-20 18:46:30 
File: D:\Projects\Github\NewInspect\NewInspect\Automation\HightLight.cs
Line: 92
Data:mouse curor in main window

