Level: Info
Date: 2023-09-20 18:29:00 
File: D:\Projects\Github\NewInspect\NewInspect\MainWindow.xaml.cs
Line: 40
Data:MainWindow Setup

Level: Info
Date: 2023-09-20 18:29:08 
File: D:\Projects\Github\NewInspect\NewInspect\Automation\HightLight.cs
Line: 101
Data:time elapsed..

Level: Info
Date: 2023-09-20 18:29:08 
File: D:\Projects\Github\NewInspect\NewInspect\Automation\HightLight.cs
Line: 117
Data:mouse select start: element name 高州论坛

Level: Info
Date: 2023-09-20 18:29:10 
File: D:\Projects\Github\NewInspect\NewInspect\Automation\Util.cs
Line: 154
Data:time span 1.7388781

Level: Info
Date: 2023-09-20 18:29:10 
File: D:\Projects\Github\NewInspect\NewInspect\Automation\HightLight.cs
Line: 122
Data:mouse select end: element name 高州论坛

Level: Info
Date: 2023-09-20 18:29:10 
File: D:\Projects\Github\NewInspect\NewInspect\Automation\HightLight.cs
Line: 101
Data:time elapsed..

Level: Info
Date: 2023-09-20 18:29:12 
File: D:\Projects\Github\NewInspect\NewInspect\Automation\HightLight.cs
Line: 101
Data:time elapsed..

Level: Info
Date: 2023-09-20 18:29:14 
File: D:\Projects\Github\NewInspect\NewInspect\Automation\HightLight.cs
Line: 92
Data:mouse curor in main window

Level: Info
Date: 2023-09-20 18:29:16 
File: D:\Projects\Github\NewInspect\NewInspect\Automation\HightLight.cs
Line: 92
Data:mouse curor in main window

Level: Info
Date: 2023-09-20 18:29:18 
File: D:\Projects\Github\NewInspect\NewInspect\Automation\HightLight.cs
Line: 92
Data:mouse curor in main window

Level: Info
Date: 2023-09-20 18:29:20 
File: D:\Projects\Github\NewInspect\NewInspect\Automation\HightLight.cs
Line: 101
Data:time elapsed..

Level: Info
Date: 2023-09-20 18:29:20 
File: D:\Projects\Github\NewInspect\NewInspect\Automation\HightLight.cs
Line: 117
Data:mouse select start: element name 

Level: Info
Date: 2023-09-20 18:29:22 
File: D:\Projects\Github\NewInspect\NewInspect\Automation\HightLight.cs
Line: 101
Data:time elapsed..

Level: Info
Date: 2023-09-20 18:29:24 
File: D:\Projects\Github\NewInspect\NewInspect\Automation\HightLight.cs
Line: 101
Data:time elapsed..

Level: Info
Date: 2023-09-20 18:29:26 
File: D:\Projects\Github\NewInspect\NewInspect\Automation\HightLight.cs
Line: 101
Data:time elapsed..

Level: Info
Date: 2023-09-20 18:29:28 
File: D:\Projects\Github\NewInspect\NewInspect\Automation\HightLight.cs
Line: 101
Data:time elapsed..

Level: Info
Date: 2023-09-20 18:29:30 
File: D:\Projects\Github\NewInspect\NewInspect\Automation\HightLight.cs
Line: 101
Data:time elapsed..

Level: Info
Date: 2023-09-20 18:29:32 
File: D:\Projects\Github\NewInspect\NewInspect\Automation\HightLight.cs
Line: 101
Data:time elapsed..

Level: Info
Date: 2023-09-20 18:29:34 
File: D:\Projects\Github\NewInspect\NewInspect\Automation\HightLight.cs
Line: 101
Data:time elapsed..

Level: Info
Date: 2023-09-20 18:29:36 
File: D:\Projects\Github\NewInspect\NewInspect\Automation\HightLight.cs
Line: 101
Data:time elapsed..

Level: Info
Date: 2023-09-20 18:29:38 
File: D:\Projects\Github\NewInspect\NewInspect\Automation\HightLight.cs
Line: 101
Data:time elapsed..

Level: Info
Date: 2023-09-20 18:29:40 
File: D:\Projects\Github\NewInspect\NewInspect\Automation\HightLight.cs
Line: 101
Data:time elapsed..

Level: Info
Date: 2023-09-20 18:29:42 
File: D:\Projects\Github\NewInspect\NewInspect\Automation\HightLight.cs
Line: 101
Data:time elapsed..

Level: Info
Date: 2023-09-20 18:29:44 
File: D:\Projects\Github\NewInspect\NewInspect\Automation\HightLight.cs
Line: 101
Data:time elapsed..

Level: Info
Date: 2023-09-20 18:29:46 
File: D:\Projects\Github\NewInspect\NewInspect\Automation\HightLight.cs
Line: 101
Data:time elapsed..

Level: Info
Date: 2023-09-20 18:29:48 
File: D:\Projects\Github\NewInspect\NewInspect\Automation\HightLight.cs
Line: 101
Data:time elapsed..

Level: Info
Date: 2023-09-20 18:29:50 
File: D:\Projects\Github\NewInspect\NewInspect\Automation\HightLight.cs
Line: 101
Data:time elapsed..

Level: Info
Date: 2023-09-20 18:29:52 
File: D:\Projects\Github\NewInspect\NewInspect\Automation\HightLight.cs
Line: 101
Data:time elapsed..

Level: Info
Date: 2023-09-20 18:29:54 
File: D:\Projects\Github\NewInspect\NewInspect\Automation\HightLight.cs
Line: 101
Data:time elapsed..

Level: Info
Date: 2023-09-20 18:29:56 
File: D:\Projects\Github\NewInspect\NewInspect\Automation\HightLight.cs
Line: 101
Data:time elapsed..

