Level: Info
Date: 2023-09-20 17:09:07 
File: D:\Projects\Github\NewInspect\NewInspect\MainWindow.xaml.cs
Line: 37
Data:MainWindow Setup

Level: Info
Date: 2023-09-20 17:09:17 
File: D:\Projects\Github\NewInspect\NewInspect\Automation\HightLight.cs
Line: 93
Data:time elapsed, flag:True, x:1761, y: 849

Level: Info
Date: 2023-09-20 17:09:17 
File: D:\Projects\Github\NewInspect\NewInspect\Automation\HightLight.cs
Line: 109
Data:mouse select start: element name 

Level: Info
Date: 2023-09-20 17:09:17 
File: D:\Projects\Github\NewInspect\NewInspect\Automation\Util.cs
Line: 91
Data:mouse select pathToRoot count:4, target:, Chrome_RenderWidgetHostHWND, 14386112 

Level: Info
Date: 2023-09-20 17:09:17 
File: D:\Projects\Github\NewInspect\NewInspect\Automation\Util.cs
Line: 102
Data:mouse select pathToRoot pop: target:微信, WeChatMainWndForPC, , 42,397470 

Level: Info
Date: 2023-09-20 17:09:17 
File: D:\Projects\Github\NewInspect\NewInspect\Automation\Util.cs
Line: 102
Data:mouse select pathToRoot pop: target:CWebviewHostWnd, CWebviewControlHostWnd, , 42,135404 

Level: Info
Date: 2023-09-20 17:09:17 
File: D:\Projects\Github\NewInspect\NewInspect\Automation\Util.cs
Line: 102
Data:mouse select pathToRoot pop: target:, Chrome_WidgetWin_0, , 42,200942 

Level: Info
Date: 2023-09-20 17:09:17 
File: D:\Projects\Github\NewInspect\NewInspect\Automation\Util.cs
Line: 102
Data:mouse select pathToRoot pop: target:, Chrome_RenderWidgetHostHWND, 14386112, 42,200972,4,-92 

Level: Info
Date: 2023-09-20 17:09:17 
File: D:\Projects\Github\NewInspect\NewInspect\Automation\HightLight.cs
Line: 114
Data:mouse select end: element name 

Level: Info
Date: 2023-09-20 17:09:19 
File: D:\Projects\Github\NewInspect\NewInspect\Automation\HightLight.cs
Line: 93
Data:time elapsed, flag:True, x:1761, y: 849

Level: Info
Date: 2023-09-20 17:09:19 
File: D:\Projects\Github\NewInspect\NewInspect\Automation\HightLight.cs
Line: 109
Data:mouse select start: element name 六点半

Level: Info
Date: 2023-09-20 17:09:19 
File: D:\Projects\Github\NewInspect\NewInspect\Automation\Util.cs
Line: 91
Data:mouse select pathToRoot count:11, target:六点半, ,  

Level: Info
Date: 2023-09-20 17:09:19 
File: D:\Projects\Github\NewInspect\NewInspect\Automation\Util.cs
Line: 102
Data:mouse select pathToRoot pop: target:微信, WeChatMainWndForPC, , 42,397470 

Level: Info
Date: 2023-09-20 17:09:19 
File: D:\Projects\Github\NewInspect\NewInspect\Automation\Util.cs
Line: 102
Data:mouse select pathToRoot pop: target:CWebviewHostWnd, CWebviewControlHostWnd, , 42,135404 

Level: Info
Date: 2023-09-20 17:09:19 
File: D:\Projects\Github\NewInspect\NewInspect\Automation\Util.cs
Line: 102
Data:mouse select pathToRoot pop: target:, Chrome_WidgetWin_0, , 42,200942 

Level: Info
Date: 2023-09-20 17:09:19 
File: D:\Projects\Github\NewInspect\NewInspect\Automation\Util.cs
Line: 102
Data:mouse select pathToRoot pop: target:, Chrome_RenderWidgetHostHWND, 14386112, 42,200972,4,-92 

Level: Info
Date: 2023-09-20 17:09:19 
File: D:\Projects\Github\NewInspect\NewInspect\Automation\Util.cs
Line: 102
Data:mouse select pathToRoot pop: target:, , , 42,200972,4,-95 

Level: Info
Date: 2023-09-20 17:09:21 
File: D:\Projects\Github\NewInspect\NewInspect\Automation\HightLight.cs
Line: 93
Data:time elapsed, flag:False, x:1761, y: 849

Level: Info
Date: 2023-09-20 17:09:23 
File: D:\Projects\Github\NewInspect\NewInspect\Automation\HightLight.cs
Line: 93
Data:time elapsed, flag:False, x:1761, y: 849

Level: Info
Date: 2023-09-20 17:09:25 
File: D:\Projects\Github\NewInspect\NewInspect\Automation\HightLight.cs
Line: 93
Data:time elapsed, flag:False, x:1761, y: 849

Level: Info
Date: 2023-09-20 17:09:25 
File: D:\Projects\Github\NewInspect\NewInspect\Automation\Util.cs
Line: 110
Data:mouse select find element fail

Level: Info
Date: 2023-09-20 17:09:25 
File: D:\Projects\Github\NewInspect\NewInspect\Automation\HightLight.cs
Line: 114
Data:mouse select end: element name 六点半

Level: Info
Date: 2023-09-20 17:09:27 
File: D:\Projects\Github\NewInspect\NewInspect\Automation\HightLight.cs
Line: 93
Data:time elapsed, flag:True, x:1761, y: 849

Level: Info
Date: 2023-09-20 17:09:29 
File: D:\Projects\Github\NewInspect\NewInspect\Automation\HightLight.cs
Line: 93
Data:time elapsed, flag:True, x:1761, y: 849

Level: Info
Date: 2023-09-20 17:09:31 
File: D:\Projects\Github\NewInspect\NewInspect\Automation\HightLight.cs
Line: 93
Data:time elapsed, flag:True, x:1761, y: 849

Level: Info
Date: 2023-09-20 17:09:33 
File: D:\Projects\Github\NewInspect\NewInspect\Automation\HightLight.cs
Line: 93
Data:time elapsed, flag:True, x:1761, y: 849

Level: Info
Date: 2023-09-20 17:09:35 
File: D:\Projects\Github\NewInspect\NewInspect\Automation\HightLight.cs
Line: 93
Data:time elapsed, flag:True, x:1761, y: 849

Level: Info
Date: 2023-09-20 17:09:37 
File: D:\Projects\Github\NewInspect\NewInspect\Automation\HightLight.cs
Line: 93
Data:time elapsed, flag:True, x:1761, y: 849

Level: Info
Date: 2023-09-20 17:09:39 
File: D:\Projects\Github\NewInspect\NewInspect\Automation\HightLight.cs
Line: 93
Data:time elapsed, flag:True, x:1761, y: 849

Level: Info
Date: 2023-09-20 17:09:41 
File: D:\Projects\Github\NewInspect\NewInspect\Automation\HightLight.cs
Line: 93
Data:time elapsed, flag:True, x:1761, y: 849

Level: Info
Date: 2023-09-20 17:09:43 
File: D:\Projects\Github\NewInspect\NewInspect\Automation\HightLight.cs
Line: 93
Data:time elapsed, flag:True, x:1761, y: 849

Level: Info
Date: 2023-09-20 17:09:45 
File: D:\Projects\Github\NewInspect\NewInspect\Automation\HightLight.cs
Line: 93
Data:time elapsed, flag:True, x:1761, y: 849

Level: Info
Date: 2023-09-20 17:09:47 
File: D:\Projects\Github\NewInspect\NewInspect\Automation\HightLight.cs
Line: 93
Data:time elapsed, flag:True, x:1761, y: 849

Level: Info
Date: 2023-09-20 17:09:49 
File: D:\Projects\Github\NewInspect\NewInspect\Automation\HightLight.cs
Line: 93
Data:time elapsed, flag:True, x:1726, y: 849

Level: Info
Date: 2023-09-20 17:09:51 
File: D:\Projects\Github\NewInspect\NewInspect\Automation\HightLight.cs
Line: 93
Data:time elapsed, flag:True, x:1600, y: 850

Level: Info
Date: 2023-09-20 17:09:51 
File: D:\Projects\Github\NewInspect\NewInspect\Automation\HightLight.cs
Line: 109
Data:mouse select start: element name 高州论坛

Level: Info
Date: 2023-09-20 17:09:51 
File: D:\Projects\Github\NewInspect\NewInspect\Automation\Util.cs
Line: 91
Data:mouse select pathToRoot count:11, target:高州论坛, ,  

Level: Info
Date: 2023-09-20 17:09:51 
File: D:\Projects\Github\NewInspect\NewInspect\Automation\Util.cs
Line: 102
Data:mouse select pathToRoot pop: target:微信, WeChatMainWndForPC, , 42,397470 

Level: Info
Date: 2023-09-20 17:09:51 
File: D:\Projects\Github\NewInspect\NewInspect\Automation\Util.cs
Line: 102
Data:mouse select pathToRoot pop: target:CWebviewHostWnd, CWebviewControlHostWnd, , 42,135404 

Level: Info
Date: 2023-09-20 17:09:51 
File: D:\Projects\Github\NewInspect\NewInspect\Automation\Util.cs
Line: 102
Data:mouse select pathToRoot pop: target:, Chrome_WidgetWin_0, , 42,200942 

Level: Info
Date: 2023-09-20 17:09:51 
File: D:\Projects\Github\NewInspect\NewInspect\Automation\Util.cs
Line: 102
Data:mouse select pathToRoot pop: target:, Chrome_RenderWidgetHostHWND, 14386112, 42,200972,4,-92 

Level: Info
Date: 2023-09-20 17:09:51 
File: D:\Projects\Github\NewInspect\NewInspect\Automation\Util.cs
Line: 102
Data:mouse select pathToRoot pop: target:, , , 42,200972,4,-95 

Level: Info
Date: 2023-09-20 17:09:53 
File: D:\Projects\Github\NewInspect\NewInspect\Automation\HightLight.cs
Line: 93
Data:time elapsed, flag:False, x:1593, y: 860

Level: Info
Date: 2023-09-20 17:09:55 
File: D:\Projects\Github\NewInspect\NewInspect\Automation\Util.cs
Line: 110
Data:mouse select find element fail

Level: Info
Date: 2023-09-20 17:09:55 
File: D:\Projects\Github\NewInspect\NewInspect\Automation\HightLight.cs
Line: 114
Data:mouse select end: element name 高州论坛

Level: Info
Date: 2023-09-20 17:09:55 
File: D:\Projects\Github\NewInspect\NewInspect\Automation\HightLight.cs
Line: 93
Data:time elapsed, flag:True, x:387, y: 355

Level: Info
Date: 2023-09-20 17:09:55 
File: D:\Projects\Github\NewInspect\NewInspect\Automation\HightLight.cs
Line: 109
Data:mouse select start: element name 

Level: Info
Date: 2023-09-20 17:09:55 
File: D:\Projects\Github\NewInspect\NewInspect\Automation\Util.cs
Line: 91
Data:mouse select pathToRoot count:2, target:, Window,  

Level: Info
Date: 2023-09-20 17:09:55 
File: D:\Projects\Github\NewInspect\NewInspect\Automation\Util.cs
Line: 102
Data:mouse select pathToRoot pop: target:MainWindow, Window, , 42,462764 

Level: Info
Date: 2023-09-20 17:09:55 
File: D:\Projects\Github\NewInspect\NewInspect\Automation\Util.cs
Line: 102
Data:mouse select pathToRoot pop: target:, Window, , 42,656096 

Level: Info
Date: 2023-09-20 17:09:55 
File: D:\Projects\Github\NewInspect\NewInspect\Automation\HightLight.cs
Line: 114
Data:mouse select end: element name 

Level: Info
Date: 2023-09-20 17:09:57 
File: D:\Projects\Github\NewInspect\NewInspect\Automation\HightLight.cs
Line: 93
Data:time elapsed, flag:True, x:403, y: 502

Level: Info
Date: 2023-09-20 17:09:59 
File: D:\Projects\Github\NewInspect\NewInspect\Automation\HightLight.cs
Line: 93
Data:time elapsed, flag:True, x:403, y: 502

Level: Info
Date: 2023-09-20 17:10:01 
File: D:\Projects\Github\NewInspect\NewInspect\Automation\HightLight.cs
Line: 93
Data:time elapsed, flag:True, x:403, y: 502

Level: Info
Date: 2023-09-20 17:10:03 
File: D:\Projects\Github\NewInspect\NewInspect\Automation\HightLight.cs
Line: 93
Data:time elapsed, flag:True, x:460, y: 96

Level: Info
Date: 2023-09-20 17:10:05 
File: D:\Projects\Github\NewInspect\NewInspect\Automation\HightLight.cs
Line: 93
Data:time elapsed, flag:True, x:457, y: 91

Level: Info
Date: 2023-09-20 17:10:07 
File: D:\Projects\Github\NewInspect\NewInspect\Automation\HightLight.cs
Line: 93
Data:time elapsed, flag:True, x:-46, y: 986

Level: Info
Date: 2023-09-20 17:10:07 
File: D:\Projects\Github\NewInspect\NewInspect\Automation\HightLight.cs
Line: 109
Data:mouse select start: element name 解决方案资源管理器

Level: Info
Date: 2023-09-20 17:10:07 
File: D:\Projects\Github\NewInspect\NewInspect\Automation\Util.cs
Line: 91
Data:mouse select pathToRoot count:8, target:解决方案资源管理器, TreeView, SolutionExplorer 

Level: Info
Date: 2023-09-20 17:10:07 
File: D:\Projects\Github\NewInspect\NewInspect\Automation\Util.cs
Line: 102
Data:mouse select pathToRoot pop: target:NECEcoModeAddin - Microsoft Visual Studio, Window, VisualStudioMainWindow, 42,395532 

Level: Info
Date: 2023-09-20 17:10:07 
File: D:\Projects\Github\NewInspect\NewInspect\Automation\Util.cs
Line: 102
Data:mouse select pathToRoot pop: target:, DockRoot, , 7,31784,37817292 

Level: Info
Date: 2023-09-20 17:10:07 
File: D:\Projects\Github\NewInspect\NewInspect\Automation\Util.cs
Line: 102
Data:mouse select pathToRoot pop: target:解决方案资源管理器, ToolWindowTabGroupContainer, TabGroup|ST:0:0:{3ae79031-e1bc-11d0-8f78-00a0c9110057}|ST:0:0:{1c64b9c2-e352-428e-a56d-0ace190b99a6}|ST:0:0:{c9c0ae26-aa77-11d2-b3f0-0000f87570ee}|ST:0:0:{2d7728c2-de0a-45b5-99aa-89b609dfde73}, 7,31784,14506261 

Level: Info
Date: 2023-09-20 17:10:07 
File: D:\Projects\Github\NewInspect\NewInspect\Automation\Util.cs
Line: 102
Data:mouse select pathToRoot pop: target:, ToolWindowTabGroup, TabGroup|ST:0:0:{3ae79031-e1bc-11d0-8f78-00a0c9110057}|ST:0:0:{1c64b9c2-e352-428e-a56d-0ace190b99a6}|ST:0:0:{c9c0ae26-aa77-11d2-b3f0-0000f87570ee}|ST:0:0:{2d7728c2-de0a-45b5-99aa-89b609dfde73}, 7,31784,234631 

Level: Info
Date: 2023-09-20 17:10:07 
File: D:\Projects\Github\NewInspect\NewInspect\Automation\Util.cs
Line: 102
Data:mouse select pathToRoot pop: target:解决方案资源管理器, TabItem, TAB_ST:0:0:{3ae79031-e1bc-11d0-8f78-00a0c9110057}, 7,31784,1409874 

Level: Info
Date: 2023-09-20 17:10:08 
File: D:\Projects\Github\NewInspect\NewInspect\Automation\Util.cs
Line: 102
Data:mouse select pathToRoot pop: target:解决方案资源管理器, ViewPresenter, ST:0:0:{3ae79031-e1bc-11d0-8f78-00a0c9110057}, 7,31784,36714862 

Level: Info
Date: 2023-09-20 17:10:08 
File: D:\Projects\Github\NewInspect\NewInspect\Automation\Util.cs
Line: 102
Data:mouse select pathToRoot pop: target:解决方案资源管理器, GenericPane, , 7,31784,10177686 

Level: Info
Date: 2023-09-20 17:10:08 
File: D:\Projects\Github\NewInspect\NewInspect\Automation\Util.cs
Line: 102
Data:mouse select pathToRoot pop: target:解决方案资源管理器, TreeView, SolutionExplorer, 7,31784,24490310 

Level: Info
Date: 2023-09-20 17:10:08 
File: D:\Projects\Github\NewInspect\NewInspect\Automation\HightLight.cs
Line: 114
Data:mouse select end: element name 解决方案资源管理器

Level: Info
Date: 2023-09-20 17:10:09 
File: D:\Projects\Github\NewInspect\NewInspect\Automation\HightLight.cs
Line: 93
Data:time elapsed, flag:True, x:463, y: 675

Level: Info
Date: 2023-09-20 17:10:09 
File: D:\Projects\Github\NewInspect\NewInspect\Automation\HightLight.cs
Line: 109
Data:mouse select start: element name Text Editor

Level: Info
Date: 2023-09-20 17:10:09 
File: D:\Projects\Github\NewInspect\NewInspect\Automation\Util.cs
Line: 91
Data:mouse select pathToRoot count:8, target:Text Editor, WpfTextView, WpfTextView 

Level: Info
Date: 2023-09-20 17:10:09 
File: D:\Projects\Github\NewInspect\NewInspect\Automation\Util.cs
Line: 102
Data:mouse select pathToRoot pop: target:NewInspect (正在运行) - Microsoft Visual Studio(管理员), Window, VisualStudioMainWindow, 42,922152 

Level: Info
Date: 2023-09-20 17:10:09 
File: D:\Projects\Github\NewInspect\NewInspect\Automation\Util.cs
Line: 102
Data:mouse select pathToRoot pop: target:, DockRoot, , 7,46260,21939631 

Level: Info
Date: 2023-09-20 17:10:09 
File: D:\Projects\Github\NewInspect\NewInspect\Automation\Util.cs
Line: 102
Data:mouse select pathToRoot pop: target:, DocumentGroup, , 7,46260,5835697 

Level: Info
Date: 2023-09-20 17:10:09 
File: D:\Projects\Github\NewInspect\NewInspect\Automation\Util.cs
Line: 102
Data:mouse select pathToRoot pop: target:Util.cs, TabItem, , 7,46260,11543018 

Level: Info
Date: 2023-09-20 17:10:09 
File: D:\Projects\Github\NewInspect\NewInspect\Automation\Util.cs
Line: 102
Data:mouse select pathToRoot pop: target:Util.cs, ViewPresenter, D:0:0:{2BFF6007-1B65-4A99-8893-D59103165780}|NewInspect\NewInspect.csproj|D:\Projects\Github\NewInspect\newinspect\automation\util.cs||{A6C744A8-0E4A-4FC6-886A-064283054674}, 7,46260,46057362 

Level: Info
Date: 2023-09-20 17:10:09 
File: D:\Projects\Github\NewInspect\NewInspect\Automation\Util.cs
Line: 102
Data:mouse select pathToRoot pop: target:Util.cs, GenericPane, , 7,46260,29476029 

Level: Info
Date: 2023-09-20 17:10:09 
File: D:\Projects\Github\NewInspect\NewInspect\Automation\Util.cs
Line: 102
Data:mouse select pathToRoot pop: target:, , WpfTextViewHost, 7,46260,63957673 

Level: Info
Date: 2023-09-20 17:10:10 
File: D:\Projects\Github\NewInspect\NewInspect\Automation\Util.cs
Line: 102
Data:mouse select pathToRoot pop: target:Text Editor, WpfTextView, WpfTextView, 7,46260,38748148 

Level: Info
Date: 2023-09-20 17:10:10 
File: D:\Projects\Github\NewInspect\NewInspect\Automation\HightLight.cs
Line: 114
Data:mouse select end: element name Text Editor

Level: Info
Date: 2023-09-20 17:10:11 
File: D:\Projects\Github\NewInspect\NewInspect\Automation\HightLight.cs
Line: 93
Data:time elapsed, flag:True, x:1596, y: 546

Level: Info
Date: 2023-09-20 17:10:11 
File: D:\Projects\Github\NewInspect\NewInspect\Automation\HightLight.cs
Line: 109
Data:mouse select start: element name 微信

Level: Info
Date: 2023-09-20 17:10:11 
File: D:\Projects\Github\NewInspect\NewInspect\Automation\Util.cs
Line: 91
Data:mouse select pathToRoot count:1, target:微信, WeChatMainWndForPC,  

Level: Info
Date: 2023-09-20 17:10:11 
File: D:\Projects\Github\NewInspect\NewInspect\Automation\Util.cs
Line: 102
Data:mouse select pathToRoot pop: target:微信, WeChatMainWndForPC, , 42,397470 

Level: Info
Date: 2023-09-20 17:10:11 
File: D:\Projects\Github\NewInspect\NewInspect\Automation\HightLight.cs
Line: 114
Data:mouse select end: element name 微信

Level: Info
Date: 2023-09-20 17:10:13 
File: D:\Projects\Github\NewInspect\NewInspect\Automation\HightLight.cs
Line: 93
Data:time elapsed, flag:True, x:989, y: 527

Level: Info
Date: 2023-09-20 17:10:13 
File: D:\Projects\Github\NewInspect\NewInspect\Automation\HightLight.cs
Line: 109
Data:mouse select start: element name Logger.cs

Level: Info
Date: 2023-09-20 17:10:13 
File: D:\Projects\Github\NewInspect\NewInspect\Automation\Util.cs
Line: 91
Data:mouse select pathToRoot count:5, target:Logger.cs, DragUndockHeaderTitleBar,  

Level: Info
Date: 2023-09-20 17:10:13 
File: D:\Projects\Github\NewInspect\NewInspect\Automation\Util.cs
Line: 102
Data:mouse select pathToRoot pop: target:NewInspect (正在运行) - Microsoft Visual Studio(管理员), Window, VisualStudioMainWindow, 42,922152 

Level: Info
Date: 2023-09-20 17:10:13 
File: D:\Projects\Github\NewInspect\NewInspect\Automation\Util.cs
Line: 102
Data:mouse select pathToRoot pop: target:, DockRoot, , 7,46260,21939631 

Level: Info
Date: 2023-09-20 17:10:13 
File: D:\Projects\Github\NewInspect\NewInspect\Automation\Util.cs
Line: 102
Data:mouse select pathToRoot pop: target:, DocumentGroup, , 7,46260,5835697 

Level: Info
Date: 2023-09-20 17:10:13 
File: D:\Projects\Github\NewInspect\NewInspect\Automation\Util.cs
Line: 102
Data:mouse select pathToRoot pop: target:Logger.cs, TabItem, , 7,46260,20055239 

Level: Info
Date: 2023-09-20 17:10:13 
File: D:\Projects\Github\NewInspect\NewInspect\Automation\Util.cs
Line: 102
Data:mouse select pathToRoot pop: target:Logger.cs, DragUndockHeaderTitleBar, , 7,46260,46279426 

Level: Info
Date: 2023-09-20 17:10:13 
File: D:\Projects\Github\NewInspect\NewInspect\Automation\HightLight.cs
Line: 114
Data:mouse select end: element name Logger.cs

Level: Info
Date: 2023-09-20 17:10:15 
File: D:\Projects\Github\NewInspect\NewInspect\Automation\HightLight.cs
Line: 93
Data:time elapsed, flag:True, x:1270, y: 533

Level: Info
Date: 2023-09-20 17:10:15 
File: D:\Projects\Github\NewInspect\NewInspect\Automation\HightLight.cs
Line: 109
Data:mouse select start: element name HightLight.cs

Level: Info
Date: 2023-09-20 17:10:15 
File: D:\Projects\Github\NewInspect\NewInspect\Automation\Util.cs
Line: 91
Data:mouse select pathToRoot count:5, target:HightLight.cs, DragUndockHeaderTitleBar,  

Level: Info
Date: 2023-09-20 17:10:15 
File: D:\Projects\Github\NewInspect\NewInspect\Automation\Util.cs
Line: 102
Data:mouse select pathToRoot pop: target:NewInspect (正在运行) - Microsoft Visual Studio(管理员), Window, VisualStudioMainWindow, 42,922152 

Level: Info
Date: 2023-09-20 17:10:15 
File: D:\Projects\Github\NewInspect\NewInspect\Automation\Util.cs
Line: 102
Data:mouse select pathToRoot pop: target:, DockRoot, , 7,46260,21939631 

Level: Info
Date: 2023-09-20 17:10:15 
File: D:\Projects\Github\NewInspect\NewInspect\Automation\Util.cs
Line: 102
Data:mouse select pathToRoot pop: target:, DocumentGroup, , 7,46260,5835697 

Level: Info
Date: 2023-09-20 17:10:15 
File: D:\Projects\Github\NewInspect\NewInspect\Automation\Util.cs
Line: 102
Data:mouse select pathToRoot pop: target:HightLight.cs, TabItem, , 7,46260,38818593 

Level: Info
Date: 2023-09-20 17:10:15 
File: D:\Projects\Github\NewInspect\NewInspect\Automation\Util.cs
Line: 102
Data:mouse select pathToRoot pop: target:HightLight.cs, DragUndockHeaderTitleBar, , 7,46260,13823022 

Level: Info
Date: 2023-09-20 17:10:15 
File: D:\Projects\Github\NewInspect\NewInspect\Automation\HightLight.cs
Line: 114
Data:mouse select end: element name HightLight.cs

Level: Info
Date: 2023-09-20 17:10:17 
File: D:\Projects\Github\NewInspect\NewInspect\Automation\HightLight.cs
Line: 93
Data:time elapsed, flag:True, x:848, y: 888

Level: Info
Date: 2023-09-20 17:10:17 
File: D:\Projects\Github\NewInspect\NewInspect\Automation\HightLight.cs
Line: 109
Data:mouse select start: element name Text Editor

Level: Info
Date: 2023-09-20 17:10:17 
File: D:\Projects\Github\NewInspect\NewInspect\Automation\Util.cs
Line: 91
Data:mouse select pathToRoot count:8, target:Text Editor, WpfTextView, WpfTextView 

Level: Info
Date: 2023-09-20 17:10:17 
File: D:\Projects\Github\NewInspect\NewInspect\Automation\Util.cs
Line: 102
Data:mouse select pathToRoot pop: target:NewInspect (正在运行) - Microsoft Visual Studio(管理员), Window, VisualStudioMainWindow, 42,922152 

Level: Info
Date: 2023-09-20 17:10:17 
File: D:\Projects\Github\NewInspect\NewInspect\Automation\Util.cs
Line: 102
Data:mouse select pathToRoot pop: target:, DockRoot, , 7,46260,21939631 

Level: Info
Date: 2023-09-20 17:10:17 
File: D:\Projects\Github\NewInspect\NewInspect\Automation\Util.cs
Line: 102
Data:mouse select pathToRoot pop: target:, DocumentGroup, , 7,46260,5835697 

Level: Info
Date: 2023-09-20 17:10:17 
File: D:\Projects\Github\NewInspect\NewInspect\Automation\Util.cs
Line: 102
Data:mouse select pathToRoot pop: target:Util.cs, TabItem, , 7,46260,11543018 

Level: Info
Date: 2023-09-20 17:10:17 
File: D:\Projects\Github\NewInspect\NewInspect\Automation\Util.cs
Line: 102
Data:mouse select pathToRoot pop: target:Util.cs, ViewPresenter, D:0:0:{2BFF6007-1B65-4A99-8893-D59103165780}|NewInspect\NewInspect.csproj|D:\Projects\Github\NewInspect\newinspect\automation\util.cs||{A6C744A8-0E4A-4FC6-886A-064283054674}, 7,46260,46057362 

Level: Info
Date: 2023-09-20 17:10:17 
File: D:\Projects\Github\NewInspect\NewInspect\Automation\Util.cs
Line: 102
Data:mouse select pathToRoot pop: target:Util.cs, GenericPane, , 7,46260,29476029 

Level: Info
Date: 2023-09-20 17:10:17 
File: D:\Projects\Github\NewInspect\NewInspect\Automation\Util.cs
Line: 102
Data:mouse select pathToRoot pop: target:, , WpfTextViewHost, 7,46260,63957673 

Level: Info
Date: 2023-09-20 17:10:17 
File: D:\Projects\Github\NewInspect\NewInspect\Automation\Util.cs
Line: 102
Data:mouse select pathToRoot pop: target:Text Editor, WpfTextView, WpfTextView, 7,46260,38748148 

Level: Info
Date: 2023-09-20 17:10:17 
File: D:\Projects\Github\NewInspect\NewInspect\Automation\HightLight.cs
Line: 114
Data:mouse select end: element name Text Editor

Level: Info
Date: 2023-09-20 17:10:19 
File: D:\Projects\Github\NewInspect\NewInspect\Automation\HightLight.cs
Line: 93
Data:time elapsed, flag:True, x:848, y: 888

Level: Info
Date: 2023-09-20 17:10:21 
File: D:\Projects\Github\NewInspect\NewInspect\Automation\HightLight.cs
Line: 93
Data:time elapsed, flag:True, x:848, y: 888

Level: Info
Date: 2023-09-20 17:10:23 
File: D:\Projects\Github\NewInspect\NewInspect\Automation\HightLight.cs
Line: 93
Data:time elapsed, flag:True, x:385, y: 844

Level: Info
Date: 2023-09-20 17:10:25 
File: D:\Projects\Github\NewInspect\NewInspect\Automation\HightLight.cs
Line: 93
Data:time elapsed, flag:True, x:94, y: 765

Level: Info
Date: 2023-09-20 17:10:25 
File: D:\Projects\Github\NewInspect\NewInspect\Automation\HightLight.cs
Line: 109
Data:mouse select start: element name 将断点添加到行

Level: Info
Date: 2023-09-20 17:10:25 
File: D:\Projects\Github\NewInspect\NewInspect\Automation\Util.cs
Line: 91
Data:mouse select pathToRoot count:9, target:将断点添加到行, Image,  

Level: Info
Date: 2023-09-20 17:10:25 
File: D:\Projects\Github\NewInspect\NewInspect\Automation\Util.cs
Line: 102
Data:mouse select pathToRoot pop: target:NewInspect (正在运行) - Microsoft Visual Studio(管理员), Window, VisualStudioMainWindow, 42,922152 

Level: Info
Date: 2023-09-20 17:10:25 
File: D:\Projects\Github\NewInspect\NewInspect\Automation\Util.cs
Line: 102
Data:mouse select pathToRoot pop: target:, DockRoot, , 7,46260,21939631 

Level: Info
Date: 2023-09-20 17:10:25 
File: D:\Projects\Github\NewInspect\NewInspect\Automation\Util.cs
Line: 102
Data:mouse select pathToRoot pop: target:, DocumentGroup, , 7,46260,5835697 

Level: Info
Date: 2023-09-20 17:10:25 
File: D:\Projects\Github\NewInspect\NewInspect\Automation\Util.cs
Line: 102
Data:mouse select pathToRoot pop: target:Util.cs, TabItem, , 7,46260,11543018 

Level: Info
Date: 2023-09-20 17:10:25 
File: D:\Projects\Github\NewInspect\NewInspect\Automation\Util.cs
Line: 102
Data:mouse select pathToRoot pop: target:Util.cs, ViewPresenter, D:0:0:{2BFF6007-1B65-4A99-8893-D59103165780}|NewInspect\NewInspect.csproj|D:\Projects\Github\NewInspect\newinspect\automation\util.cs||{A6C744A8-0E4A-4FC6-886A-064283054674}, 7,46260,46057362 

Level: Info
Date: 2023-09-20 17:10:25 
File: D:\Projects\Github\NewInspect\NewInspect\Automation\Util.cs
Line: 102
Data:mouse select pathToRoot pop: target:Util.cs, GenericPane, , 7,46260,29476029 

Level: Info
Date: 2023-09-20 17:10:25 
File: D:\Projects\Github\NewInspect\NewInspect\Automation\Util.cs
Line: 102
Data:mouse select pathToRoot pop: target:, , WpfTextViewHost, 7,46260,63957673 

Level: Info
Date: 2023-09-20 17:10:25 
File: D:\Projects\Github\NewInspect\NewInspect\Automation\Util.cs
Line: 102
Data:mouse select pathToRoot pop: target:Glyph Margin Grid, GlyphMarginGrid, WpfEditorUIGlyphMarginGrid, 7,46260,52141582 

Level: Info
Date: 2023-09-20 17:10:25 
File: D:\Projects\Github\NewInspect\NewInspect\Automation\Util.cs
Line: 102
Data:mouse select pathToRoot pop: target:将断点添加到行, Image, , 7,46260,35325133 

Level: Info
Date: 2023-09-20 17:10:25 
File: D:\Projects\Github\NewInspect\NewInspect\Automation\HightLight.cs
Line: 114
Data:mouse select end: element name 将断点添加到行

Level: Info
Date: 2023-09-20 17:10:27 
File: D:\Projects\Github\NewInspect\NewInspect\Automation\HightLight.cs
Line: 93
Data:time elapsed, flag:True, x:76, y: 956

Level: Info
Date: 2023-09-20 17:10:27 
File: D:\Projects\Github\NewInspect\NewInspect\Automation\HightLight.cs
Line: 109
Data:mouse select start: element name 将断点添加到行

Level: Info
Date: 2023-09-20 17:10:27 
File: D:\Projects\Github\NewInspect\NewInspect\Automation\Util.cs
Line: 91
Data:mouse select pathToRoot count:9, target:将断点添加到行, Image,  

Level: Info
Date: 2023-09-20 17:10:27 
File: D:\Projects\Github\NewInspect\NewInspect\Automation\Util.cs
Line: 102
Data:mouse select pathToRoot pop: target:NewInspect (正在运行) - Microsoft Visual Studio(管理员), Window, VisualStudioMainWindow, 42,922152 

Level: Info
Date: 2023-09-20 17:10:27 
File: D:\Projects\Github\NewInspect\NewInspect\Automation\Util.cs
Line: 102
Data:mouse select pathToRoot pop: target:, DockRoot, , 7,46260,21939631 

Level: Info
Date: 2023-09-20 17:10:27 
File: D:\Projects\Github\NewInspect\NewInspect\Automation\Util.cs
Line: 102
Data:mouse select pathToRoot pop: target:, DocumentGroup, , 7,46260,5835697 

Level: Info
Date: 2023-09-20 17:10:27 
File: D:\Projects\Github\NewInspect\NewInspect\Automation\Util.cs
Line: 102
Data:mouse select pathToRoot pop: target:Util.cs, TabItem, , 7,46260,11543018 

Level: Info
Date: 2023-09-20 17:10:27 
File: D:\Projects\Github\NewInspect\NewInspect\Automation\Util.cs
Line: 102
Data:mouse select pathToRoot pop: target:Util.cs, ViewPresenter, D:0:0:{2BFF6007-1B65-4A99-8893-D59103165780}|NewInspect\NewInspect.csproj|D:\Projects\Github\NewInspect\newinspect\automation\util.cs||{A6C744A8-0E4A-4FC6-886A-064283054674}, 7,46260,46057362 

Level: Info
Date: 2023-09-20 17:10:27 
File: D:\Projects\Github\NewInspect\NewInspect\Automation\Util.cs
Line: 102
Data:mouse select pathToRoot pop: target:Util.cs, GenericPane, , 7,46260,29476029 

Level: Info
Date: 2023-09-20 17:10:27 
File: D:\Projects\Github\NewInspect\NewInspect\Automation\Util.cs
Line: 102
Data:mouse select pathToRoot pop: target:, , WpfTextViewHost, 7,46260,63957673 

Level: Info
Date: 2023-09-20 17:10:27 
File: D:\Projects\Github\NewInspect\NewInspect\Automation\Util.cs
Line: 102
Data:mouse select pathToRoot pop: target:Glyph Margin Grid, GlyphMarginGrid, WpfEditorUIGlyphMarginGrid, 7,46260,52141582 

Level: Info
Date: 2023-09-20 17:10:27 
File: D:\Projects\Github\NewInspect\NewInspect\Automation\Util.cs
Line: 102
Data:mouse select pathToRoot pop: target:将断点添加到行, Image, , 7,46260,29395950 

Level: Info
Date: 2023-09-20 17:10:27 
File: D:\Projects\Github\NewInspect\NewInspect\Automation\Util.cs
Line: 110
Data:mouse select find element fail

Level: Info
Date: 2023-09-20 17:10:27 
File: D:\Projects\Github\NewInspect\NewInspect\Automation\HightLight.cs
Line: 114
Data:mouse select end: element name 将断点添加到行

Level: Info
Date: 2023-09-20 17:10:29 
File: D:\Projects\Github\NewInspect\NewInspect\Automation\HightLight.cs
Line: 93
Data:time elapsed, flag:True, x:1770, y: 1599

Level: Info
Date: 2023-09-20 17:10:29 
File: D:\Projects\Github\NewInspect\NewInspect\Automation\HightLight.cs
Line: 109
Data:mouse select start: element name 

Level: Info
Date: 2023-09-20 17:10:29 
File: D:\Projects\Github\NewInspect\NewInspect\Automation\Util.cs
Line: 91
Data:mouse select pathToRoot count:4, target:, Taskbar.TaskbarFrameAutomationPeer, TaskbarFrame 

Level: Info
Date: 2023-09-20 17:10:29 
File: D:\Projects\Github\NewInspect\NewInspect\Automation\Util.cs
Line: 102
Data:mouse select pathToRoot pop: target:任务栏, Shell_TrayWnd, , 42,262286 

Level: Info
Date: 2023-09-20 17:10:29 
File: D:\Projects\Github\NewInspect\NewInspect\Automation\Util.cs
Line: 102
Data:mouse select pathToRoot pop: target:DesktopWindowXamlSource, Windows.UI.Composition.DesktopWindowContentBridge, , 42,66712 

Level: Info
Date: 2023-09-20 17:11:09 
File: D:\Projects\Github\NewInspect\NewInspect\Automation\HightLight.cs
Line: 93
Data:time elapsed, flag:False, x:2040, y: 1231

Level: Info
Date: 2023-09-20 17:11:09 
File: D:\Projects\Github\NewInspect\NewInspect\Automation\HightLight.cs
Line: 114
Data:mouse select end: element name 

Level: Info
Date: 2023-09-20 17:11:10 
File: D:\Projects\Github\NewInspect\NewInspect\Automation\HightLight.cs
Line: 93
Data:time elapsed, flag:True, x:974, y: 111

Level: Info
Date: 2023-09-20 17:11:10 
File: D:\Projects\Github\NewInspect\NewInspect\Automation\HightLight.cs
Line: 109
Data:mouse select start: element name 调试目标

Level: Info
Date: 2023-09-20 17:11:10 
File: D:\Projects\Github\NewInspect\NewInspect\Automation\Util.cs
Line: 91
Data:mouse select pathToRoot count:4, target:调试目标, MenuItem, PART_FocusTarget 

Level: Info
Date: 2023-09-20 17:11:10 
File: D:\Projects\Github\NewInspect\NewInspect\Automation\Util.cs
Line: 102
Data:mouse select pathToRoot pop: target:NewInspect (正在调试) - Microsoft Visual Studio(管理员), Window, VisualStudioMainWindow, 42,922152 

Level: Info
Date: 2023-09-20 17:11:10 
File: D:\Projects\Github\NewInspect\NewInspect\Automation\Util.cs
Line: 102
Data:mouse select pathToRoot pop: target:ToolBarDockTop, , , 7,46260,46641368 

Level: Info
Date: 2023-09-20 17:11:10 
File: D:\Projects\Github\NewInspect\NewInspect\Automation\Util.cs
Line: 102
Data:mouse select pathToRoot pop: target:标准, ToolBar, , 7,46260,24990733 

Level: Info
Date: 2023-09-20 17:11:10 
File: D:\Projects\Github\NewInspect\NewInspect\Automation\Util.cs
Line: 102
Data:mouse select pathToRoot pop: target:调试目标, MenuItem, PART_FocusTarget, 7,46260,4582792 

Level: Info
Date: 2023-09-20 17:11:10 
File: D:\Projects\Github\NewInspect\NewInspect\Automation\HightLight.cs
Line: 114
Data:mouse select end: element name 调试目标

Level: Info
Date: 2023-09-20 17:11:12 
File: D:\Projects\Github\NewInspect\NewInspect\Automation\HightLight.cs
Line: 93
Data:time elapsed, flag:True, x:1609, y: 1491

Level: Info
Date: 2023-09-20 17:11:12 
File: D:\Projects\Github\NewInspect\NewInspect\Automation\HightLight.cs
Line: 109
Data:mouse select start: element name 

Level: Info
Date: 2023-09-20 17:11:12 
File: D:\Projects\Github\NewInspect\NewInspect\Automation\Util.cs
Line: 91
Data:mouse select pathToRoot count:2, target:, StatusBar, StatusBarContainer 

Level: Info
Date: 2023-09-20 17:11:12 
File: D:\Projects\Github\NewInspect\NewInspect\Automation\Util.cs
Line: 102
Data:mouse select pathToRoot pop: target:NewInspect (正在运行) - Microsoft Visual Studio(管理员), Window, VisualStudioMainWindow, 42,922152 

Level: Info
Date: 2023-09-20 17:11:12 
File: D:\Projects\Github\NewInspect\NewInspect\Automation\Util.cs
Line: 102
Data:mouse select pathToRoot pop: target:, StatusBar, StatusBarContainer, 7,46260,15610594 

Level: Info
Date: 2023-09-20 17:11:12 
File: D:\Projects\Github\NewInspect\NewInspect\Automation\HightLight.cs
Line: 114
Data:mouse select end: element name 

Level: Info
Date: 2023-09-20 17:11:14 
File: D:\Projects\Github\NewInspect\NewInspect\Automation\HightLight.cs
Line: 93
Data:time elapsed, flag:True, x:1765, y: 1103

Level: Info
Date: 2023-09-20 17:11:14 
File: D:\Projects\Github\NewInspect\NewInspect\Automation\HightLight.cs
Line: 109
Data:mouse select start: element name 深圳光明

Level: Info
Date: 2023-09-20 17:11:14 
File: D:\Projects\Github\NewInspect\NewInspect\Automation\Util.cs
Line: 91
Data:mouse select pathToRoot count:9, target:深圳光明, ,  

Level: Info
Date: 2023-09-20 17:11:14 
File: D:\Projects\Github\NewInspect\NewInspect\Automation\Util.cs
Line: 102
Data:mouse select pathToRoot pop: target:微信, WeChatMainWndForPC, , 42,397470 

Level: Info
Date: 2023-09-20 17:11:14 
File: D:\Projects\Github\NewInspect\NewInspect\Automation\Util.cs
Line: 102
Data:mouse select pathToRoot pop: target:CWebviewHostWnd, CWebviewControlHostWnd, , 42,135404 

Level: Info
Date: 2023-09-20 17:11:14 
File: D:\Projects\Github\NewInspect\NewInspect\Automation\Util.cs
Line: 102
Data:mouse select pathToRoot pop: target:, Chrome_WidgetWin_0, , 42,200942 

Level: Info
Date: 2023-09-20 17:11:14 
File: D:\Projects\Github\NewInspect\NewInspect\Automation\Util.cs
Line: 102
Data:mouse select pathToRoot pop: target:, Chrome_RenderWidgetHostHWND, 14386112, 42,200972,4,-92 

Level: Info
Date: 2023-09-20 17:11:14 
File: D:\Projects\Github\NewInspect\NewInspect\Automation\Util.cs
Line: 102
Data:mouse select pathToRoot pop: target:, , , 42,200972,4,-95 

Level: Info
Date: 2023-09-20 17:11:16 
File: D:\Projects\Github\NewInspect\NewInspect\Automation\HightLight.cs
Line: 93
Data:time elapsed, flag:False, x:1848, y: 1009

Level: Info
Date: 2023-09-20 17:11:18 
File: D:\Projects\Github\NewInspect\NewInspect\Automation\HightLight.cs
Line: 93
Data:time elapsed, flag:False, x:1848, y: 1009

Level: Info
Date: 2023-09-20 17:11:18 
File: D:\Projects\Github\NewInspect\NewInspect\Automation\Util.cs
Line: 110
Data:mouse select find element fail

Level: Info
Date: 2023-09-20 17:11:18 
File: D:\Projects\Github\NewInspect\NewInspect\Automation\HightLight.cs
Line: 114
Data:mouse select end: element name 深圳光明

Level: Info
Date: 2023-09-20 17:11:20 
File: D:\Projects\Github\NewInspect\NewInspect\Automation\HightLight.cs
Line: 93
Data:time elapsed, flag:True, x:1728, y: 1004

Level: Info
Date: 2023-09-20 17:11:20 
File: D:\Projects\Github\NewInspect\NewInspect\Automation\HightLight.cs
Line: 109
Data:mouse select start: element name 高州论坛

Level: Info
Date: 2023-09-20 17:11:20 
File: D:\Projects\Github\NewInspect\NewInspect\Automation\Util.cs
Line: 91
Data:mouse select pathToRoot count:11, target:高州论坛, ,  

Level: Info
Date: 2023-09-20 17:11:20 
File: D:\Projects\Github\NewInspect\NewInspect\Automation\Util.cs
Line: 102
Data:mouse select pathToRoot pop: target:微信, WeChatMainWndForPC, , 42,397470 

Level: Info
Date: 2023-09-20 17:11:20 
File: D:\Projects\Github\NewInspect\NewInspect\Automation\Util.cs
Line: 102
Data:mouse select pathToRoot pop: target:CWebviewHostWnd, CWebviewControlHostWnd, , 42,135404 

Level: Info
Date: 2023-09-20 17:11:20 
File: D:\Projects\Github\NewInspect\NewInspect\Automation\Util.cs
Line: 102
Data:mouse select pathToRoot pop: target:, Chrome_WidgetWin_0, , 42,200942 

Level: Info
Date: 2023-09-20 17:11:20 
File: D:\Projects\Github\NewInspect\NewInspect\Automation\Util.cs
Line: 102
Data:mouse select pathToRoot pop: target:, Chrome_RenderWidgetHostHWND, 14386112, 42,200972,4,-92 

Level: Info
Date: 2023-09-20 17:11:20 
File: D:\Projects\Github\NewInspect\NewInspect\Automation\Util.cs
Line: 102
Data:mouse select pathToRoot pop: target:, , , 42,200972,4,-95 

Level: Info
Date: 2023-09-20 17:11:22 
File: D:\Projects\Github\NewInspect\NewInspect\Automation\HightLight.cs
Line: 93
Data:time elapsed, flag:False, x:1728, y: 1004

Level: Info
Date: 2023-09-20 17:11:24 
File: D:\Projects\Github\NewInspect\NewInspect\Automation\HightLight.cs
Line: 93
Data:time elapsed, flag:False, x:1728, y: 1004

Level: Info
Date: 2023-09-20 17:11:24 
File: D:\Projects\Github\NewInspect\NewInspect\Automation\Util.cs
Line: 110
Data:mouse select find element fail

Level: Info
Date: 2023-09-20 17:11:24 
File: D:\Projects\Github\NewInspect\NewInspect\Automation\HightLight.cs
Line: 114
Data:mouse select end: element name 高州论坛

Level: Info
Date: 2023-09-20 17:11:26 
File: D:\Projects\Github\NewInspect\NewInspect\Automation\HightLight.cs
Line: 93
Data:time elapsed, flag:True, x:1718, y: 1013

Level: Info
Date: 2023-09-20 17:11:28 
File: D:\Projects\Github\NewInspect\NewInspect\Automation\HightLight.cs
Line: 93
Data:time elapsed, flag:True, x:2020, y: 1010

Level: Info
Date: 2023-09-20 17:11:28 
File: D:\Projects\Github\NewInspect\NewInspect\Automation\HightLight.cs
Line: 109
Data:mouse select start: element name 深圳本地宝

Level: Info
Date: 2023-09-20 17:11:28 
File: D:\Projects\Github\NewInspect\NewInspect\Automation\Util.cs
Line: 91
Data:mouse select pathToRoot count:11, target:深圳本地宝, ,  

Level: Info
Date: 2023-09-20 17:11:28 
File: D:\Projects\Github\NewInspect\NewInspect\Automation\Util.cs
Line: 102
Data:mouse select pathToRoot pop: target:微信, WeChatMainWndForPC, , 42,397470 

Level: Info
Date: 2023-09-20 17:11:28 
File: D:\Projects\Github\NewInspect\NewInspect\Automation\Util.cs
Line: 102
Data:mouse select pathToRoot pop: target:CWebviewHostWnd, CWebviewControlHostWnd, , 42,135404 

Level: Info
Date: 2023-09-20 17:11:28 
File: D:\Projects\Github\NewInspect\NewInspect\Automation\Util.cs
Line: 102
Data:mouse select pathToRoot pop: target:, Chrome_WidgetWin_0, , 42,200942 

Level: Info
Date: 2023-09-20 17:11:28 
File: D:\Projects\Github\NewInspect\NewInspect\Automation\Util.cs
Line: 102
Data:mouse select pathToRoot pop: target:, Chrome_RenderWidgetHostHWND, 14386112, 42,200972,4,-92 

Level: Info
Date: 2023-09-20 17:11:28 
File: D:\Projects\Github\NewInspect\NewInspect\Automation\Util.cs
Line: 102
Data:mouse select pathToRoot pop: target:, , , 42,200972,4,-95 

Level: Info
Date: 2023-09-20 17:11:30 
File: D:\Projects\Github\NewInspect\NewInspect\Automation\HightLight.cs
Line: 93
Data:time elapsed, flag:False, x:102, y: 1028

Level: Info
Date: 2023-09-20 17:11:32 
File: D:\Projects\Github\NewInspect\NewInspect\Automation\HightLight.cs
Line: 93
Data:time elapsed, flag:False, x:1434, y: 1585

