Level: Info
Date: 2023-09-20 18:23:39 
File: D:\Projects\Github\NewInspect\NewInspect\MainWindow.xaml.cs
Line: 40
Data:MainWindow Setup

Level: Info
Date: 2023-09-20 18:23:46 
File: D:\Projects\Github\NewInspect\NewInspect\Automation\HightLight.cs
Line: 101
Data:time elapsed, flag:True, x:1948, y: 681

Level: Info
Date: 2023-09-20 18:23:46 
File: D:\Projects\Github\NewInspect\NewInspect\Automation\HightLight.cs
Line: 117
Data:mouse select start: element name 高州论坛

Level: Info
Date: 2023-09-20 18:23:48 
File: D:\Projects\Github\NewInspect\NewInspect\Automation\Util.cs
Line: 154
Data:time span 1.8413032

Level: Info
Date: 2023-09-20 18:23:48 
File: D:\Projects\Github\NewInspect\NewInspect\Automation\HightLight.cs
Line: 122
Data:mouse select end: element name 高州论坛

Level: Info
Date: 2023-09-20 18:23:48 
File: D:\Projects\Github\NewInspect\NewInspect\Automation\HightLight.cs
Line: 101
Data:time elapsed, flag:True, x:1948, y: 681

Level: Info
Date: 2023-09-20 18:23:50 
File: D:\Projects\Github\NewInspect\NewInspect\Automation\HightLight.cs
Line: 92
Data:mouse curor in main window

Level: Info
Date: 2023-09-20 18:23:52 
File: D:\Projects\Github\NewInspect\NewInspect\Automation\HightLight.cs
Line: 92
Data:mouse curor in main window

Level: Info
Date: 2023-09-20 18:23:54 
File: D:\Projects\Github\NewInspect\NewInspect\Automation\HightLight.cs
Line: 101
Data:time elapsed, flag:True, x:474, y: 188

Level: Info
Date: 2023-09-20 18:23:54 
File: D:\Projects\Github\NewInspect\NewInspect\Automation\HightLight.cs
Line: 117
Data:mouse select start: element name 

Level: Info
Date: 2023-09-20 18:23:56 
File: D:\Projects\Github\NewInspect\NewInspect\Automation\HightLight.cs
Line: 101
Data:time elapsed, flag:False, x:323, y: 405

Level: Info
Date: 2023-09-20 18:23:58 
File: D:\Projects\Github\NewInspect\NewInspect\Automation\HightLight.cs
Line: 101
Data:time elapsed, flag:False, x:1280, y: 515

Level: Info
Date: 2023-09-20 18:24:00 
File: D:\Projects\Github\NewInspect\NewInspect\Automation\HightLight.cs
Line: 101
Data:time elapsed, flag:False, x:289, y: 1242

Level: Info
Date: 2023-09-20 18:24:02 
File: D:\Projects\Github\NewInspect\NewInspect\Automation\HightLight.cs
Line: 101
Data:time elapsed, flag:False, x:1410, y: 213

Level: Info
Date: 2023-09-20 18:24:04 
File: D:\Projects\Github\NewInspect\NewInspect\Automation\HightLight.cs
Line: 101
Data:time elapsed, flag:False, x:701, y: 470

Level: Info
Date: 2023-09-20 18:24:06 
File: D:\Projects\Github\NewInspect\NewInspect\Automation\HightLight.cs
Line: 101
Data:time elapsed, flag:False, x:472, y: 728

Level: Info
Date: 2023-09-20 18:24:08 
File: D:\Projects\Github\NewInspect\NewInspect\Automation\HightLight.cs
Line: 101
Data:time elapsed, flag:False, x:472, y: 728

Level: Info
Date: 2023-09-20 18:24:10 
File: D:\Projects\Github\NewInspect\NewInspect\Automation\HightLight.cs
Line: 101
Data:time elapsed, flag:False, x:472, y: 728

Level: Info
Date: 2023-09-20 18:24:12 
File: D:\Projects\Github\NewInspect\NewInspect\Automation\HightLight.cs
Line: 101
Data:time elapsed, flag:False, x:472, y: 728

Level: Info
Date: 2023-09-20 18:24:14 
File: D:\Projects\Github\NewInspect\NewInspect\Automation\HightLight.cs
Line: 101
Data:time elapsed, flag:False, x:-1234, y: 306

Level: Info
Date: 2023-09-20 18:24:16 
File: D:\Projects\Github\NewInspect\NewInspect\Automation\HightLight.cs
Line: 101
Data:time elapsed, flag:False, x:1110, y: 814

Level: Info
Date: 2023-09-20 18:24:18 
File: D:\Projects\Github\NewInspect\NewInspect\Automation\HightLight.cs
Line: 101
Data:time elapsed, flag:False, x:1340, y: 222

Level: Info
Date: 2023-09-20 18:24:20 
File: D:\Projects\Github\NewInspect\NewInspect\Automation\HightLight.cs
Line: 101
Data:time elapsed, flag:False, x:1539, y: 1087

Level: Info
Date: 2023-09-20 18:24:22 
File: D:\Projects\Github\NewInspect\NewInspect\Automation\HightLight.cs
Line: 101
Data:time elapsed, flag:False, x:1600, y: 1579

Level: Info
Date: 2023-09-20 18:24:24 
File: D:\Projects\Github\NewInspect\NewInspect\Automation\HightLight.cs
Line: 101
Data:time elapsed, flag:False, x:991, y: 936

Level: Info
Date: 2023-09-20 18:24:26 
File: D:\Projects\Github\NewInspect\NewInspect\Automation\HightLight.cs
Line: 101
Data:time elapsed, flag:False, x:988, y: 927

Level: Info
Date: 2023-09-20 18:24:28 
File: D:\Projects\Github\NewInspect\NewInspect\Automation\HightLight.cs
Line: 101
Data:time elapsed, flag:False, x:958, y: 927

Level: Info
Date: 2023-09-20 18:24:30 
File: D:\Projects\Github\NewInspect\NewInspect\Automation\HightLight.cs
Line: 101
Data:time elapsed, flag:False, x:-1232, y: 298

Level: Info
Date: 2023-09-20 18:24:32 
File: D:\Projects\Github\NewInspect\NewInspect\Automation\HightLight.cs
Line: 101
Data:time elapsed, flag:False, x:-1058, y: 1112

Level: Info
Date: 2023-09-20 18:24:34 
File: D:\Projects\Github\NewInspect\NewInspect\Automation\HightLight.cs
Line: 101
Data:time elapsed, flag:False, x:-1138, y: 1317

Level: Info
Date: 2023-09-20 18:24:36 
File: D:\Projects\Github\NewInspect\NewInspect\Automation\HightLight.cs
Line: 101
Data:time elapsed, flag:False, x:-1124, y: 894

Level: Info
Date: 2023-09-20 18:24:38 
File: D:\Projects\Github\NewInspect\NewInspect\Automation\HightLight.cs
Line: 101
Data:time elapsed, flag:False, x:-1124, y: 894

Level: Info
Date: 2023-09-20 18:24:40 
File: D:\Projects\Github\NewInspect\NewInspect\Automation\HightLight.cs
Line: 101
Data:time elapsed, flag:False, x:-1124, y: 894

Level: Info
Date: 2023-09-20 18:24:42 
File: D:\Projects\Github\NewInspect\NewInspect\Automation\HightLight.cs
Line: 101
Data:time elapsed, flag:False, x:-1292, y: 764

Level: Info
Date: 2023-09-20 18:24:44 
File: D:\Projects\Github\NewInspect\NewInspect\Automation\HightLight.cs
Line: 101
Data:time elapsed, flag:False, x:-1292, y: 764

Level: Info
Date: 2023-09-20 18:24:46 
File: D:\Projects\Github\NewInspect\NewInspect\Automation\HightLight.cs
Line: 101
Data:time elapsed, flag:False, x:1996, y: 323

Level: Info
Date: 2023-09-20 18:24:48 
File: D:\Projects\Github\NewInspect\NewInspect\Automation\HightLight.cs
Line: 101
Data:time elapsed, flag:False, x:1700, y: 786

Level: Info
Date: 2023-09-20 18:24:50 
File: D:\Projects\Github\NewInspect\NewInspect\Automation\HightLight.cs
Line: 101
Data:time elapsed, flag:False, x:842, y: 1321

Level: Info
Date: 2023-09-20 18:24:52 
File: D:\Projects\Github\NewInspect\NewInspect\Automation\HightLight.cs
Line: 101
Data:time elapsed, flag:False, x:-872, y: 901

Level: Info
Date: 2023-09-20 18:24:54 
File: D:\Projects\Github\NewInspect\NewInspect\Automation\HightLight.cs
Line: 101
Data:time elapsed, flag:False, x:-208, y: 869

