Level: Info
Date: 2023-09-20 15:34:41 
File: D:\Projects\Github\NewInspect\NewInspect\MainWindow.xaml.cs
Line: 37
Data:MainWindow Setup

Level: Info
Date: 2023-09-20 15:34:46 
File: D:\Projects\Github\NewInspect\NewInspect\Automation\HightLight.cs
Line: 93
Data:time elapsed, flag:True, x:1611, y: 632

Level: Info
Date: 2023-09-20 15:34:46 
File: D:\Projects\Github\NewInspect\NewInspect\Automation\HightLight.cs
Line: 109
Data:mouse select start: element name i深圳

Level: Info
Date: 2023-09-20 15:34:46 
File: D:\Projects\Github\NewInspect\NewInspect\Automation\Util.cs
Line: 89
Data:mouse select pathToRoot count:11

Level: Info
Date: 2023-09-20 15:34:46 
File: D:\Projects\Github\NewInspect\NewInspect\Automation\Util.cs
Line: 99
Data:mouse select pathToRoot pop: 微信

Level: Info
Date: 2023-09-20 15:34:48 
File: D:\Projects\Github\NewInspect\NewInspect\Automation\HightLight.cs
Line: 93
Data:time elapsed, flag:False, x:1611, y: 632

Level: Info
Date: 2023-09-20 15:34:50 
File: D:\Projects\Github\NewInspect\NewInspect\Automation\HightLight.cs
Line: 93
Data:time elapsed, flag:False, x:1611, y: 632

Level: Info
Date: 2023-09-20 15:34:52 
File: D:\Projects\Github\NewInspect\NewInspect\Automation\HightLight.cs
Line: 93
Data:time elapsed, flag:False, x:1590, y: 632

Level: Info
Date: 2023-09-20 15:34:54 
File: D:\Projects\Github\NewInspect\NewInspect\Automation\HightLight.cs
Line: 93
Data:time elapsed, flag:False, x:1590, y: 632

Level: Info
Date: 2023-09-20 15:34:56 
File: D:\Projects\Github\NewInspect\NewInspect\Automation\HightLight.cs
Line: 93
Data:time elapsed, flag:False, x:1590, y: 632

Level: Info
Date: 2023-09-20 15:34:57 
File: D:\Projects\Github\NewInspect\NewInspect\Automation\Util.cs
Line: 107
Data:mouse select find element fail

Level: Info
Date: 2023-09-20 15:34:57 
File: D:\Projects\Github\NewInspect\NewInspect\Automation\HightLight.cs
Line: 114
Data:mouse select end: element name i深圳

Level: Info
Date: 2023-09-20 15:34:58 
File: D:\Projects\Github\NewInspect\NewInspect\Automation\HightLight.cs
Line: 93
Data:time elapsed, flag:True, x:1590, y: 632

Level: Info
Date: 2023-09-20 15:34:58 
File: D:\Projects\Github\NewInspect\NewInspect\Automation\HightLight.cs
Line: 109
Data:mouse select start: element name i深圳

Level: Info
Date: 2023-09-20 15:34:58 
File: D:\Projects\Github\NewInspect\NewInspect\Automation\Util.cs
Line: 89
Data:mouse select pathToRoot count:11

Level: Info
Date: 2023-09-20 15:34:58 
File: D:\Projects\Github\NewInspect\NewInspect\Automation\Util.cs
Line: 99
Data:mouse select pathToRoot pop: 微信

Level: Info
Date: 2023-09-20 15:34:59 
File: D:\Projects\Github\NewInspect\NewInspect\Automation\Util.cs
Line: 107
Data:mouse select find element fail

Level: Info
Date: 2023-09-20 15:34:59 
File: D:\Projects\Github\NewInspect\NewInspect\Automation\HightLight.cs
Line: 114
Data:mouse select end: element name i深圳

Level: Info
Date: 2023-09-20 15:35:00 
File: D:\Projects\Github\NewInspect\NewInspect\Automation\HightLight.cs
Line: 93
Data:time elapsed, flag:True, x:1403, y: 96

Level: Info
Date: 2023-09-20 15:35:00 
File: D:\Projects\Github\NewInspect\NewInspect\Automation\HightLight.cs
Line: 109
Data:mouse select start: element name 

Level: Info
Date: 2023-09-20 15:35:00 
File: D:\Projects\Github\NewInspect\NewInspect\Automation\Util.cs
Line: 89
Data:mouse select pathToRoot count:2

Level: Info
Date: 2023-09-20 15:35:00 
File: D:\Projects\Github\NewInspect\NewInspect\Automation\Util.cs
Line: 99
Data:mouse select pathToRoot pop: MainWindow

