Level: Info
Date: 2023-09-20 18:41:57 
File: D:\Projects\Github\NewInspect\NewInspect\MainWindow.xaml.cs
Line: 41
Data:MainWindow Setup

Level: Info
Date: 2023-09-20 18:42:11 
File: D:\Projects\Github\NewInspect\NewInspect\Automation\HightLight.cs
Line: 96
Data:time elapsed..

Level: Info
Date: 2023-09-20 18:42:17 
File: D:\Projects\Github\NewInspect\NewInspect\Automation\HightLight.cs
Line: 96
Data:time elapsed..

Level: Info
Date: 2023-09-20 18:42:22 
File: D:\Projects\Github\NewInspect\NewInspect\Automation\HightLight.cs
Line: 96
Data:time elapsed..

Level: Info
Date: 2023-09-20 18:42:22 
File: D:\Projects\Github\NewInspect\NewInspect\Automation\HightLight.cs
Line: 121
Data:mouse select start: element name 高州论坛

Level: Info
Date: 2023-09-20 18:42:39 
File: D:\Projects\Github\NewInspect\NewInspect\Automation\HightLight.cs
Line: 96
Data:time elapsed..

