Level: Info
Date: 2023-09-20 18:47:40 
File: D:\Projects\Github\NewInspect\NewInspect\MainWindow.xaml.cs
Line: 40
Data:MainWindow Setup

Level: Info
Date: 2023-09-20 18:47:46 
File: D:\Projects\Github\NewInspect\NewInspect\Automation\HightLight.cs
Line: 101
Data:time elapsed..

Level: Info
Date: 2023-09-20 18:47:46 
File: D:\Projects\Github\NewInspect\NewInspect\Automation\HightLight.cs
Line: 117
Data:mouse select start: element name 高州论坛

Level: Info
Date: 2023-09-20 18:47:48 
File: D:\Projects\Github\NewInspect\NewInspect\Automation\Util.cs
Line: 154
Data:time span 1.5711614

Level: Info
Date: 2023-09-20 18:47:48 
File: D:\Projects\Github\NewInspect\NewInspect\Automation\HightLight.cs
Line: 122
Data:mouse select end: element name 高州论坛

Level: Info
Date: 2023-09-20 18:47:48 
File: D:\Projects\Github\NewInspect\NewInspect\Automation\HightLight.cs
Line: 101
Data:time elapsed..

Level: Info
Date: 2023-09-20 18:47:50 
File: D:\Projects\Github\NewInspect\NewInspect\Automation\HightLight.cs
Line: 101
Data:time elapsed..

Level: Info
Date: 2023-09-20 18:47:52 
File: D:\Projects\Github\NewInspect\NewInspect\Automation\HightLight.cs
Line: 92
Data:mouse curor in main window

Level: Info
Date: 2023-09-20 18:47:54 
File: D:\Projects\Github\NewInspect\NewInspect\Automation\HightLight.cs
Line: 92
Data:mouse curor in main window

Level: Info
Date: 2023-09-20 18:47:56 
File: D:\Projects\Github\NewInspect\NewInspect\Automation\HightLight.cs
Line: 92
Data:mouse curor in main window

Level: Info
Date: 2023-09-20 18:47:58 
File: D:\Projects\Github\NewInspect\NewInspect\Automation\HightLight.cs
Line: 92
Data:mouse curor in main window

Level: Info
Date: 2023-09-20 18:48:00 
File: D:\Projects\Github\NewInspect\NewInspect\Automation\HightLight.cs
Line: 92
Data:mouse curor in main window

Level: Info
Date: 2023-09-20 18:48:02 
File: D:\Projects\Github\NewInspect\NewInspect\Automation\HightLight.cs
Line: 101
Data:time elapsed..

Level: Info
Date: 2023-09-20 18:48:02 
File: D:\Projects\Github\NewInspect\NewInspect\Automation\HightLight.cs
Line: 117
Data:mouse select start: element name 

Level: Error
Date: 2023-09-20 18:48:02 
File: D:\Projects\Github\NewInspect\NewInspect\Automation\HightLight.cs
Line: 130
Data:未将对象引用设置到对象的实例。

Level: Info
Date: 2023-09-20 18:48:04 
File: D:\Projects\Github\NewInspect\NewInspect\Automation\HightLight.cs
Line: 92
Data:mouse curor in main window

Level: Info
Date: 2023-09-20 18:48:06 
File: D:\Projects\Github\NewInspect\NewInspect\Automation\HightLight.cs
Line: 101
Data:time elapsed..

Level: Info
Date: 2023-09-20 18:48:08 
File: D:\Projects\Github\NewInspect\NewInspect\Automation\HightLight.cs
Line: 92
Data:mouse curor in main window

Level: Info
Date: 2023-09-20 18:48:10 
File: D:\Projects\Github\NewInspect\NewInspect\Automation\HightLight.cs
Line: 92
Data:mouse curor in main window

Level: Info
Date: 2023-09-20 18:48:12 
File: D:\Projects\Github\NewInspect\NewInspect\Automation\HightLight.cs
Line: 92
Data:mouse curor in main window

Level: Info
Date: 2023-09-20 18:48:14 
File: D:\Projects\Github\NewInspect\NewInspect\Automation\HightLight.cs
Line: 101
Data:time elapsed..

Level: Info
Date: 2023-09-20 18:48:16 
File: D:\Projects\Github\NewInspect\NewInspect\Automation\HightLight.cs
Line: 101
Data:time elapsed..

Level: Info
Date: 2023-09-20 18:48:19 
File: D:\Projects\Github\NewInspect\NewInspect\Automation\HightLight.cs
Line: 92
Data:mouse curor in main window

Level: Info
Date: 2023-09-20 18:48:21 
File: D:\Projects\Github\NewInspect\NewInspect\Automation\HightLight.cs
Line: 101
Data:time elapsed..

Level: Info
Date: 2023-09-20 18:48:23 
File: D:\Projects\Github\NewInspect\NewInspect\Automation\HightLight.cs
Line: 101
Data:time elapsed..

Level: Info
Date: 2023-09-20 18:48:25 
File: D:\Projects\Github\NewInspect\NewInspect\Automation\HightLight.cs
Line: 101
Data:time elapsed..

Level: Info
Date: 2023-09-20 18:48:27 
File: D:\Projects\Github\NewInspect\NewInspect\Automation\HightLight.cs
Line: 101
Data:time elapsed..

Level: Info
Date: 2023-09-20 18:48:29 
File: D:\Projects\Github\NewInspect\NewInspect\Automation\HightLight.cs
Line: 101
Data:time elapsed..

Level: Info
Date: 2023-09-20 18:48:31 
File: D:\Projects\Github\NewInspect\NewInspect\Automation\HightLight.cs
Line: 101
Data:time elapsed..

Level: Info
Date: 2023-09-20 18:48:33 
File: D:\Projects\Github\NewInspect\NewInspect\Automation\HightLight.cs
Line: 101
Data:time elapsed..

Level: Info
Date: 2023-09-20 18:48:35 
File: D:\Projects\Github\NewInspect\NewInspect\Automation\HightLight.cs
Line: 101
Data:time elapsed..

