Level: Info
Date: 2023-09-20 14:49:32 
File: D:\Projects\Github\NewInspect\NewInspect\MainWindow.xaml.cs
Line: 37
Data:MainWindow Setup

Level: Info
Date: 2023-09-20 14:49:36 
File: D:\Projects\Github\NewInspect\NewInspect\Automation\HightLight.cs
Line: 93
Data:time elapsed, x:1400, y: 745

Level: Info
Date: 2023-09-20 14:49:36 
File: D:\Projects\Github\NewInspect\NewInspect\Automation\HightLight.cs
Line: 109
Data:mouse select start: element name pcm_h5_msg

Level: Info
Date: 2023-09-20 14:49:36 
File: D:\Projects\Github\NewInspect\NewInspect\Automation\HightLight.cs
Line: 114
Data:mouse select end: element name pcm_h5_msg

Level: Info
Date: 2023-09-20 14:49:38 
File: D:\Projects\Github\NewInspect\NewInspect\Automation\HightLight.cs
Line: 93
Data:time elapsed, x:1303, y: 325

Level: Info
Date: 2023-09-20 14:49:38 
File: D:\Projects\Github\NewInspect\NewInspect\Automation\HightLight.cs
Line: 109
Data:mouse select start: element name pcm_h5_msg

Level: Info
Date: 2023-09-20 14:49:38 
File: D:\Projects\Github\NewInspect\NewInspect\Automation\HightLight.cs
Line: 114
Data:mouse select end: element name pcm_h5_msg

Level: Info
Date: 2023-09-20 14:49:40 
File: D:\Projects\Github\NewInspect\NewInspect\Automation\HightLight.cs
Line: 93
Data:time elapsed, x:1637, y: 581

Level: Info
Date: 2023-09-20 14:49:40 
File: D:\Projects\Github\NewInspect\NewInspect\Automation\HightLight.cs
Line: 109
Data:mouse select start: element name pcm_h5_msg

Level: Info
Date: 2023-09-20 14:49:40 
File: D:\Projects\Github\NewInspect\NewInspect\Automation\HightLight.cs
Line: 114
Data:mouse select end: element name pcm_h5_msg

Level: Info
Date: 2023-09-20 14:49:42 
File: D:\Projects\Github\NewInspect\NewInspect\Automation\HightLight.cs
Line: 93
Data:time elapsed, x:1637, y: 581

Level: Info
Date: 2023-09-20 14:49:42 
File: D:\Projects\Github\NewInspect\NewInspect\Automation\HightLight.cs
Line: 109
Data:mouse select start: element name pcm_h5_msg

Level: Info
Date: 2023-09-20 14:49:42 
File: D:\Projects\Github\NewInspect\NewInspect\Automation\HightLight.cs
Line: 114
Data:mouse select end: element name pcm_h5_msg

Level: Info
Date: 2023-09-20 14:49:44 
File: D:\Projects\Github\NewInspect\NewInspect\Automation\HightLight.cs
Line: 93
Data:time elapsed, x:1733, y: 596

Level: Info
Date: 2023-09-20 14:49:44 
File: D:\Projects\Github\NewInspect\NewInspect\Automation\HightLight.cs
Line: 109
Data:mouse select start: element name pcm_h5_msg

Level: Info
Date: 2023-09-20 14:49:44 
File: D:\Projects\Github\NewInspect\NewInspect\Automation\HightLight.cs
Line: 114
Data:mouse select end: element name pcm_h5_msg

Level: Info
Date: 2023-09-20 14:49:46 
File: D:\Projects\Github\NewInspect\NewInspect\Automation\HightLight.cs
Line: 93
Data:time elapsed, x:1666, y: 757

Level: Info
Date: 2023-09-20 14:49:46 
File: D:\Projects\Github\NewInspect\NewInspect\Automation\HightLight.cs
Line: 109
Data:mouse select start: element name pcm_h5_msg

Level: Info
Date: 2023-09-20 14:49:46 
File: D:\Projects\Github\NewInspect\NewInspect\Automation\HightLight.cs
Line: 114
Data:mouse select end: element name pcm_h5_msg

Level: Info
Date: 2023-09-20 14:49:48 
File: D:\Projects\Github\NewInspect\NewInspect\Automation\HightLight.cs
Line: 93
Data:time elapsed, x:1493, y: 986

Level: Info
Date: 2023-09-20 14:49:48 
File: D:\Projects\Github\NewInspect\NewInspect\Automation\HightLight.cs
Line: 109
Data:mouse select start: element name pcm_h5_msg

Level: Info
Date: 2023-09-20 14:49:48 
File: D:\Projects\Github\NewInspect\NewInspect\Automation\HightLight.cs
Line: 114
Data:mouse select end: element name pcm_h5_msg

Level: Info
Date: 2023-09-20 14:49:50 
File: D:\Projects\Github\NewInspect\NewInspect\Automation\HightLight.cs
Line: 93
Data:time elapsed, x:1764, y: 592

Level: Info
Date: 2023-09-20 14:49:50 
File: D:\Projects\Github\NewInspect\NewInspect\Automation\HightLight.cs
Line: 109
Data:mouse select start: element name pcm_h5_msg

Level: Info
Date: 2023-09-20 14:49:50 
File: D:\Projects\Github\NewInspect\NewInspect\Automation\HightLight.cs
Line: 114
Data:mouse select end: element name pcm_h5_msg

Level: Info
Date: 2023-09-20 14:49:52 
File: D:\Projects\Github\NewInspect\NewInspect\Automation\HightLight.cs
Line: 93
Data:time elapsed, x:1765, y: 687

Level: Info
Date: 2023-09-20 14:49:52 
File: D:\Projects\Github\NewInspect\NewInspect\Automation\HightLight.cs
Line: 109
Data:mouse select start: element name pcm_h5_msg

Level: Info
Date: 2023-09-20 14:49:52 
File: D:\Projects\Github\NewInspect\NewInspect\Automation\HightLight.cs
Line: 114
Data:mouse select end: element name pcm_h5_msg

Level: Info
Date: 2023-09-20 14:49:54 
File: D:\Projects\Github\NewInspect\NewInspect\Automation\HightLight.cs
Line: 93
Data:time elapsed, x:2074, y: 603

Level: Info
Date: 2023-09-20 14:49:54 
File: D:\Projects\Github\NewInspect\NewInspect\Automation\HightLight.cs
Line: 109
Data:mouse select start: element name pcm_h5_msg

Level: Info
Date: 2023-09-20 14:49:54 
File: D:\Projects\Github\NewInspect\NewInspect\Automation\HightLight.cs
Line: 114
Data:mouse select end: element name pcm_h5_msg

Level: Info
Date: 2023-09-20 14:49:56 
File: D:\Projects\Github\NewInspect\NewInspect\Automation\HightLight.cs
Line: 93
Data:time elapsed, x:2074, y: 603

Level: Info
Date: 2023-09-20 14:49:56 
File: D:\Projects\Github\NewInspect\NewInspect\Automation\HightLight.cs
Line: 109
Data:mouse select start: element name pcm_h5_msg

Level: Info
Date: 2023-09-20 14:49:56 
File: D:\Projects\Github\NewInspect\NewInspect\Automation\HightLight.cs
Line: 114
Data:mouse select end: element name pcm_h5_msg

