Level: Info
Date: 2023-09-20 16:10:38 
File: D:\Projects\Github\NewInspect\NewInspect\MainWindow.xaml.cs
Line: 37
Data:MainWindow Setup

Level: Info
Date: 2023-09-20 16:10:45 
File: D:\Projects\Github\NewInspect\NewInspect\Automation\HightLight.cs
Line: 93
Data:time elapsed, flag:True, x:1933, y: 630

Level: Info
Date: 2023-09-20 16:10:45 
File: D:\Projects\Github\NewInspect\NewInspect\Automation\HightLight.cs
Line: 109
Data:mouse select start: element name 深圳本地宝

Level: Info
Date: 2023-09-20 16:10:45 
File: D:\Projects\Github\NewInspect\NewInspect\Automation\Util.cs
Line: 90
Data:mouse select pathToRoot count:11

Level: Info
Date: 2023-09-20 16:10:45 
File: D:\Projects\Github\NewInspect\NewInspect\Automation\Util.cs
Line: 101
Data:mouse select pathToRoot pop: 微信

Level: Info
Date: 2023-09-20 16:10:45 
File: D:\Projects\Github\NewInspect\NewInspect\Automation\Util.cs
Line: 101
Data:mouse select pathToRoot pop: CWebviewHostWnd

Level: Info
Date: 2023-09-20 16:10:45 
File: D:\Projects\Github\NewInspect\NewInspect\Automation\Util.cs
Line: 101
Data:mouse select pathToRoot pop: 

Level: Info
Date: 2023-09-20 16:10:45 
File: D:\Projects\Github\NewInspect\NewInspect\Automation\Util.cs
Line: 101
Data:mouse select pathToRoot pop: 

Level: Info
Date: 2023-09-20 16:10:45 
File: D:\Projects\Github\NewInspect\NewInspect\Automation\Util.cs
Line: 101
Data:mouse select pathToRoot pop: 

Level: Info
Date: 2023-09-20 16:10:47 
File: D:\Projects\Github\NewInspect\NewInspect\Automation\HightLight.cs
Line: 93
Data:time elapsed, flag:False, x:1933, y: 630

