Level: Info
Date: 2023-09-20 17:44:46 
File: D:\Projects\Github\NewInspect\NewInspect\MainWindow.xaml.cs
Line: 37
Data:MainWindow Setup

Level: Info
Date: 2023-09-20 17:44:51 
File: D:\Projects\Github\NewInspect\NewInspect\Automation\HightLight.cs
Line: 93
Data:time elapsed, flag:True, x:529, y: 279

Level: Info
Date: 2023-09-20 17:44:51 
File: D:\Projects\Github\NewInspect\NewInspect\Automation\HightLight.cs
Line: 109
Data:mouse select start: element name 

Level: Info
Date: 2023-09-20 17:44:51 
File: D:\Projects\Github\NewInspect\NewInspect\Automation\Util.cs
Line: 116
Data:mouse select pathToRoot count:2, target:, Window,  

Level: Info
Date: 2023-09-20 17:44:51 
File: D:\Projects\Github\NewInspect\NewInspect\Automation\Util.cs
Line: 127
Data:mouse select pathToRoot pop: target:MainWindow, Window, , 42,1708090 

Level: Info
Date: 2023-09-20 17:44:51 
File: D:\Projects\Github\NewInspect\NewInspect\Automation\Util.cs
Line: 127
Data:mouse select pathToRoot pop: target:, Window, , 42,527326 

Level: Info
Date: 2023-09-20 17:44:52 
File: D:\Projects\Github\NewInspect\NewInspect\Automation\HightLight.cs
Line: 114
Data:mouse select end: element name 

Level: Info
Date: 2023-09-20 17:44:53 
File: D:\Projects\Github\NewInspect\NewInspect\Automation\HightLight.cs
Line: 93
Data:time elapsed, flag:True, x:1380, y: 1556

Level: Info
Date: 2023-09-20 17:44:53 
File: D:\Projects\Github\NewInspect\NewInspect\Automation\HightLight.cs
Line: 109
Data:mouse select start: element name 微信 - 1 个运行窗口

Level: Info
Date: 2023-09-20 17:44:53 
File: D:\Projects\Github\NewInspect\NewInspect\Automation\Util.cs
Line: 116
Data:mouse select pathToRoot count:6, target:微信 - 1 个运行窗口, Taskbar.TaskListButtonAutomationPeer, D:\SofeWare\WeChat\WeChat.exe 

Level: Info
Date: 2023-09-20 17:44:53 
File: D:\Projects\Github\NewInspect\NewInspect\Automation\Util.cs
Line: 127
Data:mouse select pathToRoot pop: target:任务栏, Shell_TrayWnd, , 42,262286 

Level: Info
Date: 2023-09-20 17:44:53 
File: D:\Projects\Github\NewInspect\NewInspect\Automation\Util.cs
Line: 127
Data:mouse select pathToRoot pop: target:DesktopWindowXamlSource, Windows.UI.Composition.DesktopWindowContentBridge, , 42,66712 

Level: Info
Date: 2023-09-20 17:44:53 
File: D:\Projects\Github\NewInspect\NewInspect\Automation\Util.cs
Line: 127
Data:mouse select pathToRoot pop: target:, Windows.UI.Input.InputSite.WindowClass, , 42,66714 

Level: Info
Date: 2023-09-20 17:44:53 
File: D:\Projects\Github\NewInspect\NewInspect\Automation\Util.cs
Line: 127
Data:mouse select pathToRoot pop: target:, Taskbar.TaskbarFrameAutomationPeer, TaskbarFrame, 42,66714,4,21 

Level: Info
Date: 2023-09-20 17:44:53 
File: D:\Projects\Github\NewInspect\NewInspect\Automation\Util.cs
Line: 127
Data:mouse select pathToRoot pop: target:, , TaskbarFrameRepeater, 42,66714,4,2 

Level: Info
Date: 2023-09-20 17:44:53 
File: D:\Projects\Github\NewInspect\NewInspect\Automation\Util.cs
Line: 127
Data:mouse select pathToRoot pop: target:微信 - 1 个运行窗口, Taskbar.TaskListButtonAutomationPeer, D:\SofeWare\WeChat\WeChat.exe, 42,66714,4,13 

Level: Info
Date: 2023-09-20 17:44:53 
File: D:\Projects\Github\NewInspect\NewInspect\Automation\HightLight.cs
Line: 114
Data:mouse select end: element name 微信 - 1 个运行窗口

Level: Info
Date: 2023-09-20 17:44:55 
File: D:\Projects\Github\NewInspect\NewInspect\Automation\HightLight.cs
Line: 93
Data:time elapsed, flag:True, x:1461, y: 1066

Level: Info
Date: 2023-09-20 17:44:55 
File: D:\Projects\Github\NewInspect\NewInspect\Automation\HightLight.cs
Line: 109
Data:mouse select start: element name 微信

Level: Info
Date: 2023-09-20 17:44:55 
File: D:\Projects\Github\NewInspect\NewInspect\Automation\Util.cs
Line: 116
Data:mouse select pathToRoot count:1, target:微信, WeChatMainWndForPC,  

Level: Info
Date: 2023-09-20 17:44:55 
File: D:\Projects\Github\NewInspect\NewInspect\Automation\Util.cs
Line: 127
Data:mouse select pathToRoot pop: target:微信, WeChatMainWndForPC, , 42,397470 

Level: Info
Date: 2023-09-20 17:44:55 
File: D:\Projects\Github\NewInspect\NewInspect\Automation\HightLight.cs
Line: 114
Data:mouse select end: element name 微信

Level: Info
Date: 2023-09-20 17:44:57 
File: D:\Projects\Github\NewInspect\NewInspect\Automation\HightLight.cs
Line: 93
Data:time elapsed, flag:True, x:1461, y: 1066

Level: Info
Date: 2023-09-20 17:44:59 
File: D:\Projects\Github\NewInspect\NewInspect\Automation\HightLight.cs
Line: 93
Data:time elapsed, flag:True, x:1461, y: 1066

Level: Info
Date: 2023-09-20 17:45:01 
File: D:\Projects\Github\NewInspect\NewInspect\Automation\HightLight.cs
Line: 93
Data:time elapsed, flag:True, x:1378, y: 1056

Level: Info
Date: 2023-09-20 17:45:03 
File: D:\Projects\Github\NewInspect\NewInspect\Automation\HightLight.cs
Line: 93
Data:time elapsed, flag:True, x:1378, y: 1056

Level: Info
Date: 2023-09-20 17:45:05 
File: D:\Projects\Github\NewInspect\NewInspect\Automation\HightLight.cs
Line: 93
Data:time elapsed, flag:True, x:1317, y: 1173

Level: Info
Date: 2023-09-20 17:45:07 
File: D:\Projects\Github\NewInspect\NewInspect\Automation\HightLight.cs
Line: 93
Data:time elapsed, flag:True, x:1248, y: 1244

Level: Info
Date: 2023-09-20 17:45:09 
File: D:\Projects\Github\NewInspect\NewInspect\Automation\HightLight.cs
Line: 93
Data:time elapsed, flag:True, x:1248, y: 1244

Level: Info
Date: 2023-09-20 17:45:11 
File: D:\Projects\Github\NewInspect\NewInspect\Automation\HightLight.cs
Line: 93
Data:time elapsed, flag:True, x:-1302, y: 1532

Level: Info
Date: 2023-09-20 17:45:11 
File: D:\Projects\Github\NewInspect\NewInspect\Automation\HightLight.cs
Line: 109
Data:mouse select start: element name 

Level: Info
Date: 2023-09-20 17:45:11 
File: D:\Projects\Github\NewInspect\NewInspect\Automation\Util.cs
Line: 116
Data:mouse select pathToRoot count:2, target:, Window,  

Level: Info
Date: 2023-09-20 17:45:11 
File: D:\Projects\Github\NewInspect\NewInspect\Automation\Util.cs
Line: 127
Data:mouse select pathToRoot pop: target:MainWindow, Window, , 42,1708090 

Level: Info
Date: 2023-09-20 17:45:11 
File: D:\Projects\Github\NewInspect\NewInspect\Automation\Util.cs
Line: 127
Data:mouse select pathToRoot pop: target:, Window, , 42,527326 

Level: Info
Date: 2023-09-20 17:45:11 
File: D:\Projects\Github\NewInspect\NewInspect\Automation\HightLight.cs
Line: 114
Data:mouse select end: element name 

Level: Info
Date: 2023-09-20 17:45:13 
File: D:\Projects\Github\NewInspect\NewInspect\Automation\HightLight.cs
Line: 93
Data:time elapsed, flag:True, x:1254, y: 710

Level: Info
Date: 2023-09-20 17:45:13 
File: D:\Projects\Github\NewInspect\NewInspect\Automation\HightLight.cs
Line: 109
Data:mouse select start: element name 微信

Level: Info
Date: 2023-09-20 17:45:13 
File: D:\Projects\Github\NewInspect\NewInspect\Automation\Util.cs
Line: 116
Data:mouse select pathToRoot count:1, target:微信, WeChatMainWndForPC,  

Level: Info
Date: 2023-09-20 17:45:13 
File: D:\Projects\Github\NewInspect\NewInspect\Automation\Util.cs
Line: 127
Data:mouse select pathToRoot pop: target:微信, WeChatMainWndForPC, , 42,397470 

Level: Info
Date: 2023-09-20 17:45:13 
File: D:\Projects\Github\NewInspect\NewInspect\Automation\HightLight.cs
Line: 114
Data:mouse select end: element name 微信

Level: Info
Date: 2023-09-20 17:45:15 
File: D:\Projects\Github\NewInspect\NewInspect\Automation\HightLight.cs
Line: 93
Data:time elapsed, flag:True, x:1254, y: 710

Level: Info
Date: 2023-09-20 17:45:17 
File: D:\Projects\Github\NewInspect\NewInspect\Automation\HightLight.cs
Line: 93
Data:time elapsed, flag:True, x:1254, y: 710

Level: Info
Date: 2023-09-20 17:45:19 
File: D:\Projects\Github\NewInspect\NewInspect\Automation\HightLight.cs
Line: 93
Data:time elapsed, flag:True, x:-2468, y: 624

Level: Info
Date: 2023-09-20 17:45:19 
File: D:\Projects\Github\NewInspect\NewInspect\Automation\HightLight.cs
Line: 109
Data:mouse select start: element name 

Level: Info
Date: 2023-09-20 17:45:19 
File: D:\Projects\Github\NewInspect\NewInspect\Automation\Util.cs
Line: 116
Data:mouse select pathToRoot count:5, target:, Image,  

Level: Info
Date: 2023-09-20 17:45:19 
File: D:\Projects\Github\NewInspect\NewInspect\Automation\Util.cs
Line: 127
Data:mouse select pathToRoot pop: target:NewInspect (正在运行) - Microsoft Visual Studio(管理员), Window, VisualStudioMainWindow, 42,922152 

Level: Info
Date: 2023-09-20 17:45:19 
File: D:\Projects\Github\NewInspect\NewInspect\Automation\Util.cs
Line: 127
Data:mouse select pathToRoot pop: target:ToolBarDockTop, , , 7,46260,46641368 

