Level: Info
Date: 2023-09-20 18:04:24 
File: D:\Projects\Github\NewInspect\NewInspect\MainWindow.xaml.cs
Line: 38
Data:MainWindow Setup

Level: Info
Date: 2023-09-20 18:04:31 
File: D:\Projects\Github\NewInspect\NewInspect\Automation\HightLight.cs
Line: 93
Data:time elapsed, flag:True, x:1929, y: 684

Level: Info
Date: 2023-09-20 18:04:31 
File: D:\Projects\Github\NewInspect\NewInspect\Automation\HightLight.cs
Line: 109
Data:mouse select start: element name 

Level: Info
Date: 2023-09-20 18:04:31 
File: D:\Projects\Github\NewInspect\NewInspect\Automation\Util.cs
Line: 117
Data:mouse select pathToRoot count:4, target:, Chrome_RenderWidgetHostHWND, 14386112 

Level: Info
Date: 2023-09-20 18:04:31 
File: D:\Projects\Github\NewInspect\NewInspect\Automation\Util.cs
Line: 128
Data:mouse select pathToRoot pop: target:微信, WeChatMainWndForPC, , 42,397470 

Level: Info
Date: 2023-09-20 18:04:31 
File: D:\Projects\Github\NewInspect\NewInspect\Automation\Util.cs
Line: 128
Data:mouse select pathToRoot pop: target:CWebviewHostWnd, CWebviewControlHostWnd, , 42,135404 

Level: Info
Date: 2023-09-20 18:04:31 
File: D:\Projects\Github\NewInspect\NewInspect\Automation\Util.cs
Line: 128
Data:mouse select pathToRoot pop: target:, Chrome_WidgetWin_0, , 42,200942 

Level: Info
Date: 2023-09-20 18:04:31 
File: D:\Projects\Github\NewInspect\NewInspect\Automation\Util.cs
Line: 128
Data:mouse select pathToRoot pop: target:, Chrome_RenderWidgetHostHWND, 14386112, 42,200972,4,-92 

Level: Info
Date: 2023-09-20 18:04:41 
File: D:\Projects\Github\NewInspect\NewInspect\Automation\HightLight.cs
Line: 93
Data:time elapsed, flag:False, x:-2864, y: 602

Level: Info
Date: 2023-09-20 18:04:41 
File: D:\Projects\Github\NewInspect\NewInspect\Automation\HightLight.cs
Line: 114
Data:mouse select end: element name 

Level: Info
Date: 2023-09-20 18:04:43 
File: D:\Projects\Github\NewInspect\NewInspect\Automation\HightLight.cs
Line: 93
Data:time elapsed, flag:True, x:-3304, y: 1870

Level: Info
Date: 2023-09-20 18:04:43 
File: D:\Projects\Github\NewInspect\NewInspect\Automation\HightLight.cs
Line: 109
Data:mouse select start: element name Text Editor

Level: Info
Date: 2023-09-20 18:04:43 
File: D:\Projects\Github\NewInspect\NewInspect\Automation\Util.cs
Line: 117
Data:mouse select pathToRoot count:8, target:Text Editor, WpfTextView, WpfTextView 

Level: Info
Date: 2023-09-20 18:04:43 
File: D:\Projects\Github\NewInspect\NewInspect\Automation\Util.cs
Line: 128
Data:mouse select pathToRoot pop: target:NewInspect (正在运行) - Microsoft Visual Studio(管理员), Window, VisualStudioMainWindow, 42,922152 

Level: Info
Date: 2023-09-20 18:04:43 
File: D:\Projects\Github\NewInspect\NewInspect\Automation\Util.cs
Line: 128
Data:mouse select pathToRoot pop: target:, DockRoot, , 7,46260,57939182 

Level: Info
Date: 2023-09-20 18:04:43 
File: D:\Projects\Github\NewInspect\NewInspect\Automation\Util.cs
Line: 128
Data:mouse select pathToRoot pop: target:, DocumentGroup, , 7,46260,47525793 

Level: Info
Date: 2023-09-20 18:04:43 
File: D:\Projects\Github\NewInspect\NewInspect\Automation\Util.cs
Line: 128
Data:mouse select pathToRoot pop: target:MainWindow.xaml.cs, TabItem, , 7,46260,66752910 

Level: Info
Date: 2023-09-20 18:04:43 
File: D:\Projects\Github\NewInspect\NewInspect\Automation\Util.cs
Line: 128
Data:mouse select pathToRoot pop: target:MainWindow.xaml.cs, ViewPresenter, D:0:0:{2BFF6007-1B65-4A99-8893-D59103165780}|NewInspect\NewInspect.csproj|d:\projects\github\newinspect\newinspect\mainwindow.xaml.cs||{A6C744A8-0E4A-4FC6-886A-064283054674}, 7,46260,7416990 

Level: Info
Date: 2023-09-20 18:04:43 
File: D:\Projects\Github\NewInspect\NewInspect\Automation\Util.cs
Line: 128
Data:mouse select pathToRoot pop: target:MainWindow.xaml.cs, GenericPane, , 7,46260,14669057 

Level: Info
Date: 2023-09-20 18:04:43 
File: D:\Projects\Github\NewInspect\NewInspect\Automation\Util.cs
Line: 128
Data:mouse select pathToRoot pop: target:, , WpfTextViewHost, 7,46260,64912650 

Level: Info
Date: 2023-09-20 18:04:43 
File: D:\Projects\Github\NewInspect\NewInspect\Automation\Util.cs
Line: 128
Data:mouse select pathToRoot pop: target:Text Editor, WpfTextView, WpfTextView, 7,46260,47342938 

Level: Info
Date: 2023-09-20 18:04:47 
File: D:\Projects\Github\NewInspect\NewInspect\Automation\HightLight.cs
Line: 93
Data:time elapsed, flag:False, x:-2874, y: 600

Level: Info
Date: 2023-09-20 18:04:47 
File: D:\Projects\Github\NewInspect\NewInspect\Automation\HightLight.cs
Line: 114
Data:mouse select end: element name Text Editor

Level: Info
Date: 2023-09-20 18:04:49 
File: D:\Projects\Github\NewInspect\NewInspect\Automation\HightLight.cs
Line: 93
Data:time elapsed, flag:True, x:1942, y: 685

Level: Info
Date: 2023-09-20 18:04:49 
File: D:\Projects\Github\NewInspect\NewInspect\Automation\HightLight.cs
Line: 109
Data:mouse select start: element name 

Level: Info
Date: 2023-09-20 18:04:49 
File: D:\Projects\Github\NewInspect\NewInspect\Automation\Util.cs
Line: 117
Data:mouse select pathToRoot count:4, target:, Chrome_RenderWidgetHostHWND, 14386112 

Level: Info
Date: 2023-09-20 18:04:49 
File: D:\Projects\Github\NewInspect\NewInspect\Automation\Util.cs
Line: 128
Data:mouse select pathToRoot pop: target:微信, WeChatMainWndForPC, , 42,397470 

Level: Info
Date: 2023-09-20 18:04:49 
File: D:\Projects\Github\NewInspect\NewInspect\Automation\Util.cs
Line: 128
Data:mouse select pathToRoot pop: target:CWebviewHostWnd, CWebviewControlHostWnd, , 42,135404 

Level: Info
Date: 2023-09-20 18:04:49 
File: D:\Projects\Github\NewInspect\NewInspect\Automation\Util.cs
Line: 128
Data:mouse select pathToRoot pop: target:, Chrome_WidgetWin_0, , 42,200942 

Level: Info
Date: 2023-09-20 18:04:49 
File: D:\Projects\Github\NewInspect\NewInspect\Automation\Util.cs
Line: 128
Data:mouse select pathToRoot pop: target:, Chrome_RenderWidgetHostHWND, 14386112, 42,200972,4,-92 

Level: Info
Date: 2023-09-20 18:04:49 
File: D:\Projects\Github\NewInspect\NewInspect\Automation\HightLight.cs
Line: 114
Data:mouse select end: element name 

Level: Info
Date: 2023-09-20 18:04:51 
File: D:\Projects\Github\NewInspect\NewInspect\Automation\HightLight.cs
Line: 93
Data:time elapsed, flag:True, x:1945, y: 682

Level: Info
Date: 2023-09-20 18:04:53 
File: D:\Projects\Github\NewInspect\NewInspect\Automation\HightLight.cs
Line: 93
Data:time elapsed, flag:True, x:1945, y: 682

Level: Info
Date: 2023-09-20 18:04:53 
File: D:\Projects\Github\NewInspect\NewInspect\Automation\HightLight.cs
Line: 109
Data:mouse select start: element name 高州论坛

Level: Info
Date: 2023-09-20 18:04:53 
File: D:\Projects\Github\NewInspect\NewInspect\Automation\Util.cs
Line: 117
Data:mouse select pathToRoot count:11, target:高州论坛, ,  

Level: Info
Date: 2023-09-20 18:04:53 
File: D:\Projects\Github\NewInspect\NewInspect\Automation\Util.cs
Line: 128
Data:mouse select pathToRoot pop: target:微信, WeChatMainWndForPC, , 42,397470 

Level: Info
Date: 2023-09-20 18:04:53 
File: D:\Projects\Github\NewInspect\NewInspect\Automation\Util.cs
Line: 128
Data:mouse select pathToRoot pop: target:CWebviewHostWnd, CWebviewControlHostWnd, , 42,135404 

Level: Info
Date: 2023-09-20 18:04:53 
File: D:\Projects\Github\NewInspect\NewInspect\Automation\Util.cs
Line: 128
Data:mouse select pathToRoot pop: target:, Chrome_WidgetWin_0, , 42,200942 

Level: Info
Date: 2023-09-20 18:04:53 
File: D:\Projects\Github\NewInspect\NewInspect\Automation\Util.cs
Line: 128
Data:mouse select pathToRoot pop: target:, Chrome_RenderWidgetHostHWND, 14386112, 42,200972,4,-92 

Level: Info
Date: 2023-09-20 18:04:53 
File: D:\Projects\Github\NewInspect\NewInspect\Automation\Util.cs
Line: 128
Data:mouse select pathToRoot pop: target:, , , 42,200972,4,-95 

Level: Info
Date: 2023-09-20 18:04:53 
File: D:\Projects\Github\NewInspect\NewInspect\Automation\Util.cs
Line: 128
Data:mouse select pathToRoot pop: target:, , , 42,200972,4,-96 

Level: Info
Date: 2023-09-20 18:04:53 
File: D:\Projects\Github\NewInspect\NewInspect\Automation\Util.cs
Line: 128
Data:mouse select pathToRoot pop: target:, , , 42,200972,4,-97 

Level: Info
Date: 2023-09-20 18:04:54 
File: D:\Projects\Github\NewInspect\NewInspect\Automation\Util.cs
Line: 128
Data:mouse select pathToRoot pop: target:, , , 42,200972,4,-102 

Level: Info
Date: 2023-09-20 18:04:54 
File: D:\Projects\Github\NewInspect\NewInspect\Automation\Util.cs
Line: 128
Data:mouse select pathToRoot pop: target:, , , 42,200972,4,-9294 

Level: Info
Date: 2023-09-20 18:04:54 
File: D:\Projects\Github\NewInspect\NewInspect\Automation\Util.cs
Line: 128
Data:mouse select pathToRoot pop: target:, , , 42,200972,4,-9302 

Level: Info
Date: 2023-09-20 18:04:54 
File: D:\Projects\Github\NewInspect\NewInspect\Automation\Util.cs
Line: 128
Data:mouse select pathToRoot pop: target:高州论坛, , , 42,200972,4,-9304 

Level: Info
Date: 2023-09-20 18:04:54 
File: D:\Projects\Github\NewInspect\NewInspect\Automation\HightLight.cs
Line: 114
Data:mouse select end: element name 高州论坛

Level: Info
Date: 2023-09-20 18:04:55 
File: D:\Projects\Github\NewInspect\NewInspect\Automation\HightLight.cs
Line: 93
Data:time elapsed, flag:True, x:1945, y: 682

Level: Info
Date: 2023-09-20 18:04:57 
File: D:\Projects\Github\NewInspect\NewInspect\Automation\HightLight.cs
Line: 93
Data:time elapsed, flag:True, x:2096, y: 684

Level: Info
Date: 2023-09-20 18:04:57 
File: D:\Projects\Github\NewInspect\NewInspect\Automation\HightLight.cs
Line: 109
Data:mouse select start: element name 

Level: Info
Date: 2023-09-20 18:04:57 
File: D:\Projects\Github\NewInspect\NewInspect\Automation\Util.cs
Line: 117
Data:mouse select pathToRoot count:4, target:, Chrome_RenderWidgetHostHWND, 14386112 

Level: Info
Date: 2023-09-20 18:04:57 
File: D:\Projects\Github\NewInspect\NewInspect\Automation\Util.cs
Line: 128
Data:mouse select pathToRoot pop: target:微信, WeChatMainWndForPC, , 42,397470 

Level: Info
Date: 2023-09-20 18:04:57 
File: D:\Projects\Github\NewInspect\NewInspect\Automation\Util.cs
Line: 128
Data:mouse select pathToRoot pop: target:CWebviewHostWnd, CWebviewControlHostWnd, , 42,135404 

Level: Info
Date: 2023-09-20 18:04:57 
File: D:\Projects\Github\NewInspect\NewInspect\Automation\Util.cs
Line: 128
Data:mouse select pathToRoot pop: target:, Chrome_WidgetWin_0, , 42,200942 

Level: Info
Date: 2023-09-20 18:04:57 
File: D:\Projects\Github\NewInspect\NewInspect\Automation\Util.cs
Line: 128
Data:mouse select pathToRoot pop: target:, Chrome_RenderWidgetHostHWND, 14386112, 42,200972,4,-92 

Level: Info
Date: 2023-09-20 18:04:57 
File: D:\Projects\Github\NewInspect\NewInspect\Automation\HightLight.cs
Line: 114
Data:mouse select end: element name 

Level: Info
Date: 2023-09-20 18:04:59 
File: D:\Projects\Github\NewInspect\NewInspect\Automation\HightLight.cs
Line: 93
Data:time elapsed, flag:True, x:2097, y: 673

Level: Info
Date: 2023-09-20 18:05:01 
File: D:\Projects\Github\NewInspect\NewInspect\Automation\HightLight.cs
Line: 93
Data:time elapsed, flag:True, x:2097, y: 673

Level: Info
Date: 2023-09-20 18:05:01 
File: D:\Projects\Github\NewInspect\NewInspect\Automation\HightLight.cs
Line: 109
Data:mouse select start: element name 六点半

Level: Info
Date: 2023-09-20 18:05:01 
File: D:\Projects\Github\NewInspect\NewInspect\Automation\Util.cs
Line: 117
Data:mouse select pathToRoot count:11, target:六点半, ,  

Level: Info
Date: 2023-09-20 18:05:01 
File: D:\Projects\Github\NewInspect\NewInspect\Automation\Util.cs
Line: 128
Data:mouse select pathToRoot pop: target:微信, WeChatMainWndForPC, , 42,397470 

Level: Info
Date: 2023-09-20 18:05:01 
File: D:\Projects\Github\NewInspect\NewInspect\Automation\Util.cs
Line: 128
Data:mouse select pathToRoot pop: target:CWebviewHostWnd, CWebviewControlHostWnd, , 42,135404 

Level: Info
Date: 2023-09-20 18:05:01 
File: D:\Projects\Github\NewInspect\NewInspect\Automation\Util.cs
Line: 128
Data:mouse select pathToRoot pop: target:, Chrome_WidgetWin_0, , 42,200942 

Level: Info
Date: 2023-09-20 18:05:01 
File: D:\Projects\Github\NewInspect\NewInspect\Automation\Util.cs
Line: 128
Data:mouse select pathToRoot pop: target:, Chrome_RenderWidgetHostHWND, 14386112, 42,200972,4,-92 

Level: Info
Date: 2023-09-20 18:05:01 
File: D:\Projects\Github\NewInspect\NewInspect\Automation\Util.cs
Line: 128
Data:mouse select pathToRoot pop: target:, , , 42,200972,4,-95 

Level: Info
Date: 2023-09-20 18:05:01 
File: D:\Projects\Github\NewInspect\NewInspect\Automation\Util.cs
Line: 128
Data:mouse select pathToRoot pop: target:, , , 42,200972,4,-96 

Level: Info
Date: 2023-09-20 18:05:01 
File: D:\Projects\Github\NewInspect\NewInspect\Automation\Util.cs
Line: 128
Data:mouse select pathToRoot pop: target:, , , 42,200972,4,-97 

Level: Info
Date: 2023-09-20 18:05:01 
File: D:\Projects\Github\NewInspect\NewInspect\Automation\Util.cs
Line: 128
Data:mouse select pathToRoot pop: target:, , , 42,200972,4,-102 

Level: Info
Date: 2023-09-20 18:05:01 
File: D:\Projects\Github\NewInspect\NewInspect\Automation\Util.cs
Line: 128
Data:mouse select pathToRoot pop: target:, , , 42,200972,4,-9297 

Level: Info
Date: 2023-09-20 18:05:01 
File: D:\Projects\Github\NewInspect\NewInspect\Automation\Util.cs
Line: 128
Data:mouse select pathToRoot pop: target:, , , 42,200972,4,-9314 

Level: Info
Date: 2023-09-20 18:05:01 
File: D:\Projects\Github\NewInspect\NewInspect\Automation\Util.cs
Line: 128
Data:mouse select pathToRoot pop: target:六点半, , , 42,200972,4,-9316 

Level: Info
Date: 2023-09-20 18:05:01 
File: D:\Projects\Github\NewInspect\NewInspect\Automation\HightLight.cs
Line: 114
Data:mouse select end: element name 六点半

Level: Info
Date: 2023-09-20 18:05:03 
File: D:\Projects\Github\NewInspect\NewInspect\Automation\HightLight.cs
Line: 93
Data:time elapsed, flag:True, x:2097, y: 673

Level: Info
Date: 2023-09-20 18:05:05 
File: D:\Projects\Github\NewInspect\NewInspect\Automation\HightLight.cs
Line: 93
Data:time elapsed, flag:True, x:2099, y: 673

Level: Info
Date: 2023-09-20 18:05:07 
File: D:\Projects\Github\NewInspect\NewInspect\Automation\HightLight.cs
Line: 93
Data:time elapsed, flag:True, x:2235, y: 662

Level: Info
Date: 2023-09-20 18:05:07 
File: D:\Projects\Github\NewInspect\NewInspect\Automation\HightLight.cs
Line: 109
Data:mouse select start: element name 深圳本地宝

Level: Info
Date: 2023-09-20 18:05:07 
File: D:\Projects\Github\NewInspect\NewInspect\Automation\Util.cs
Line: 117
Data:mouse select pathToRoot count:11, target:深圳本地宝, ,  

Level: Info
Date: 2023-09-20 18:05:07 
File: D:\Projects\Github\NewInspect\NewInspect\Automation\Util.cs
Line: 128
Data:mouse select pathToRoot pop: target:微信, WeChatMainWndForPC, , 42,397470 

Level: Info
Date: 2023-09-20 18:05:07 
File: D:\Projects\Github\NewInspect\NewInspect\Automation\Util.cs
Line: 128
Data:mouse select pathToRoot pop: target:CWebviewHostWnd, CWebviewControlHostWnd, , 42,135404 

Level: Info
Date: 2023-09-20 18:05:07 
File: D:\Projects\Github\NewInspect\NewInspect\Automation\Util.cs
Line: 128
Data:mouse select pathToRoot pop: target:, Chrome_WidgetWin_0, , 42,200942 

Level: Info
Date: 2023-09-20 18:05:07 
File: D:\Projects\Github\NewInspect\NewInspect\Automation\Util.cs
Line: 128
Data:mouse select pathToRoot pop: target:, Chrome_RenderWidgetHostHWND, 14386112, 42,200972,4,-92 

Level: Info
Date: 2023-09-20 18:05:07 
File: D:\Projects\Github\NewInspect\NewInspect\Automation\Util.cs
Line: 128
Data:mouse select pathToRoot pop: target:, , , 42,200972,4,-95 

Level: Info
Date: 2023-09-20 18:05:07 
File: D:\Projects\Github\NewInspect\NewInspect\Automation\Util.cs
Line: 128
Data:mouse select pathToRoot pop: target:, , , 42,200972,4,-96 

Level: Info
Date: 2023-09-20 18:05:07 
File: D:\Projects\Github\NewInspect\NewInspect\Automation\Util.cs
Line: 128
Data:mouse select pathToRoot pop: target:, , , 42,200972,4,-97 

Level: Info
Date: 2023-09-20 18:05:07 
File: D:\Projects\Github\NewInspect\NewInspect\Automation\Util.cs
Line: 128
Data:mouse select pathToRoot pop: target:, , , 42,200972,4,-102 

Level: Info
Date: 2023-09-20 18:05:07 
File: D:\Projects\Github\NewInspect\NewInspect\Automation\Util.cs
Line: 128
Data:mouse select pathToRoot pop: target:, , , 42,200972,4,-9298 

Level: Info
Date: 2023-09-20 18:05:07 
File: D:\Projects\Github\NewInspect\NewInspect\Automation\Util.cs
Line: 128
Data:mouse select pathToRoot pop: target:, , , 42,200972,4,-9318 

Level: Info
Date: 2023-09-20 18:05:07 
File: D:\Projects\Github\NewInspect\NewInspect\Automation\Util.cs
Line: 128
Data:mouse select pathToRoot pop: target:深圳本地宝, , , 42,200972,4,-9320 

Level: Info
Date: 2023-09-20 18:05:07 
File: D:\Projects\Github\NewInspect\NewInspect\Automation\HightLight.cs
Line: 114
Data:mouse select end: element name 深圳本地宝

Level: Info
Date: 2023-09-20 18:05:09 
File: D:\Projects\Github\NewInspect\NewInspect\Automation\HightLight.cs
Line: 93
Data:time elapsed, flag:True, x:2235, y: 662

Level: Info
Date: 2023-09-20 18:05:11 
File: D:\Projects\Github\NewInspect\NewInspect\Automation\HightLight.cs
Line: 93
Data:time elapsed, flag:True, x:2390, y: 662

Level: Info
Date: 2023-09-20 18:05:11 
File: D:\Projects\Github\NewInspect\NewInspect\Automation\HightLight.cs
Line: 109
Data:mouse select start: element name 程序员头条

Level: Info
Date: 2023-09-20 18:05:11 
File: D:\Projects\Github\NewInspect\NewInspect\Automation\Util.cs
Line: 117
Data:mouse select pathToRoot count:11, target:程序员头条, ,  

Level: Info
Date: 2023-09-20 18:05:11 
File: D:\Projects\Github\NewInspect\NewInspect\Automation\Util.cs
Line: 128
Data:mouse select pathToRoot pop: target:微信, WeChatMainWndForPC, , 42,397470 

Level: Info
Date: 2023-09-20 18:05:11 
File: D:\Projects\Github\NewInspect\NewInspect\Automation\Util.cs
Line: 128
Data:mouse select pathToRoot pop: target:CWebviewHostWnd, CWebviewControlHostWnd, , 42,135404 

Level: Info
Date: 2023-09-20 18:05:11 
File: D:\Projects\Github\NewInspect\NewInspect\Automation\Util.cs
Line: 128
Data:mouse select pathToRoot pop: target:, Chrome_WidgetWin_0, , 42,200942 

Level: Info
Date: 2023-09-20 18:05:11 
File: D:\Projects\Github\NewInspect\NewInspect\Automation\Util.cs
Line: 128
Data:mouse select pathToRoot pop: target:, Chrome_RenderWidgetHostHWND, 14386112, 42,200972,4,-92 

Level: Info
Date: 2023-09-20 18:05:11 
File: D:\Projects\Github\NewInspect\NewInspect\Automation\Util.cs
Line: 128
Data:mouse select pathToRoot pop: target:, , , 42,200972,4,-95 

Level: Info
Date: 2023-09-20 18:05:11 
File: D:\Projects\Github\NewInspect\NewInspect\Automation\Util.cs
Line: 128
Data:mouse select pathToRoot pop: target:, , , 42,200972,4,-96 

Level: Info
Date: 2023-09-20 18:05:11 
File: D:\Projects\Github\NewInspect\NewInspect\Automation\Util.cs
Line: 128
Data:mouse select pathToRoot pop: target:, , , 42,200972,4,-97 

Level: Info
Date: 2023-09-20 18:05:11 
File: D:\Projects\Github\NewInspect\NewInspect\Automation\Util.cs
Line: 128
Data:mouse select pathToRoot pop: target:, , , 42,200972,4,-102 

Level: Info
Date: 2023-09-20 18:05:11 
File: D:\Projects\Github\NewInspect\NewInspect\Automation\Util.cs
Line: 128
Data:mouse select pathToRoot pop: target:, , , 42,200972,4,-9299 

Level: Info
Date: 2023-09-20 18:05:11 
File: D:\Projects\Github\NewInspect\NewInspect\Automation\Util.cs
Line: 128
Data:mouse select pathToRoot pop: target:, , , 42,200972,4,-9322 

Level: Info
Date: 2023-09-20 18:05:11 
File: D:\Projects\Github\NewInspect\NewInspect\Automation\Util.cs
Line: 128
Data:mouse select pathToRoot pop: target:程序员头条, , , 42,200972,4,-9324 

Level: Info
Date: 2023-09-20 18:05:11 
File: D:\Projects\Github\NewInspect\NewInspect\Automation\HightLight.cs
Line: 114
Data:mouse select end: element name 程序员头条

Level: Info
Date: 2023-09-20 18:05:13 
File: D:\Projects\Github\NewInspect\NewInspect\Automation\HightLight.cs
Line: 93
Data:time elapsed, flag:True, x:2390, y: 662

Level: Info
Date: 2023-09-20 18:05:15 
File: D:\Projects\Github\NewInspect\NewInspect\Automation\HightLight.cs
Line: 93
Data:time elapsed, flag:True, x:2529, y: 662

Level: Info
Date: 2023-09-20 18:05:15 
File: D:\Projects\Github\NewInspect\NewInspect\Automation\HightLight.cs
Line: 109
Data:mouse select start: element name 深圳交通

Level: Info
Date: 2023-09-20 18:05:15 
File: D:\Projects\Github\NewInspect\NewInspect\Automation\Util.cs
Line: 117
Data:mouse select pathToRoot count:11, target:深圳交通, ,  

Level: Info
Date: 2023-09-20 18:05:15 
File: D:\Projects\Github\NewInspect\NewInspect\Automation\Util.cs
Line: 128
Data:mouse select pathToRoot pop: target:微信, WeChatMainWndForPC, , 42,397470 

Level: Info
Date: 2023-09-20 18:05:15 
File: D:\Projects\Github\NewInspect\NewInspect\Automation\Util.cs
Line: 128
Data:mouse select pathToRoot pop: target:CWebviewHostWnd, CWebviewControlHostWnd, , 42,135404 

Level: Info
Date: 2023-09-20 18:05:15 
File: D:\Projects\Github\NewInspect\NewInspect\Automation\Util.cs
Line: 128
Data:mouse select pathToRoot pop: target:, Chrome_WidgetWin_0, , 42,200942 

Level: Info
Date: 2023-09-20 18:05:15 
File: D:\Projects\Github\NewInspect\NewInspect\Automation\Util.cs
Line: 128
Data:mouse select pathToRoot pop: target:, Chrome_RenderWidgetHostHWND, 14386112, 42,200972,4,-92 

Level: Info
Date: 2023-09-20 18:05:15 
File: D:\Projects\Github\NewInspect\NewInspect\Automation\Util.cs
Line: 128
Data:mouse select pathToRoot pop: target:, , , 42,200972,4,-95 

Level: Info
Date: 2023-09-20 18:05:15 
File: D:\Projects\Github\NewInspect\NewInspect\Automation\Util.cs
Line: 128
Data:mouse select pathToRoot pop: target:, , , 42,200972,4,-96 

Level: Info
Date: 2023-09-20 18:05:15 
File: D:\Projects\Github\NewInspect\NewInspect\Automation\Util.cs
Line: 128
Data:mouse select pathToRoot pop: target:, , , 42,200972,4,-97 

Level: Info
Date: 2023-09-20 18:05:15 
File: D:\Projects\Github\NewInspect\NewInspect\Automation\Util.cs
Line: 128
Data:mouse select pathToRoot pop: target:, , , 42,200972,4,-102 

Level: Info
Date: 2023-09-20 18:05:15 
File: D:\Projects\Github\NewInspect\NewInspect\Automation\Util.cs
Line: 128
Data:mouse select pathToRoot pop: target:, , , 42,200972,4,-111 

Level: Info
Date: 2023-09-20 18:05:15 
File: D:\Projects\Github\NewInspect\NewInspect\Automation\Util.cs
Line: 128
Data:mouse select pathToRoot pop: target:, , , 42,200972,4,-139 

Level: Info
Date: 2023-09-20 18:05:15 
File: D:\Projects\Github\NewInspect\NewInspect\Automation\Util.cs
Line: 128
Data:mouse select pathToRoot pop: target:深圳交通, , , 42,200972,4,-142 

Level: Info
Date: 2023-09-20 18:05:15 
File: D:\Projects\Github\NewInspect\NewInspect\Automation\HightLight.cs
Line: 114
Data:mouse select end: element name 深圳交通

Level: Info
Date: 2023-09-20 18:05:17 
File: D:\Projects\Github\NewInspect\NewInspect\Automation\HightLight.cs
Line: 93
Data:time elapsed, flag:True, x:1037, y: 695

Level: Info
Date: 2023-09-20 18:05:17 
File: D:\Projects\Github\NewInspect\NewInspect\Automation\HightLight.cs
Line: 109
Data:mouse select start: element name 

Level: Info
Date: 2023-09-20 18:05:17 
File: D:\Projects\Github\NewInspect\NewInspect\Automation\Util.cs
Line: 117
Data:mouse select pathToRoot count:2, target:, Window,  

Level: Info
Date: 2023-09-20 18:05:17 
File: D:\Projects\Github\NewInspect\NewInspect\Automation\Util.cs
Line: 128
Data:mouse select pathToRoot pop: target:MainWindow, Window, , 42,1839410 

Level: Info
Date: 2023-09-20 18:05:17 
File: D:\Projects\Github\NewInspect\NewInspect\Automation\Util.cs
Line: 128
Data:mouse select pathToRoot pop: target:, Window, , 42,527286 

Level: Info
Date: 2023-09-20 18:05:19 
File: D:\Projects\Github\NewInspect\NewInspect\Automation\HightLight.cs
Line: 93
Data:time elapsed, flag:False, x:-2458, y: 630

