Level: Info
Date: 2023-09-20 14:55:14 
File: D:\Projects\Github\NewInspect\NewInspect\MainWindow.xaml.cs
Line: 37
Data:MainWindow Setup

Level: Info
Date: 2023-09-20 14:55:31 
File: D:\Projects\Github\NewInspect\NewInspect\Automation\HightLight.cs
Line: 93
Data:time elapsed, flag:True, x:1639, y: 804

Level: Info
Date: 2023-09-20 14:55:31 
File: D:\Projects\Github\NewInspect\NewInspect\Automation\HightLight.cs
Line: 109
Data:mouse select start: element name 微信

Level: Info
Date: 2023-09-20 14:55:31 
File: D:\Projects\Github\NewInspect\NewInspect\Automation\Util.cs
Line: 89
Data:mouse select pathToRoot count:1

Level: Info
Date: 2023-09-20 14:55:31 
File: D:\Projects\Github\NewInspect\NewInspect\Automation\Util.cs
Line: 99
Data:mouse select pathToRoot pop: 微信

Level: Info
Date: 2023-09-20 14:55:31 
File: D:\Projects\Github\NewInspect\NewInspect\Automation\HightLight.cs
Line: 114
Data:mouse select end: element name 微信

Level: Info
Date: 2023-09-20 14:55:33 
File: D:\Projects\Github\NewInspect\NewInspect\Automation\HightLight.cs
Line: 93
Data:time elapsed, flag:True, x:1639, y: 813

Level: Info
Date: 2023-09-20 14:55:33 
File: D:\Projects\Github\NewInspect\NewInspect\Automation\HightLight.cs
Line: 109
Data:mouse select start: element name 微信

Level: Info
Date: 2023-09-20 14:55:33 
File: D:\Projects\Github\NewInspect\NewInspect\Automation\Util.cs
Line: 89
Data:mouse select pathToRoot count:1

Level: Info
Date: 2023-09-20 14:55:33 
File: D:\Projects\Github\NewInspect\NewInspect\Automation\Util.cs
Line: 99
Data:mouse select pathToRoot pop: 微信

Level: Info
Date: 2023-09-20 14:55:33 
File: D:\Projects\Github\NewInspect\NewInspect\Automation\HightLight.cs
Line: 114
Data:mouse select end: element name 微信

Level: Info
Date: 2023-09-20 14:55:35 
File: D:\Projects\Github\NewInspect\NewInspect\Automation\HightLight.cs
Line: 93
Data:time elapsed, flag:True, x:1639, y: 828

Level: Info
Date: 2023-09-20 14:55:35 
File: D:\Projects\Github\NewInspect\NewInspect\Automation\HightLight.cs
Line: 109
Data:mouse select start: element name 微信

Level: Info
Date: 2023-09-20 14:55:35 
File: D:\Projects\Github\NewInspect\NewInspect\Automation\Util.cs
Line: 89
Data:mouse select pathToRoot count:1

Level: Info
Date: 2023-09-20 14:55:35 
File: D:\Projects\Github\NewInspect\NewInspect\Automation\Util.cs
Line: 99
Data:mouse select pathToRoot pop: 微信

Level: Info
Date: 2023-09-20 14:55:35 
File: D:\Projects\Github\NewInspect\NewInspect\Automation\HightLight.cs
Line: 114
Data:mouse select end: element name 微信

Level: Info
Date: 2023-09-20 14:55:37 
File: D:\Projects\Github\NewInspect\NewInspect\Automation\HightLight.cs
Line: 93
Data:time elapsed, flag:True, x:1639, y: 828

Level: Info
Date: 2023-09-20 14:55:37 
File: D:\Projects\Github\NewInspect\NewInspect\Automation\HightLight.cs
Line: 109
Data:mouse select start: element name 微信

Level: Info
Date: 2023-09-20 14:55:37 
File: D:\Projects\Github\NewInspect\NewInspect\Automation\Util.cs
Line: 89
Data:mouse select pathToRoot count:1

Level: Info
Date: 2023-09-20 14:55:37 
File: D:\Projects\Github\NewInspect\NewInspect\Automation\Util.cs
Line: 99
Data:mouse select pathToRoot pop: 微信

Level: Info
Date: 2023-09-20 14:55:37 
File: D:\Projects\Github\NewInspect\NewInspect\Automation\HightLight.cs
Line: 114
Data:mouse select end: element name 微信

Level: Info
Date: 2023-09-20 14:55:39 
File: D:\Projects\Github\NewInspect\NewInspect\Automation\HightLight.cs
Line: 93
Data:time elapsed, flag:True, x:1639, y: 828

Level: Info
Date: 2023-09-20 14:55:39 
File: D:\Projects\Github\NewInspect\NewInspect\Automation\HightLight.cs
Line: 109
Data:mouse select start: element name 微信

Level: Info
Date: 2023-09-20 14:55:39 
File: D:\Projects\Github\NewInspect\NewInspect\Automation\Util.cs
Line: 89
Data:mouse select pathToRoot count:1

Level: Info
Date: 2023-09-20 14:55:39 
File: D:\Projects\Github\NewInspect\NewInspect\Automation\Util.cs
Line: 99
Data:mouse select pathToRoot pop: 微信

Level: Info
Date: 2023-09-20 14:55:39 
File: D:\Projects\Github\NewInspect\NewInspect\Automation\HightLight.cs
Line: 114
Data:mouse select end: element name 微信

Level: Info
Date: 2023-09-20 14:55:41 
File: D:\Projects\Github\NewInspect\NewInspect\Automation\HightLight.cs
Line: 93
Data:time elapsed, flag:True, x:1639, y: 828

Level: Info
Date: 2023-09-20 14:55:41 
File: D:\Projects\Github\NewInspect\NewInspect\Automation\HightLight.cs
Line: 109
Data:mouse select start: element name 微信

Level: Info
Date: 2023-09-20 14:55:41 
File: D:\Projects\Github\NewInspect\NewInspect\Automation\Util.cs
Line: 89
Data:mouse select pathToRoot count:1

Level: Info
Date: 2023-09-20 14:55:41 
File: D:\Projects\Github\NewInspect\NewInspect\Automation\Util.cs
Line: 99
Data:mouse select pathToRoot pop: 微信

Level: Info
Date: 2023-09-20 14:55:41 
File: D:\Projects\Github\NewInspect\NewInspect\Automation\HightLight.cs
Line: 114
Data:mouse select end: element name 微信

Level: Info
Date: 2023-09-20 14:55:43 
File: D:\Projects\Github\NewInspect\NewInspect\Automation\HightLight.cs
Line: 93
Data:time elapsed, flag:True, x:1498, y: 1037

Level: Info
Date: 2023-09-20 14:55:43 
File: D:\Projects\Github\NewInspect\NewInspect\Automation\HightLight.cs
Line: 109
Data:mouse select start: element name 微信

Level: Info
Date: 2023-09-20 14:55:43 
File: D:\Projects\Github\NewInspect\NewInspect\Automation\Util.cs
Line: 89
Data:mouse select pathToRoot count:1

Level: Info
Date: 2023-09-20 14:55:43 
File: D:\Projects\Github\NewInspect\NewInspect\Automation\Util.cs
Line: 99
Data:mouse select pathToRoot pop: 微信

Level: Info
Date: 2023-09-20 14:55:43 
File: D:\Projects\Github\NewInspect\NewInspect\Automation\HightLight.cs
Line: 114
Data:mouse select end: element name 微信

Level: Info
Date: 2023-09-20 14:55:45 
File: D:\Projects\Github\NewInspect\NewInspect\Automation\HightLight.cs
Line: 93
Data:time elapsed, flag:True, x:1124, y: 261

Level: Info
Date: 2023-09-20 14:55:45 
File: D:\Projects\Github\NewInspect\NewInspect\Automation\HightLight.cs
Line: 109
Data:mouse select start: element name 

Level: Info
Date: 2023-09-20 14:55:45 
File: D:\Projects\Github\NewInspect\NewInspect\Automation\Util.cs
Line: 89
Data:mouse select pathToRoot count:2

Level: Info
Date: 2023-09-20 14:55:45 
File: D:\Projects\Github\NewInspect\NewInspect\Automation\Util.cs
Line: 99
Data:mouse select pathToRoot pop: MainWindow

Level: Info
Date: 2023-09-20 14:55:45 
File: D:\Projects\Github\NewInspect\NewInspect\Automation\Util.cs
Line: 99
Data:mouse select pathToRoot pop: 

Level: Info
Date: 2023-09-20 14:55:45 
File: D:\Projects\Github\NewInspect\NewInspect\Automation\HightLight.cs
Line: 114
Data:mouse select end: element name 

Level: Info
Date: 2023-09-20 14:55:47 
File: D:\Projects\Github\NewInspect\NewInspect\Automation\HightLight.cs
Line: 93
Data:time elapsed, flag:True, x:1367, y: 104

Level: Info
Date: 2023-09-20 14:55:47 
File: D:\Projects\Github\NewInspect\NewInspect\Automation\HightLight.cs
Line: 109
Data:mouse select start: element name 

Level: Info
Date: 2023-09-20 14:55:47 
File: D:\Projects\Github\NewInspect\NewInspect\Automation\Util.cs
Line: 89
Data:mouse select pathToRoot count:5

Level: Info
Date: 2023-09-20 14:55:47 
File: D:\Projects\Github\NewInspect\NewInspect\Automation\Util.cs
Line: 99
Data:mouse select pathToRoot pop: NewInspect (正在运行) - Microsoft Visual Studio(管理员)

Level: Info
Date: 2023-09-20 14:55:47 
File: D:\Projects\Github\NewInspect\NewInspect\Automation\Util.cs
Line: 99
Data:mouse select pathToRoot pop: ToolBarDockTop

Level: Info
Date: 2023-09-20 14:55:47 
File: D:\Projects\Github\NewInspect\NewInspect\Automation\Util.cs
Line: 99
Data:mouse select pathToRoot pop: 调试

Level: Info
Date: 2023-09-20 14:55:47 
File: D:\Projects\Github\NewInspect\NewInspect\Automation\Util.cs
Line: 99
Data:mouse select pathToRoot pop: 停止调试(&E)

Level: Info
Date: 2023-09-20 14:55:47 
File: D:\Projects\Github\NewInspect\NewInspect\Automation\Util.cs
Line: 99
Data:mouse select pathToRoot pop: 

Level: Info
Date: 2023-09-20 14:55:47 
File: D:\Projects\Github\NewInspect\NewInspect\Automation\HightLight.cs
Line: 114
Data:mouse select end: element name 

