Level: Info
Date: 2023-09-20 18:03:01 
File: D:\Projects\Github\NewInspect\NewInspect\MainWindow.xaml.cs
Line: 38
Data:MainWindow Setup

Level: Info
Date: 2023-09-20 18:03:09 
File: D:\Projects\Github\NewInspect\NewInspect\Automation\HightLight.cs
Line: 93
Data:time elapsed, flag:True, x:1925, y: 655

Level: Info
Date: 2023-09-20 18:03:09 
File: D:\Projects\Github\NewInspect\NewInspect\Automation\HightLight.cs
Line: 109
Data:mouse select start: element name 高州论坛

Level: Info
Date: 2023-09-20 18:03:09 
File: D:\Projects\Github\NewInspect\NewInspect\Automation\Util.cs
Line: 117
Data:mouse select pathToRoot count:11, target:高州论坛, ,  

Level: Info
Date: 2023-09-20 18:03:09 
File: D:\Projects\Github\NewInspect\NewInspect\Automation\Util.cs
Line: 128
Data:mouse select pathToRoot pop: target:微信, WeChatMainWndForPC, , 42,397470 

Level: Info
Date: 2023-09-20 18:03:10 
File: D:\Projects\Github\NewInspect\NewInspect\Automation\Util.cs
Line: 128
Data:mouse select pathToRoot pop: target:CWebviewHostWnd, CWebviewControlHostWnd, , 42,135404 

Level: Info
Date: 2023-09-20 18:03:10 
File: D:\Projects\Github\NewInspect\NewInspect\Automation\Util.cs
Line: 128
Data:mouse select pathToRoot pop: target:, Chrome_WidgetWin_0, , 42,200942 

Level: Info
Date: 2023-09-20 18:03:10 
File: D:\Projects\Github\NewInspect\NewInspect\Automation\Util.cs
Line: 128
Data:mouse select pathToRoot pop: target:, Chrome_RenderWidgetHostHWND, 14386112, 42,200972,4,-92 

Level: Info
Date: 2023-09-20 18:03:10 
File: D:\Projects\Github\NewInspect\NewInspect\Automation\Util.cs
Line: 128
Data:mouse select pathToRoot pop: target:, , , 42,200972,4,-95 

Level: Info
Date: 2023-09-20 18:03:10 
File: D:\Projects\Github\NewInspect\NewInspect\Automation\Util.cs
Line: 128
Data:mouse select pathToRoot pop: target:, , , 42,200972,4,-96 

Level: Info
Date: 2023-09-20 18:03:10 
File: D:\Projects\Github\NewInspect\NewInspect\Automation\Util.cs
Line: 128
Data:mouse select pathToRoot pop: target:, , , 42,200972,4,-97 

Level: Info
Date: 2023-09-20 18:03:11 
File: D:\Projects\Github\NewInspect\NewInspect\Automation\Util.cs
Line: 128
Data:mouse select pathToRoot pop: target:, , , 42,200972,4,-102 

Level: Info
Date: 2023-09-20 18:03:11 
File: D:\Projects\Github\NewInspect\NewInspect\Automation\Util.cs
Line: 128
Data:mouse select pathToRoot pop: target:, , , 42,200972,4,-9294 

Level: Info
Date: 2023-09-20 18:03:11 
File: D:\Projects\Github\NewInspect\NewInspect\Automation\Util.cs
Line: 128
Data:mouse select pathToRoot pop: target:, , , 42,200972,4,-9302 

Level: Info
Date: 2023-09-20 18:03:11 
File: D:\Projects\Github\NewInspect\NewInspect\Automation\Util.cs
Line: 128
Data:mouse select pathToRoot pop: target:高州论坛, , , 42,200972,4,-9304 

Level: Info
Date: 2023-09-20 18:03:16 
File: D:\Projects\Github\NewInspect\NewInspect\Automation\HightLight.cs
Line: 93
Data:time elapsed, flag:False, x:-2260, y: 624

