Level: Info
Date: 2023-09-20 16:04:33 
File: D:\Projects\Github\NewInspect\NewInspect\MainWindow.xaml.cs
Line: 37
Data:MainWindow Setup

Level: Info
Date: 2023-09-20 16:04:40 
File: D:\Projects\Github\NewInspect\NewInspect\Automation\HightLight.cs
Line: 93
Data:time elapsed, flag:True, x:1776, y: 630

Level: Info
Date: 2023-09-20 16:04:40 
File: D:\Projects\Github\NewInspect\NewInspect\Automation\HightLight.cs
Line: 109
Data:mouse select start: element name 六点半

Level: Info
Date: 2023-09-20 16:04:40 
File: D:\Projects\Github\NewInspect\NewInspect\Automation\Util.cs
Line: 90
Data:mouse select pathToRoot count:11

Level: Info
Date: 2023-09-20 16:04:40 
File: D:\Projects\Github\NewInspect\NewInspect\Automation\Util.cs
Line: 101
Data:mouse select pathToRoot pop: 微信

Level: Info
Date: 2023-09-20 16:04:40 
File: D:\Projects\Github\NewInspect\NewInspect\Automation\Util.cs
Line: 101
Data:mouse select pathToRoot pop: CWebviewHostWnd

Level: Info
Date: 2023-09-20 16:04:40 
File: D:\Projects\Github\NewInspect\NewInspect\Automation\Util.cs
Line: 101
Data:mouse select pathToRoot pop: 

Level: Info
Date: 2023-09-20 16:04:40 
File: D:\Projects\Github\NewInspect\NewInspect\Automation\Util.cs
Line: 101
Data:mouse select pathToRoot pop: 

Level: Info
Date: 2023-09-20 16:04:40 
File: D:\Projects\Github\NewInspect\NewInspect\Automation\Util.cs
Line: 101
Data:mouse select pathToRoot pop: 

Level: Info
Date: 2023-09-20 16:04:42 
File: D:\Projects\Github\NewInspect\NewInspect\Automation\HightLight.cs
Line: 93
Data:time elapsed, flag:False, x:1765, y: 630

Level: Info
Date: 2023-09-20 16:04:43 
File: D:\Projects\Github\NewInspect\NewInspect\Automation\Util.cs
Line: 109
Data:mouse select find element fail

Level: Info
Date: 2023-09-20 16:04:43 
File: D:\Projects\Github\NewInspect\NewInspect\Automation\HightLight.cs
Line: 114
Data:mouse select end: element name 六点半

Level: Info
Date: 2023-09-20 16:04:44 
File: D:\Projects\Github\NewInspect\NewInspect\Automation\HightLight.cs
Line: 93
Data:time elapsed, flag:True, x:1370, y: 13

Level: Info
Date: 2023-09-20 16:04:44 
File: D:\Projects\Github\NewInspect\NewInspect\Automation\HightLight.cs
Line: 109
Data:mouse select start: element name Text Editor

Level: Info
Date: 2023-09-20 16:04:44 
File: D:\Projects\Github\NewInspect\NewInspect\Automation\Util.cs
Line: 90
Data:mouse select pathToRoot count:8

Level: Info
Date: 2023-09-20 16:04:44 
File: D:\Projects\Github\NewInspect\NewInspect\Automation\Util.cs
Line: 101
Data:mouse select pathToRoot pop: NewInspect (正在运行) - Microsoft Visual Studio(管理员)

Level: Info
Date: 2023-09-20 16:04:44 
File: D:\Projects\Github\NewInspect\NewInspect\Automation\Util.cs
Line: 101
Data:mouse select pathToRoot pop: 

Level: Info
Date: 2023-09-20 16:04:44 
File: D:\Projects\Github\NewInspect\NewInspect\Automation\Util.cs
Line: 101
Data:mouse select pathToRoot pop: 

Level: Info
Date: 2023-09-20 16:04:44 
File: D:\Projects\Github\NewInspect\NewInspect\Automation\Util.cs
Line: 101
Data:mouse select pathToRoot pop: MainWindow.xaml.cs

Level: Info
Date: 2023-09-20 16:04:44 
File: D:\Projects\Github\NewInspect\NewInspect\Automation\Util.cs
Line: 101
Data:mouse select pathToRoot pop: MainWindow.xaml.cs

Level: Info
Date: 2023-09-20 16:04:44 
File: D:\Projects\Github\NewInspect\NewInspect\Automation\Util.cs
Line: 101
Data:mouse select pathToRoot pop: MainWindow.xaml.cs

Level: Info
Date: 2023-09-20 16:04:44 
File: D:\Projects\Github\NewInspect\NewInspect\Automation\Util.cs
Line: 101
Data:mouse select pathToRoot pop: 

Level: Info
Date: 2023-09-20 16:04:44 
File: D:\Projects\Github\NewInspect\NewInspect\Automation\Util.cs
Line: 101
Data:mouse select pathToRoot pop: Text Editor

Level: Info
Date: 2023-09-20 16:04:44 
File: D:\Projects\Github\NewInspect\NewInspect\Automation\HightLight.cs
Line: 114
Data:mouse select end: element name Text Editor

