Level: Info
Date: 2023-09-20 18:40:44 
File: D:\Projects\Github\NewInspect\NewInspect\MainWindow.xaml.cs
Line: 41
Data:MainWindow Setup

Level: Info
Date: 2023-09-20 18:40:55 
File: D:\Projects\Github\NewInspect\NewInspect\Automation\HightLight.cs
Line: 96
Data:time elapsed..

Level: Error
Date: 2023-09-20 18:40:56 
File: D:\Projects\Github\NewInspect\NewInspect\Automation\HightLight.cs
Line: 130
Data:调用线程无法访问此对象，因为另一个线程拥有该对象。

Level: Info
Date: 2023-09-20 18:40:57 
File: D:\Projects\Github\NewInspect\NewInspect\Automation\HightLight.cs
Line: 96
Data:time elapsed..

Level: Error
Date: 2023-09-20 18:40:57 
File: D:\Projects\Github\NewInspect\NewInspect\Automation\HightLight.cs
Line: 130
Data:调用线程无法访问此对象，因为另一个线程拥有该对象。

Level: Info
Date: 2023-09-20 18:40:59 
File: D:\Projects\Github\NewInspect\NewInspect\Automation\HightLight.cs
Line: 96
Data:time elapsed..

Level: Error
Date: 2023-09-20 18:41:00 
File: D:\Projects\Github\NewInspect\NewInspect\Automation\HightLight.cs
Line: 130
Data:调用线程无法访问此对象，因为另一个线程拥有该对象。

Level: Info
Date: 2023-09-20 18:41:01 
File: D:\Projects\Github\NewInspect\NewInspect\Automation\HightLight.cs
Line: 96
Data:time elapsed..

Level: Error
Date: 2023-09-20 18:41:01 
File: D:\Projects\Github\NewInspect\NewInspect\Automation\HightLight.cs
Line: 130
Data:调用线程无法访问此对象，因为另一个线程拥有该对象。

Level: Info
Date: 2023-09-20 18:41:03 
File: D:\Projects\Github\NewInspect\NewInspect\Automation\HightLight.cs
Line: 96
Data:time elapsed..

Level: Error
Date: 2023-09-20 18:41:03 
File: D:\Projects\Github\NewInspect\NewInspect\Automation\HightLight.cs
Line: 130
Data:调用线程无法访问此对象，因为另一个线程拥有该对象。

Level: Info
Date: 2023-09-20 18:41:05 
File: D:\Projects\Github\NewInspect\NewInspect\Automation\HightLight.cs
Line: 96
Data:time elapsed..

Level: Info
Date: 2023-09-20 18:41:10 
File: D:\Projects\Github\NewInspect\NewInspect\Automation\HightLight.cs
Line: 96
Data:time elapsed..

