Level: Info
Date: 2023-09-20 18:10:01 
File: D:\Projects\Github\NewInspect\NewInspect\MainWindow.xaml.cs
Line: 38
Data:MainWindow Setup

Level: Info
Date: 2023-09-20 18:10:08 
File: D:\Projects\Github\NewInspect\NewInspect\Automation\HightLight.cs
Line: 93
Data:time elapsed, flag:True, x:2233, y: 669

Level: Info
Date: 2023-09-20 18:10:08 
File: D:\Projects\Github\NewInspect\NewInspect\Automation\HightLight.cs
Line: 109
Data:mouse select start: element name 深圳本地宝

Level: Info
Date: 2023-09-20 18:10:09 
File: D:\Projects\Github\NewInspect\NewInspect\Automation\Util.cs
Line: 154
Data:time span 1.7088808

Level: Info
Date: 2023-09-20 18:10:09 
File: D:\Projects\Github\NewInspect\NewInspect\Automation\HightLight.cs
Line: 114
Data:mouse select end: element name 深圳本地宝

Level: Info
Date: 2023-09-20 18:10:10 
File: D:\Projects\Github\NewInspect\NewInspect\Automation\HightLight.cs
Line: 93
Data:time elapsed, flag:True, x:2233, y: 669

Level: Info
Date: 2023-09-20 18:10:12 
File: D:\Projects\Github\NewInspect\NewInspect\Automation\HightLight.cs
Line: 93
Data:time elapsed, flag:True, x:427, y: 390

Level: Info
Date: 2023-09-20 18:10:12 
File: D:\Projects\Github\NewInspect\NewInspect\Automation\HightLight.cs
Line: 109
Data:mouse select start: element name 

